<?xml version="1.0" encoding="UTF-8"?>
<!-- Generated by org.testng.reporters.JUnitReportReporter -->
<testsuite hostname="LAPTOP-KFKBTHVD" name="tests.Google_Search_Test" tests="1" failures="0" timestamp="25 Dec 2016 03:14:06 GMT" time="9.578" errors="0">
  <testcase name="searchGoogle" time="9.578" classname="tests.Google_Search_Test"/>
</testsuite> <!-- tests.Google_Search_Test -->
