<?xml version="1.0" encoding="UTF-8"?>
<!-- Generated by org.testng.reporters.JUnitReportReporter -->
<testsuite hostname="LAPTOP-KFKBTHVD" name="tests.AddCustomer_Test2" tests="1" failures="0" timestamp="24 Dec 2016 23:40:39 GMT" time="0.550" errors="0">
  <testcase name="addCustomer" time="0.550" classname="tests.AddCustomer_Test2"/>
</testsuite> <!-- tests.AddCustomer_Test2 -->
