<?xml version="1.0" encoding="UTF-8"?>
<!-- Generated by org.testng.reporters.JUnitReportReporter -->
<testsuite hostname="LAPTOP-KFKBTHVD" name="testNG_Examples.Sample_Class" tests="1" failures="0" timestamp="10 Mar 2018 19:31:25 GMT" time="0.001" errors="0">
  <testcase name="samples_1" time="0.001" classname="testNG_Examples.Sample_Class"/>
</testsuite>
