<?xml version="1.0" encoding="UTF-8"?>
<!-- Generated by org.testng.reporters.JUnitReportReporter -->
<testsuite hostname="LAPTOP-KFKBTHVD" name="testNG_Examples.ParameterizedTest" tests="1" failures="0" timestamp="13 Mar 2018 01:02:23 GMT" time="0.018" errors="0">
  <testcase name="parameterTest" time="0.018" classname="testNG_Examples.ParameterizedTest"/>
</testsuite>
