<?xml version="1.0" encoding="UTF-8"?>
<!-- Generated by org.testng.reporters.JUnitReportReporter -->
<testsuite hostname="LAPTOP-KFKBTHVD" name="testNG_Examples.Group_Test" tests="3" failures="0" timestamp="13 Mar 2018 00:54:29 GMT" time="0.013" errors="0">
  <testcase name="Car1" time="0.009" classname="testNG_Examples.Group_Test"/>
  <testcase name="Sedan1" time="0.002" classname="testNG_Examples.Group_Test"/>
  <testcase name="Car2" time="0.002" classname="testNG_Examples.Group_Test"/>
</testsuite>
