<?xml version="1.0" encoding="UTF-8"?>
<!-- Generated by org.testng.reporters.JUnitReportReporter -->
<testsuite hostname="LAPTOP-KFKBTHVD" name="stepDefinition.EA_StepDef" tests="3" failures="0" timestamp="18 Feb 2018 03:23:58 GMT" time="5.398" errors="0">
  <testcase name="EA_StepDef1" time="3.445" classname="stepDefinition.EA_StepDef"/>
  <testcase name="perform" time="0.421" classname="stepDefinition.EA_StepDef"/>
  <testcase name="Login" time="1.532" classname="stepDefinition.EA_StepDef"/>
</testsuite>
