<?xml version="1.0" encoding="UTF-8"?>
<!-- Generated by org.testng.reporters.JUnitReportReporter -->
<testsuite hostname="LAPTOP-KFKBTHVD" name="testNG_Examples.PriorityTest" tests="5" failures="0" timestamp="13 Mar 2018 01:03:42 GMT" time="0.028" errors="0">
  <testcase name="test2" time="0.002" classname="testNG_Examples.PriorityTest"/>
  <testcase name="test3" time="0.001" classname="testNG_Examples.PriorityTest"/>
  <testcase name="test1" time="0.001" classname="testNG_Examples.PriorityTest"/>
  <testcase name="test4" time="0.018" classname="testNG_Examples.PriorityTest"/>
  <testcase name="test5" time="0.006" classname="testNG_Examples.PriorityTest"/>
</testsuite>
