<?xml version="1.0" encoding="UTF-8"?>
<!-- Generated by org.testng.reporters.JUnitReportReporter -->
<testsuite hostname="LAPTOP-KFKBTHVD" name="stepDefinition.Practice_Automation_ToolsQA_Repo" tests="12" failures="0" timestamp="17 Mar 2018 23:50:48 GMT" time="17.658" errors="0">
  <testcase name="selectYearsOfExperience" time="0.066" classname="stepDefinition.Practice_Automation_ToolsQA_Repo"/>
  <testcase name="LaunchBrowser" time="9.658" classname="stepDefinition.Practice_Automation_ToolsQA_Repo"/>
  <testcase name="selectSeleniumCommands" time="0.335" classname="stepDefinition.Practice_Automation_ToolsQA_Repo"/>
  <testcase name="downLoadFile" time="4.474" classname="stepDefinition.Practice_Automation_ToolsQA_Repo"/>
  <testcase name="selectContinents" time="0.145" classname="stepDefinition.Practice_Automation_ToolsQA_Repo"/>
  <testcase name="setFirstName" time="0.114" classname="stepDefinition.Practice_Automation_ToolsQA_Repo"/>
  <testcase name="selectSex" time="0.070" classname="stepDefinition.Practice_Automation_ToolsQA_Repo"/>
  <testcase name="selectProfession" time="0.190" classname="stepDefinition.Practice_Automation_ToolsQA_Repo"/>
  <testcase name="selectAutomationTool" time="0.097" classname="stepDefinition.Practice_Automation_ToolsQA_Repo"/>
  <testcase name="setDate" time="0.171" classname="stepDefinition.Practice_Automation_ToolsQA_Repo"/>
  <testcase name="setLastName" time="0.063" classname="stepDefinition.Practice_Automation_ToolsQA_Repo"/>
  <testcase name="upLoadFile" time="2.275" classname="stepDefinition.Practice_Automation_ToolsQA_Repo"/>
</testsuite>
