<?xml version="1.0" encoding="UTF-8"?>
<!-- Generated by org.testng.reporters.JUnitReportReporter -->
<testsuite hostname="LAPTOP-KFKBTHVD" name="testNG_Examples.DependencyTest" tests="2" failures="0" timestamp="13 Mar 2018 00:59:08 GMT" time="0.022" errors="0">
  <testcase name="method1" time="0.002" classname="testNG_Examples.DependencyTest"/>
  <testcase name="method2" time="0.020" classname="testNG_Examples.DependencyTest"/>
</testsuite>
