<?xml version="1.0" encoding="UTF-8"?>
<!-- Generated by org.testng.reporters.JUnitReportReporter -->
<testsuite hostname="LAPTOP-KFKBTHVD" name="stepDefinition.EA_StepDef" tests="3" failures="0" timestamp="31 Dec 2017 02:00:34 GMT" time="5.614" errors="0">
  <testcase name="EA_StepDef1" time="3.342" classname="stepDefinition.EA_StepDef"/>
  <testcase name="Login" time="1.619" classname="stepDefinition.EA_StepDef"/>
  <testcase name="perform" time="0.653" classname="stepDefinition.EA_StepDef"/>
</testsuite>
