<?xml version="1.0" encoding="UTF-8"?>
<!-- Generated by org.testng.reporters.JUnitReportReporter -->
<testsuite hostname="LAPTOP-KFKBTHVD" name="stepDefinition.EA_StepDef" tests="3" failures="0" timestamp="31 Dec 2017 00:19:28 GMT" time="5.520" errors="0">
  <testcase name="Login" time="1.605" classname="stepDefinition.EA_StepDef"/>
  <testcase name="EA_StepDef1" time="3.236" classname="stepDefinition.EA_StepDef"/>
  <testcase name="perform" time="0.679" classname="stepDefinition.EA_StepDef"/>
</testsuite>
