<?xml version="1.0" encoding="UTF-8" ?>
<testsuite tests="2" failures="1" name="TestSuite" time="45.191" errors="0" skipped="0">
  <properties>
    <property name="java.runtime.name" value="Java(TM) SE Runtime Environment"/>
    <property name="sun.boot.library.path" value="C:\Program Files\Java\jdk1.8.0_111\jre\bin"/>
    <property name="java.vm.version" value="25.111-b14"/>
    <property name="java.vm.vendor" value="Oracle Corporation"/>
    <property name="maven.multiModuleProjectDirectory" value="C:\WorkSpace\FrameWork_WithListeners_With_Cucumber_1.1"/>
    <property name="java.vendor.url" value="http://java.oracle.com/"/>
    <property name="path.separator" value=";"/>
    <property name="guice.disable.misplaced.annotation.check" value="true"/>
    <property name="java.vm.name" value="Java HotSpot(TM) 64-Bit Server VM"/>
    <property name="file.encoding.pkg" value="sun.io"/>
    <property name="user.script" value=""/>
    <property name="user.country" value="US"/>
    <property name="sun.java.launcher" value="SUN_STANDARD"/>
    <property name="sun.os.patch.level" value=""/>
    <property name="java.vm.specification.name" value="Java Virtual Machine Specification"/>
    <property name="user.dir" value="C:\WorkSpace\FrameWork_WithListeners_With_Cucumber_1.1"/>
    <property name="java.runtime.version" value="1.8.0_111-b14"/>
    <property name="java.awt.graphicsenv" value="sun.awt.Win32GraphicsEnvironment"/>
    <property name="java.endorsed.dirs" value="C:\Program Files\Java\jdk1.8.0_111\jre\lib\endorsed"/>
    <property name="os.arch" value="amd64"/>
    <property name="java.io.tmpdir" value="C:\Users\Raja\AppData\Local\Temp\"/>
    <property name="line.separator" value="
"/>
    <property name="java.vm.specification.vendor" value="Oracle Corporation"/>
    <property name="user.variant" value=""/>
    <property name="os.name" value="Windows 10"/>
    <property name="classworlds.conf" value="C:\WorkSpace\apache-maven-3.3.9\bin\..\bin\m2.conf"/>
    <property name="sun.jnu.encoding" value="Cp1252"/>
    <property name="java.library.path" value="C:\Program Files\Java\jdk1.8.0_111\bin;C:\WINDOWS\Sun\Java\bin;C:\WINDOWS\system32;C:\WINDOWS;C:\ProgramData\Oracle\Java\javapath;C:\WINDOWS\system32;C:\WINDOWS;C:\WINDOWS\System32\Wbem;C:\WINDOWS\System32\WindowsPowerShell\v1.0\;C:\Program Files\Java\jdk1.8.0_111;C:\Program Files\Java\jre1.8.0_111;C:\WorkSpace\Selenium\Log_Info\log4j.properties;C:\WorkSpace\apache-maven-3.3.9\bin;C:\Program Files\Git\bin\cmd;C:\Program Files\Git\bin;C:\Users\Raja\AppData\Local\Microsoft\WindowsApps;C:\Users\Raja\AppData\Local\GitHubDesktop\bin;."/>
    <property name="java.specification.name" value="Java Platform API Specification"/>
    <property name="java.class.version" value="52.0"/>
    <property name="sun.management.compiler" value="HotSpot 64-Bit Tiered Compilers"/>
    <property name="os.version" value="10.0"/>
    <property name="user.home" value="C:\Users\Raja"/>
    <property name="user.timezone" value="America/New_York"/>
    <property name="java.awt.printerjob" value="sun.awt.windows.WPrinterJob"/>
    <property name="java.specification.version" value="1.8"/>
    <property name="file.encoding" value="Cp1252"/>
    <property name="user.name" value="Raja"/>
    <property name="java.class.path" value="C:\WorkSpace\apache-maven-3.3.9\bin\..\boot\plexus-classworlds-2.5.2.jar"/>
    <property name="java.vm.specification.version" value="1.8"/>
    <property name="sun.arch.data.model" value="64"/>
    <property name="java.home" value="C:\Program Files\Java\jdk1.8.0_111\jre"/>
    <property name="sun.java.command" value="org.codehaus.plexus.classworlds.launcher.Launcher test"/>
    <property name="java.specification.vendor" value="Oracle Corporation"/>
    <property name="user.language" value="en"/>
    <property name="awt.toolkit" value="sun.awt.windows.WToolkit"/>
    <property name="java.vm.info" value="mixed mode"/>
    <property name="java.version" value="1.8.0_111"/>
    <property name="java.ext.dirs" value="C:\Program Files\Java\jdk1.8.0_111\jre\lib\ext;C:\WINDOWS\Sun\Java\lib\ext"/>
    <property name="sun.boot.class.path" value="C:\Program Files\Java\jdk1.8.0_111\jre\lib\resources.jar;C:\Program Files\Java\jdk1.8.0_111\jre\lib\rt.jar;C:\Program Files\Java\jdk1.8.0_111\jre\lib\sunrsasign.jar;C:\Program Files\Java\jdk1.8.0_111\jre\lib\jsse.jar;C:\Program Files\Java\jdk1.8.0_111\jre\lib\jce.jar;C:\Program Files\Java\jdk1.8.0_111\jre\lib\charsets.jar;C:\Program Files\Java\jdk1.8.0_111\jre\lib\jfr.jar;C:\Program Files\Java\jdk1.8.0_111\jre\classes"/>
    <property name="sun.stderr.encoding" value="cp437"/>
    <property name="java.vendor" value="Oracle Corporation"/>
    <property name="maven.home" value="C:\WorkSpace\apache-maven-3.3.9\bin\.."/>
    <property name="file.separator" value="\"/>
    <property name="java.vendor.url.bug" value="http://bugreport.sun.com/bugreport/"/>
    <property name="sun.cpu.endian" value="little"/>
    <property name="sun.io.unicode.encoding" value="UnicodeLittle"/>
    <property name="sun.stdout.encoding" value="cp437"/>
    <property name="sun.desktop" value="windows"/>
    <property name="sun.cpu.isalist" value="amd64"/>
  </properties>
  <testcase classname="runnerPackage.TestRunner" name="run_cukes" time="15.999">
    <failure message="java.lang.NullPointerException" type="cucumber.runtime.CucumberException">cucumber.runtime.CucumberException: java.lang.NullPointerException
	at cucumber.api.testng.AbstractTestNGCucumberTests.run_cukes(AbstractTestNGCucumberTests.java:41)
	at sun.reflect.NativeMethodAccessorImpl.invoke0(Native Method)
	at sun.reflect.NativeMethodAccessorImpl.invoke(NativeMethodAccessorImpl.java:62)
	at sun.reflect.DelegatingMethodAccessorImpl.invoke(DelegatingMethodAccessorImpl.java:43)
	at java.lang.reflect.Method.invoke(Method.java:498)
	at org.testng.internal.MethodInvocationHelper.invokeMethod(MethodInvocationHelper.java:85)
	at org.testng.internal.MethodInvocationHelper$1.runTestMethod(MethodInvocationHelper.java:196)
	at cucumber.api.testng.AbstractTestNGCucumberTests.run(AbstractTestNGCucumberTests.java:47)
	at org.testng.internal.MethodInvocationHelper.invokeHookable(MethodInvocationHelper.java:208)
	at org.testng.internal.Invoker.invokeMethod(Invoker.java:635)
	at org.testng.internal.Invoker.invokeTestMethod(Invoker.java:816)
	at org.testng.internal.Invoker.invokeTestMethods(Invoker.java:1124)
	at org.testng.internal.TestMethodWorker.invokeTestMethods(TestMethodWorker.java:125)
	at org.testng.internal.TestMethodWorker.run(TestMethodWorker.java:108)
	at org.testng.TestRunner.privateRun(TestRunner.java:774)
	at org.testng.TestRunner.run(TestRunner.java:624)
	at org.testng.SuiteRunner.runTest(SuiteRunner.java:359)
	at org.testng.SuiteRunner.runSequentially(SuiteRunner.java:354)
	at org.testng.SuiteRunner.privateRun(SuiteRunner.java:312)
	at org.testng.SuiteRunner.run(SuiteRunner.java:261)
	at org.testng.SuiteRunnerWorker.runSuite(SuiteRunnerWorker.java:52)
	at org.testng.SuiteRunnerWorker.run(SuiteRunnerWorker.java:86)
	at org.testng.TestNG.runSuitesSequentially(TestNG.java:1191)
	at org.testng.TestNG.runSuitesLocally(TestNG.java:1116)
	at org.testng.TestNG.run(TestNG.java:1024)
	at org.apache.maven.surefire.testng.TestNGExecutor.run(TestNGExecutor.java:77)
	at org.apache.maven.surefire.testng.TestNGDirectoryTestSuite.executeMulti(TestNGDirectoryTestSuite.java:159)
	at org.apache.maven.surefire.testng.TestNGDirectoryTestSuite.execute(TestNGDirectoryTestSuite.java:99)
	at org.apache.maven.surefire.testng.TestNGProvider.invoke(TestNGProvider.java:106)
	at sun.reflect.NativeMethodAccessorImpl.invoke0(Native Method)
	at sun.reflect.NativeMethodAccessorImpl.invoke(NativeMethodAccessorImpl.java:62)
	at sun.reflect.DelegatingMethodAccessorImpl.invoke(DelegatingMethodAccessorImpl.java:43)
	at java.lang.reflect.Method.invoke(Method.java:498)
	at org.apache.maven.surefire.util.ReflectionUtils.invokeMethodWithArray(ReflectionUtils.java:189)
	at org.apache.maven.surefire.booter.ProviderFactory$ProviderProxy.invoke(ProviderFactory.java:165)
	at org.apache.maven.surefire.booter.ProviderFactory.invokeProvider(ProviderFactory.java:85)
	at org.apache.maven.surefire.booter.ForkedBooter.runSuitesInProcess(ForkedBooter.java:115)
	at org.apache.maven.surefire.booter.ForkedBooter.main(ForkedBooter.java:75)
Caused by: java.lang.NullPointerException
	at pages_Repository.Practice_Automation_ToolsQA_Repo.setFirstName(Practice_Automation_ToolsQA_Repo.java:47)
	at stepDef.Practice_Automation_ToolsQA_StepDef.performOnPage(Practice_Automation_ToolsQA_StepDef.java:95)
	at ✽.When performOnPage(PA.feature:24)
Caused by: java.lang.NullPointerException
	at pages_Repository.Practice_Automation_ToolsQA_Repo.setFirstName(Practice_Automation_ToolsQA_Repo.java:47)
	at stepDef.Practice_Automation_ToolsQA_StepDef.performOnPage(Practice_Automation_ToolsQA_StepDef.java:95)
	at ✽.When performOnPage(PA.feature:24)
</failure>
    <system-out>Configuring TestNG with: org.apache.maven.surefire.testng.conf.TestNG652Configurator@de0a01f
Test Data Info 1Raja|S|f|5|10/10/1990|Automation Tester|C:/WorkSpace/Selenium/AutoIt_Scripts/closeLogOutDialog.au3|Selenium IDE|North America|Switch Commands,Wait Commands,WebElement Commands|Success

1 Scenarios (&amp;#27;[31m1 failed&amp;#27;[0m)
2 Steps (&amp;#27;[31m1 failed&amp;#27;[0m, &amp;#27;[32m1 passed&amp;#27;[0m)
0m15.903s

java.lang.NullPointerException
	at pages_Repository.Practice_Automation_ToolsQA_Repo.setFirstName(Practice_Automation_ToolsQA_Repo.java:47)
	at stepDef.Practice_Automation_ToolsQA_StepDef.performOnPage(Practice_Automation_ToolsQA_StepDef.java:95)
	at ?.When performOnPage(PA.feature:24)

</system-out>
    <system-err>1503858253505	geckodriver	INFO	geckodriver 0.18.0
1503858253512	geckodriver	INFO	Listening on 127.0.0.1:24863
log4j:WARN No appenders could be found for logger (org.apache.http.client.protocol.RequestAddCookies).
log4j:WARN Please initialize the log4j system properly.
log4j:WARN See http://logging.apache.org/log4j/1.2/faq.html#noconfig for more info.
1503858254298	geckodriver::marionette	INFO	Starting browser C:\Program Files\Mozilla Firefox\firefox.exe with args [&quot;-marionette&quot;]
1503858254515	addons.manager	DEBUG	Application has been upgraded
1503858254543	addons.manager	DEBUG	Loaded provider scope for resource://gre/modules/addons/XPIProvider.jsm: [&quot;XPIProvider&quot;, &quot;XPIInternal&quot;]
1503858254549	addons.manager	DEBUG	Loaded provider scope for resource://gre/modules/LightweightThemeManager.jsm: [&quot;LightweightThemeManager&quot;]
1503858254593	addons.manager	DEBUG	Loaded provider scope for resource://gre/modules/addons/GMPProvider.jsm
1503858254598	addons.manager	DEBUG	Loaded provider scope for resource://gre/modules/addons/PluginProvider.jsm
1503858254599	addons.manager	DEBUG	Starting provider: XPIProvider
1503858254600	addons.xpi	DEBUG	startup
1503858254601	addons.xpi	INFO	SystemAddonInstallLocation directory is missing
1503858254601	addons.xpi	INFO	Removing all system add-on upgrades.
1503858254602	addons.xpi	DEBUG	checkForChanges
1503858254603	addons.xpi	WARN	Error parsing extensions state: [Exception... &quot;Component returned failure code: 0x80520012 (NS_ERROR_FILE_NOT_FOUND) [amIAddonManagerStartup.readStartupData]&quot;  nsresult: &quot;0x80520012 (NS_ERROR_FILE_NOT_FOUND)&quot;  location: &quot;JS frame :: resource://gre/modules/addons/XPIProvider.jsm :: loadExtensionState :: line 1596&quot;  data: no] Stack trace: loadExtensionState()@resource://gre/modules/addons/XPIProvider.jsm:1596 &lt; getInstallState()@resource://gre/modules/addons/XPIProvider.jsm:1631 &lt; checkForChanges()@resource://gre/modules/addons/XPIProvider.jsm:3152 &lt; startup()@resource://gre/modules/addons/XPIProvider.jsm:2246 &lt; callProvider()@resource://gre/modules/AddonManager.jsm:271 &lt; _startProvider()@resource://gre/modules/AddonManager.jsm:741 &lt; startup()@resource://gre/modules/AddonManager.jsm:908 &lt; startup()@resource://gre/modules/AddonManager.jsm:3122 &lt; observe()@jar:file:///C:/Program%20Files/Mozilla%20Firefox/omni.ja!/components/addonManager.js:65
1503858254607	addons.xpi	DEBUG	Loaded add-on state: ${}
1503858254609	addons.xpi	INFO	Mapping aushelper@mozilla.org to C:\Program Files\Mozilla Firefox\browser\features\aushelper@mozilla.org.xpi
1503858254610	addons.xpi	INFO	Mapping clicktoplay-rollout@mozilla.org to C:\Program Files\Mozilla Firefox\browser\features\clicktoplay-rollout@mozilla.org.xpi
1503858254610	addons.xpi	INFO	Mapping e10srollout@mozilla.org to C:\Program Files\Mozilla Firefox\browser\features\e10srollout@mozilla.org.xpi
1503858254610	addons.xpi	INFO	Mapping firefox@getpocket.com to C:\Program Files\Mozilla Firefox\browser\features\firefox@getpocket.com.xpi
1503858254611	addons.xpi	INFO	Mapping followonsearch@mozilla.com to C:\Program Files\Mozilla Firefox\browser\features\followonsearch@mozilla.com.xpi
1503858254611	addons.xpi	INFO	Mapping screenshots@mozilla.org to C:\Program Files\Mozilla Firefox\browser\features\screenshots@mozilla.org.xpi
1503858254611	addons.xpi	INFO	Mapping shield-recipe-client@mozilla.org to C:\Program Files\Mozilla Firefox\browser\features\shield-recipe-client@mozilla.org.xpi
1503858254612	addons.xpi	INFO	Mapping webcompat@mozilla.org to C:\Program Files\Mozilla Firefox\browser\features\webcompat@mozilla.org.xpi
1503858254612	addons.xpi	DEBUG	New add-on aushelper@mozilla.org in app-system-defaults
1503858254613	addons.xpi	INFO	Mapping aushelper@mozilla.org to C:\Program Files\Mozilla Firefox\browser\features\aushelper@mozilla.org.xpi
1503858254614	addons.xpi	DEBUG	New add-on clicktoplay-rollout@mozilla.org in app-system-defaults
1503858254615	addons.xpi	INFO	Mapping clicktoplay-rollout@mozilla.org to C:\Program Files\Mozilla Firefox\browser\features\clicktoplay-rollout@mozilla.org.xpi
1503858254615	addons.xpi	DEBUG	New add-on e10srollout@mozilla.org in app-system-defaults
1503858254615	addons.xpi	INFO	Mapping e10srollout@mozilla.org to C:\Program Files\Mozilla Firefox\browser\features\e10srollout@mozilla.org.xpi
1503858254616	addons.xpi	DEBUG	New add-on firefox@getpocket.com in app-system-defaults
1503858254616	addons.xpi	INFO	Mapping firefox@getpocket.com to C:\Program Files\Mozilla Firefox\browser\features\firefox@getpocket.com.xpi
1503858254617	addons.xpi	DEBUG	New add-on followonsearch@mozilla.com in app-system-defaults
1503858254617	addons.xpi	INFO	Mapping followonsearch@mozilla.com to C:\Program Files\Mozilla Firefox\browser\features\followonsearch@mozilla.com.xpi
1503858254620	addons.xpi	DEBUG	New add-on screenshots@mozilla.org in app-system-defaults
1503858254625	addons.xpi	INFO	Mapping screenshots@mozilla.org to C:\Program Files\Mozilla Firefox\browser\features\screenshots@mozilla.org.xpi
1503858254626	addons.xpi	DEBUG	New add-on shield-recipe-client@mozilla.org in app-system-defaults
1503858254626	addons.xpi	INFO	Mapping shield-recipe-client@mozilla.org to C:\Program Files\Mozilla Firefox\browser\features\shield-recipe-client@mozilla.org.xpi
1503858254627	addons.xpi	DEBUG	New add-on webcompat@mozilla.org in app-system-defaults
1503858254627	addons.xpi	INFO	Mapping webcompat@mozilla.org to C:\Program Files\Mozilla Firefox\browser\features\webcompat@mozilla.org.xpi
1503858254628	addons.xpi	INFO	Mapping {972ce4c6-7e08-4474-a285-3208198ce6fd} to C:\Program Files\Mozilla Firefox\browser\extensions\{972ce4c6-7e08-4474-a285-3208198ce6fd}.xpi
1503858254628	addons.xpi	DEBUG	New add-on {972ce4c6-7e08-4474-a285-3208198ce6fd} in app-global
1503858254628	addons.xpi	INFO	Mapping {972ce4c6-7e08-4474-a285-3208198ce6fd} to C:\Program Files\Mozilla Firefox\browser\extensions\{972ce4c6-7e08-4474-a285-3208198ce6fd}.xpi
1503858254628	addons.xpi	DEBUG	getInstallState changed: true, state: {}
1503858254629	addons.xpi	INFO	SystemAddonInstallLocation directory is missing
1503858254653	addons.xpi-utils	DEBUG	Opening XPI database C:\Users\Raja\AppData\Local\Temp\rust_mozprofile.XPSfUSimCN7H\extensions.json
1503858254656	addons.xpi-utils	DEBUG	New add-on aushelper@mozilla.org installed in app-system-defaults
*** Blocklist::_loadBlocklistFromFile: blocklist is disabled
1503858254689	DeferredSave.extensions.json	DEBUG	Save changes
1503858254694	addons.xpi-utils	DEBUG	New add-on clicktoplay-rollout@mozilla.org installed in app-system-defaults
1503858254699	DeferredSave.extensions.json	DEBUG	Starting timer
1503858254701	DeferredSave.extensions.json	DEBUG	Save changes
1503858254701	addons.xpi-utils	DEBUG	New add-on e10srollout@mozilla.org installed in app-system-defaults
1503858254707	DeferredSave.extensions.json	DEBUG	Save changes
1503858254708	addons.xpi-utils	DEBUG	New add-on firefox@getpocket.com installed in app-system-defaults
1503858254714	DeferredSave.extensions.json	DEBUG	Save changes
1503858254714	addons.xpi-utils	DEBUG	New add-on followonsearch@mozilla.com installed in app-system-defaults
1503858254719	DeferredSave.extensions.json	DEBUG	Save changes
1503858254719	addons.xpi-utils	DEBUG	New add-on screenshots@mozilla.org installed in app-system-defaults
1503858254730	DeferredSave.extensions.json	DEBUG	Save changes
1503858254730	addons.xpi-utils	DEBUG	New add-on shield-recipe-client@mozilla.org installed in app-system-defaults
1503858254736	DeferredSave.extensions.json	DEBUG	Save changes
1503858254736	addons.xpi-utils	DEBUG	New add-on webcompat@mozilla.org installed in app-system-defaults
1503858254740	DeferredSave.extensions.json	DEBUG	Save changes
1503858254740	addons.xpi-utils	DEBUG	New add-on {972ce4c6-7e08-4474-a285-3208198ce6fd} installed in app-global
1503858254745	DeferredSave.extensions.json	DEBUG	Save changes
1503858254746	addons.manager	DEBUG	Registering startup change &apos;installed&apos; for aushelper@mozilla.org
1503858254757	addons.xpi	DEBUG	Loading bootstrap scope from C:\Program Files\Mozilla Firefox\browser\features\aushelper@mozilla.org.xpi
1503858254763	addons.xpi	DEBUG	Calling bootstrap method install on aushelper@mozilla.org version 2.0
1503858254763	addons.xpi-utils	DEBUG	Make addon app-system-defaults:aushelper@mozilla.org visible
1503858254764	addons.xpi	DEBUG	Updating XPIState for {&quot;id&quot;:&quot;aushelper@mozilla.org&quot;,&quot;syncGUID&quot;:&quot;{ccfc8cb8-3e1a-451b-881a-dc7fdb3856cb}&quot;,&quot;location&quot;:&quot;app-system-defaults&quot;,&quot;version&quot;:&quot;2.0&quot;,&quot;type&quot;:&quot;extension&quot;,&quot;internalName&quot;:null,&quot;updateURL&quot;:null,&quot;updateKey&quot;:null,&quot;optionsURL&quot;:null,&quot;optionsType&quot;:null,&quot;aboutURL&quot;:null,&quot;defaultLocale&quot;:{&quot;name&quot;:&quot;Application Update Service Helper&quot;,&quot;description&quot;:&quot;Sets value(s) in the update url based on custom checks.&quot;,&quot;creator&quot;:null,&quot;homepageURL&quot;:null},&quot;visible&quot;:true,&quot;active&quot;:false,&quot;userDisabled&quot;:false,&quot;appDisabled&quot;:false,&quot;installDate&quot;:1503583803000,&quot;updateDate&quot;:1503583803000,&quot;applyBackgroundUpdates&quot;:1,&quot;bootstrap&quot;:true,&quot;path&quot;:&quot;C:\\Program Files\\Mozilla Firefox\\browser\\features\\aushelper@mozilla.org.xpi&quot;,&quot;skinnable&quot;:false,&quot;size&quot;:8488,&quot;sourceURI&quot;:null,&quot;releaseNotesURI&quot;:null,&quot;softDisabled&quot;:false,&quot;foreignInstall&quot;:false,&quot;hasBinaryComponents&quot;:false,&quot;strictCompatibility&quot;:false,&quot;locales&quot;:[],&quot;targetApplications&quot;:[{&quot;id&quot;:&quot;{ec8030f7-c20a-464f-9b0e-13a3a9e97384}&quot;,&quot;minVersion&quot;:&quot;55.0.3&quot;,&quot;maxVersion&quot;:&quot;55.*&quot;}],&quot;targetPlatforms&quot;:[],&quot;multiprocessCompatible&quot;:true,&quot;seen&quot;:true,&quot;dependencies&quot;:[],&quot;hasEmbeddedWebExtension&quot;:false,&quot;mpcOptedOut&quot;:false,&quot;userPermissions&quot;:null,&quot;icons&quot;:{},&quot;iconURL&quot;:null,&quot;icon64URL&quot;:null}
1503858254767	DeferredSave.extensions.json	DEBUG	Save changes
1503858254767	addons.manager	DEBUG	Registering startup change &apos;installed&apos; for clicktoplay-rollout@mozilla.org
1503858254770	addons.xpi	DEBUG	Loading bootstrap scope from C:\Program Files\Mozilla Firefox\browser\features\clicktoplay-rollout@mozilla.org.xpi
1503858254787	addons.xpi	DEBUG	Calling bootstrap method install on clicktoplay-rollout@mozilla.org version 1.2
1503858254787	addons.xpi-utils	DEBUG	Make addon app-system-defaults:clicktoplay-rollout@mozilla.org visible
1503858254787	addons.xpi	DEBUG	Updating XPIState for {&quot;id&quot;:&quot;clicktoplay-rollout@mozilla.org&quot;,&quot;syncGUID&quot;:&quot;{fe7f9d43-20b3-4ed2-ac66-fdc0a0cc827e}&quot;,&quot;location&quot;:&quot;app-system-defaults&quot;,&quot;version&quot;:&quot;1.2&quot;,&quot;type&quot;:&quot;extension&quot;,&quot;internalName&quot;:null,&quot;updateURL&quot;:null,&quot;updateKey&quot;:null,&quot;optionsURL&quot;:null,&quot;optionsType&quot;:null,&quot;aboutURL&quot;:null,&quot;defaultLocale&quot;:{&quot;name&quot;:&quot;Click-to-Play staged rollout&quot;,&quot;description&quot;:&quot;Staged rollout for Click-to-Play Flash.&quot;,&quot;creator&quot;:null,&quot;homepageURL&quot;:null},&quot;visible&quot;:true,&quot;active&quot;:false,&quot;userDisabled&quot;:false,&quot;appDisabled&quot;:false,&quot;installDate&quot;:1503583803000,&quot;updateDate&quot;:1503583803000,&quot;applyBackgroundUpdates&quot;:1,&quot;bootstrap&quot;:true,&quot;path&quot;:&quot;C:\\Program Files\\Mozilla Firefox\\browser\\features\\clicktoplay-rollout@mozilla.org.xpi&quot;,&quot;skinnable&quot;:false,&quot;size&quot;:5621,&quot;sourceURI&quot;:null,&quot;releaseNotesURI&quot;:null,&quot;softDisabled&quot;:false,&quot;foreignInstall&quot;:false,&quot;hasBinaryComponents&quot;:false,&quot;strictCompatibility&quot;:false,&quot;locales&quot;:[],&quot;targetApplications&quot;:[{&quot;id&quot;:&quot;{ec8030f7-c20a-464f-9b0e-13a3a9e97384}&quot;,&quot;minVersion&quot;:&quot;55.0.3&quot;,&quot;maxVersion&quot;:&quot;55.*&quot;}],&quot;targetPlatforms&quot;:[],&quot;multiprocessCompatible&quot;:true,&quot;seen&quot;:true,&quot;dependencies&quot;:[],&quot;hasEmbeddedWebExtension&quot;:false,&quot;mpcOptedOut&quot;:false,&quot;userPermissions&quot;:null,&quot;icons&quot;:{},&quot;iconURL&quot;:null,&quot;icon64URL&quot;:null}
1503858254788	DeferredSave.extensions.json	DEBUG	Save changes
1503858254788	addons.manager	DEBUG	Registering startup change &apos;installed&apos; for e10srollout@mozilla.org
1503858254789	addons.xpi	DEBUG	Loading bootstrap scope from C:\Program Files\Mozilla Firefox\browser\features\e10srollout@mozilla.org.xpi
1503858254793	addons.xpi	DEBUG	Calling bootstrap method install on e10srollout@mozilla.org version 2.0
1503858254795	addons.xpi-utils	DEBUG	Make addon app-system-defaults:e10srollout@mozilla.org visible
1503858254795	addons.xpi	DEBUG	Updating XPIState for {&quot;id&quot;:&quot;e10srollout@mozilla.org&quot;,&quot;syncGUID&quot;:&quot;{200b13a9-b6ff-4924-b4ca-f95be3d23069}&quot;,&quot;location&quot;:&quot;app-system-defaults&quot;,&quot;version&quot;:&quot;2.0&quot;,&quot;type&quot;:&quot;extension&quot;,&quot;internalName&quot;:null,&quot;updateURL&quot;:null,&quot;updateKey&quot;:null,&quot;optionsURL&quot;:null,&quot;optionsType&quot;:null,&quot;aboutURL&quot;:null,&quot;defaultLocale&quot;:{&quot;name&quot;:&quot;Multi-process staged rollout&quot;,&quot;description&quot;:&quot;Staged rollout of Firefox multi-process feature.&quot;,&quot;creator&quot;:null,&quot;homepageURL&quot;:null},&quot;visible&quot;:true,&quot;active&quot;:false,&quot;userDisabled&quot;:false,&quot;appDisabled&quot;:false,&quot;installDate&quot;:1503583803000,&quot;updateDate&quot;:1503583803000,&quot;applyBackgroundUpdates&quot;:1,&quot;bootstrap&quot;:true,&quot;path&quot;:&quot;C:\\Program Files\\Mozilla Firefox\\browser\\features\\e10srollout@mozilla.org.xpi&quot;,&quot;skinnable&quot;:false,&quot;size&quot;:13287,&quot;sourceURI&quot;:null,&quot;releaseNotesURI&quot;:null,&quot;softDisabled&quot;:false,&quot;foreignInstall&quot;:false,&quot;hasBinaryComponents&quot;:false,&quot;strictCompatibility&quot;:false,&quot;locales&quot;:[],&quot;targetApplications&quot;:[{&quot;id&quot;:&quot;{ec8030f7-c20a-464f-9b0e-13a3a9e97384}&quot;,&quot;minVersion&quot;:&quot;55.0.3&quot;,&quot;maxVersion&quot;:&quot;55.*&quot;}],&quot;targetPlatforms&quot;:[],&quot;multiprocessCompatible&quot;:true,&quot;seen&quot;:true,&quot;dependencies&quot;:[],&quot;hasEmbeddedWebExtension&quot;:false,&quot;mpcOptedOut&quot;:false,&quot;userPermissions&quot;:null,&quot;icons&quot;:{},&quot;iconURL&quot;:null,&quot;icon64URL&quot;:null}
1503858254795	DeferredSave.extensions.json	DEBUG	Save changes
1503858254796	addons.manager	DEBUG	Registering startup change &apos;installed&apos; for firefox@getpocket.com
1503858254798	addons.xpi	DEBUG	Loading bootstrap scope from C:\Program Files\Mozilla Firefox\browser\features\firefox@getpocket.com.xpi
1503858254806	addons.xpi	DEBUG	Calling bootstrap method install on firefox@getpocket.com version 1.0.5
1503858254806	addons.xpi-utils	DEBUG	Make addon app-system-defaults:firefox@getpocket.com visible
1503858254806	addons.xpi	DEBUG	Updating XPIState for {&quot;id&quot;:&quot;firefox@getpocket.com&quot;,&quot;syncGUID&quot;:&quot;{584cbb33-70a8-4c67-a8e4-4184739ae719}&quot;,&quot;location&quot;:&quot;app-system-defaults&quot;,&quot;version&quot;:&quot;1.0.5&quot;,&quot;type&quot;:&quot;extension&quot;,&quot;internalName&quot;:null,&quot;updateURL&quot;:null,&quot;updateKey&quot;:null,&quot;optionsURL&quot;:null,&quot;optionsType&quot;:null,&quot;aboutURL&quot;:null,&quot;defaultLocale&quot;:{&quot;name&quot;:&quot;Pocket&quot;,&quot;description&quot;:&quot;When you find something you want to view later, put it in Pocket.&quot;,&quot;creator&quot;:null,&quot;homepageURL&quot;:null},&quot;visible&quot;:true,&quot;active&quot;:false,&quot;userDisabled&quot;:false,&quot;appDisabled&quot;:false,&quot;installDate&quot;:1503583803000,&quot;updateDate&quot;:1503583803000,&quot;applyBackgroundUpdates&quot;:1,&quot;bootstrap&quot;:true,&quot;path&quot;:&quot;C:\\Program Files\\Mozilla Firefox\\browser\\features\\firefox@getpocket.com.xpi&quot;,&quot;skinnable&quot;:false,&quot;size&quot;:862993,&quot;sourceURI&quot;:null,&quot;releaseNotesURI&quot;:null,&quot;softDisabled&quot;:false,&quot;foreignInstall&quot;:false,&quot;hasBinaryComponents&quot;:false,&quot;strictCompatibility&quot;:false,&quot;locales&quot;:[],&quot;targetApplications&quot;:[{&quot;id&quot;:&quot;{ec8030f7-c20a-464f-9b0e-13a3a9e97384}&quot;,&quot;minVersion&quot;:&quot;55.0.3&quot;,&quot;maxVersion&quot;:&quot;55.*&quot;}],&quot;targetPlatforms&quot;:[],&quot;multiprocessCompatible&quot;:true,&quot;seen&quot;:true,&quot;dependencies&quot;:[],&quot;hasEmbeddedWebExtension&quot;:false,&quot;mpcOptedOut&quot;:false,&quot;userPermissions&quot;:null,&quot;icons&quot;:{},&quot;iconURL&quot;:null,&quot;icon64URL&quot;:null}
1503858254807	DeferredSave.extensions.json	DEBUG	Save changes
1503858254807	addons.manager	DEBUG	Registering startup change &apos;installed&apos; for followonsearch@mozilla.com
1503858254807	addons.xpi	DEBUG	Loading bootstrap scope from C:\Program Files\Mozilla Firefox\browser\features\followonsearch@mozilla.com.xpi
1503858254811	addons.xpi	DEBUG	Calling bootstrap method install on followonsearch@mozilla.com version 0.9.1
1503858254811	addons.xpi-utils	DEBUG	Make addon app-system-defaults:followonsearch@mozilla.com visible
1503858254811	addons.xpi	DEBUG	Updating XPIState for {&quot;id&quot;:&quot;followonsearch@mozilla.com&quot;,&quot;syncGUID&quot;:&quot;{7ec7e3fa-2d70-43b7-993e-f0f3097a8545}&quot;,&quot;location&quot;:&quot;app-system-defaults&quot;,&quot;version&quot;:&quot;0.9.1&quot;,&quot;type&quot;:&quot;extension&quot;,&quot;internalName&quot;:null,&quot;updateURL&quot;:null,&quot;updateKey&quot;:null,&quot;optionsURL&quot;:null,&quot;optionsType&quot;:null,&quot;aboutURL&quot;:null,&quot;defaultLocale&quot;:{&quot;name&quot;:&quot;Follow-on Search Telemetry&quot;,&quot;description&quot;:null,&quot;creator&quot;:null,&quot;homepageURL&quot;:null},&quot;visible&quot;:true,&quot;active&quot;:false,&quot;userDisabled&quot;:false,&quot;appDisabled&quot;:false,&quot;installDate&quot;:1503583803000,&quot;updateDate&quot;:1503583803000,&quot;applyBackgroundUpdates&quot;:1,&quot;bootstrap&quot;:true,&quot;path&quot;:&quot;C:\\Program Files\\Mozilla Firefox\\browser\\features\\followonsearch@mozilla.com.xpi&quot;,&quot;skinnable&quot;:false,&quot;size&quot;:16730,&quot;sourceURI&quot;:null,&quot;releaseNotesURI&quot;:null,&quot;softDisabled&quot;:false,&quot;foreignInstall&quot;:false,&quot;hasBinaryComponents&quot;:false,&quot;strictCompatibility&quot;:false,&quot;locales&quot;:[],&quot;targetApplications&quot;:[{&quot;id&quot;:&quot;{ec8030f7-c20a-464f-9b0e-13a3a9e97384}&quot;,&quot;minVersion&quot;:&quot;52.0&quot;,&quot;maxVersion&quot;:&quot;59.*&quot;}],&quot;targetPlatforms&quot;:[],&quot;multiprocessCompatible&quot;:true,&quot;seen&quot;:true,&quot;dependencies&quot;:[],&quot;hasEmbeddedWebExtension&quot;:false,&quot;mpcOptedOut&quot;:false,&quot;userPermissions&quot;:null,&quot;icons&quot;:{},&quot;iconURL&quot;:null,&quot;icon64URL&quot;:null}
1503858254812	DeferredSave.extensions.json	DEBUG	Save changes
1503858254812	addons.manager	DEBUG	Registering startup change &apos;installed&apos; for screenshots@mozilla.org
1503858254813	addons.xpi	DEBUG	Loading bootstrap scope from C:\Program Files\Mozilla Firefox\browser\features\screenshots@mozilla.org.xpi
1503858254816	addons.xpi	DEBUG	Calling bootstrap method install on screenshots@mozilla.org version 10.12.0
1503858254816	addons.xpi-utils	DEBUG	Make addon app-system-defaults:screenshots@mozilla.org visible
1503858254816	addons.xpi	DEBUG	Updating XPIState for {&quot;id&quot;:&quot;screenshots@mozilla.org&quot;,&quot;syncGUID&quot;:&quot;{985958ca-8270-4d09-b8c6-deb41495fd50}&quot;,&quot;location&quot;:&quot;app-system-defaults&quot;,&quot;version&quot;:&quot;10.12.0&quot;,&quot;type&quot;:&quot;extension&quot;,&quot;internalName&quot;:null,&quot;updateURL&quot;:null,&quot;updateKey&quot;:null,&quot;optionsURL&quot;:null,&quot;optionsType&quot;:null,&quot;aboutURL&quot;:null,&quot;defaultLocale&quot;:{&quot;name&quot;:&quot;Firefox Screenshots&quot;,&quot;description&quot;:null,&quot;creator&quot;:null,&quot;homepageURL&quot;:&quot;https://pageshot.net/&quot;},&quot;visible&quot;:true,&quot;active&quot;:false,&quot;userDisabled&quot;:false,&quot;appDisabled&quot;:false,&quot;installDate&quot;:1503583804000,&quot;updateDate&quot;:1503583804000,&quot;applyBackgroundUpdates&quot;:1,&quot;bootstrap&quot;:true,&quot;path&quot;:&quot;C:\\Program Files\\Mozilla Firefox\\browser\\features\\screenshots@mozilla.org.xpi&quot;,&quot;skinnable&quot;:false,&quot;size&quot;:714554,&quot;sourceURI&quot;:null,&quot;releaseNotesURI&quot;:null,&quot;softDisabled&quot;:false,&quot;foreignInstall&quot;:false,&quot;hasBinaryComponents&quot;:false,&quot;strictCompatibility&quot;:false,&quot;locales&quot;:[],&quot;targetApplications&quot;:[{&quot;id&quot;:&quot;{ec8030f7-c20a-464f-9b0e-13a3a9e97384}&quot;,&quot;minVersion&quot;:&quot;51.0a1&quot;,&quot;maxVersion&quot;:&quot;*&quot;}],&quot;targetPlatforms&quot;:[],&quot;multiprocessCompatible&quot;:true,&quot;seen&quot;:true,&quot;dependencies&quot;:[],&quot;hasEmbeddedWebExtension&quot;:false,&quot;mpcOptedOut&quot;:false,&quot;userPermissions&quot;:null,&quot;icons&quot;:{},&quot;iconURL&quot;:null,&quot;icon64URL&quot;:null}
1503858254817	DeferredSave.extensions.json	DEBUG	Save changes
1503858254817	addons.manager	DEBUG	Registering startup change &apos;installed&apos; for shield-recipe-client@mozilla.org
1503858254818	addons.xpi	DEBUG	Loading bootstrap scope from C:\Program Files\Mozilla Firefox\browser\features\shield-recipe-client@mozilla.org.xpi
1503858254820	addons.xpi	DEBUG	Calling bootstrap method install on shield-recipe-client@mozilla.org version 55.1
1503858254820	addons.xpi-utils	DEBUG	Make addon app-system-defaults:shield-recipe-client@mozilla.org visible
1503858254821	addons.xpi	DEBUG	Updating XPIState for {&quot;id&quot;:&quot;shield-recipe-client@mozilla.org&quot;,&quot;syncGUID&quot;:&quot;{23d40649-e1bf-464e-bfb3-4f4c6c77996d}&quot;,&quot;location&quot;:&quot;app-system-defaults&quot;,&quot;version&quot;:&quot;55.1&quot;,&quot;type&quot;:&quot;extension&quot;,&quot;internalName&quot;:null,&quot;updateURL&quot;:null,&quot;updateKey&quot;:null,&quot;optionsURL&quot;:null,&quot;optionsType&quot;:null,&quot;aboutURL&quot;:null,&quot;defaultLocale&quot;:{&quot;name&quot;:&quot;Shield Recipe Client&quot;,&quot;description&quot;:&quot;Client to download and run recipes for SHIELD, Heartbeat, etc.&quot;,&quot;creator&quot;:null,&quot;homepageURL&quot;:null},&quot;visible&quot;:true,&quot;active&quot;:false,&quot;userDisabled&quot;:false,&quot;appDisabled&quot;:false,&quot;installDate&quot;:1503583803000,&quot;updateDate&quot;:1503583803000,&quot;applyBackgroundUpdates&quot;:1,&quot;bootstrap&quot;:true,&quot;path&quot;:&quot;C:\\Program Files\\Mozilla Firefox\\browser\\features\\shield-recipe-client@mozilla.org.xpi&quot;,&quot;skinnable&quot;:false,&quot;size&quot;:140305,&quot;sourceURI&quot;:null,&quot;releaseNotesURI&quot;:null,&quot;softDisabled&quot;:false,&quot;foreignInstall&quot;:false,&quot;hasBinaryComponents&quot;:false,&quot;strictCompatibility&quot;:false,&quot;locales&quot;:[],&quot;targetApplications&quot;:[{&quot;id&quot;:&quot;{ec8030f7-c20a-464f-9b0e-13a3a9e97384}&quot;,&quot;minVersion&quot;:&quot;55.0.3&quot;,&quot;maxVersion&quot;:&quot;55.*&quot;}],&quot;targetPlatforms&quot;:[],&quot;multiprocessCompatible&quot;:true,&quot;seen&quot;:true,&quot;dependencies&quot;:[],&quot;hasEmbeddedWebExtension&quot;:false,&quot;mpcOptedOut&quot;:false,&quot;userPermissions&quot;:null,&quot;icons&quot;:{},&quot;iconURL&quot;:null,&quot;icon64URL&quot;:null}
1503858254828	DeferredSave.extensions.json	DEBUG	Save changes
1503858254828	addons.manager	DEBUG	Registering startup change &apos;installed&apos; for webcompat@mozilla.org
1503858254829	addons.xpi	DEBUG	Loading bootstrap scope from C:\Program Files\Mozilla Firefox\browser\features\webcompat@mozilla.org.xpi
1503858254831	addons.xpi	DEBUG	Calling bootstrap method install on webcompat@mozilla.org version 1.1
1503858254831	addons.xpi-utils	DEBUG	Make addon app-system-defaults:webcompat@mozilla.org visible
1503858254832	addons.xpi	DEBUG	Updating XPIState for {&quot;id&quot;:&quot;webcompat@mozilla.org&quot;,&quot;syncGUID&quot;:&quot;{a6d01b58-aab7-4789-9de7-11244af24116}&quot;,&quot;location&quot;:&quot;app-system-defaults&quot;,&quot;version&quot;:&quot;1.1&quot;,&quot;type&quot;:&quot;extension&quot;,&quot;internalName&quot;:null,&quot;updateURL&quot;:null,&quot;updateKey&quot;:null,&quot;optionsURL&quot;:null,&quot;optionsType&quot;:null,&quot;aboutURL&quot;:null,&quot;defaultLocale&quot;:{&quot;name&quot;:&quot;Web Compat&quot;,&quot;description&quot;:&quot;Urgent post-release fixes for web compatibility.&quot;,&quot;creator&quot;:null,&quot;homepageURL&quot;:null},&quot;visible&quot;:true,&quot;active&quot;:false,&quot;userDisabled&quot;:false,&quot;appDisabled&quot;:false,&quot;installDate&quot;:1503583803000,&quot;updateDate&quot;:1503583803000,&quot;applyBackgroundUpdates&quot;:1,&quot;bootstrap&quot;:true,&quot;path&quot;:&quot;C:\\Program Files\\Mozilla Firefox\\browser\\features\\webcompat@mozilla.org.xpi&quot;,&quot;skinnable&quot;:false,&quot;size&quot;:8992,&quot;sourceURI&quot;:null,&quot;releaseNotesURI&quot;:null,&quot;softDisabled&quot;:false,&quot;foreignInstall&quot;:false,&quot;hasBinaryComponents&quot;:false,&quot;strictCompatibility&quot;:false,&quot;locales&quot;:[],&quot;targetApplications&quot;:[{&quot;id&quot;:&quot;{ec8030f7-c20a-464f-9b0e-13a3a9e97384}&quot;,&quot;minVersion&quot;:&quot;55.0.3&quot;,&quot;maxVersion&quot;:&quot;55.*&quot;}],&quot;targetPlatforms&quot;:[],&quot;multiprocessCompatible&quot;:true,&quot;seen&quot;:true,&quot;dependencies&quot;:[],&quot;hasEmbeddedWebExtension&quot;:false,&quot;mpcOptedOut&quot;:false,&quot;userPermissions&quot;:null,&quot;icons&quot;:{},&quot;iconURL&quot;:null,&quot;icon64URL&quot;:null}
1503858254832	DeferredSave.extensions.json	DEBUG	Save changes
1503858254832	addons.xpi-utils	DEBUG	Make addon app-global:{972ce4c6-7e08-4474-a285-3208198ce6fd} visible
1503858254832	addons.xpi	DEBUG	Updating XPIState for {&quot;id&quot;:&quot;{972ce4c6-7e08-4474-a285-3208198ce6fd}&quot;,&quot;syncGUID&quot;:&quot;{1c462417-b0b5-4c7d-aa7a-3836a1adc6e5}&quot;,&quot;location&quot;:&quot;app-global&quot;,&quot;version&quot;:&quot;55.0.3&quot;,&quot;type&quot;:&quot;theme&quot;,&quot;internalName&quot;:&quot;classic/1.0&quot;,&quot;updateURL&quot;:null,&quot;updateKey&quot;:null,&quot;optionsURL&quot;:null,&quot;optionsType&quot;:null,&quot;optionsBrowserStyle&quot;:null,&quot;aboutURL&quot;:null,&quot;defaultLocale&quot;:{&quot;name&quot;:&quot;Default&quot;,&quot;description&quot;:&quot;The default theme.&quot;,&quot;creator&quot;:&quot;Mozilla&quot;,&quot;homepageURL&quot;:null,&quot;contributors&quot;:[&quot;Mozilla Contributors&quot;]},&quot;visible&quot;:true,&quot;active&quot;:false,&quot;userDisabled&quot;:false,&quot;appDisabled&quot;:false,&quot;installDate&quot;:1503583803000,&quot;updateDate&quot;:1503583803000,&quot;applyBackgroundUpdates&quot;:1,&quot;path&quot;:&quot;C:\\Program Files\\Mozilla Firefox\\browser\\extensions\\{972ce4c6-7e08-4474-a285-3208198ce6fd}.xpi&quot;,&quot;skinnable&quot;:true,&quot;size&quot;:7559,&quot;sourceURI&quot;:null,&quot;releaseNotesURI&quot;:null,&quot;softDisabled&quot;:false,&quot;foreignInstall&quot;:false,&quot;hasBinaryComponents&quot;:false,&quot;strictCompatibility&quot;:true,&quot;locales&quot;:[],&quot;targetApplications&quot;:[{&quot;id&quot;:&quot;{ec8030f7-c20a-464f-9b0e-13a3a9e97384}&quot;,&quot;minVersion&quot;:&quot;55.0.3&quot;,&quot;maxVersion&quot;:&quot;55.0.3&quot;}],&quot;targetPlatforms&quot;:[],&quot;seen&quot;:true,&quot;dependencies&quot;:[],&quot;hasEmbeddedWebExtension&quot;:false,&quot;userPermissions&quot;:null,&quot;icons&quot;:{},&quot;iconURL&quot;:&quot;chrome://browser/content/default-theme-icon.svg&quot;,&quot;icon64URL&quot;:null}
1503858254833	DeferredSave.extensions.json	DEBUG	Save changes
1503858254833	addons.xpi	DEBUG	Updating XPIState for {&quot;id&quot;:&quot;aushelper@mozilla.org&quot;,&quot;syncGUID&quot;:&quot;{ccfc8cb8-3e1a-451b-881a-dc7fdb3856cb}&quot;,&quot;location&quot;:&quot;app-system-defaults&quot;,&quot;version&quot;:&quot;2.0&quot;,&quot;type&quot;:&quot;extension&quot;,&quot;internalName&quot;:null,&quot;updateURL&quot;:null,&quot;updateKey&quot;:null,&quot;optionsURL&quot;:null,&quot;optionsType&quot;:null,&quot;aboutURL&quot;:null,&quot;defaultLocale&quot;:{&quot;name&quot;:&quot;Application Update Service Helper&quot;,&quot;description&quot;:&quot;Sets value(s) in the update url based on custom checks.&quot;,&quot;creator&quot;:null,&quot;homepageURL&quot;:null},&quot;visible&quot;:true,&quot;active&quot;:true,&quot;userDisabled&quot;:false,&quot;appDisabled&quot;:false,&quot;installDate&quot;:1503583803000,&quot;updateDate&quot;:1503583803000,&quot;applyBackgroundUpdates&quot;:1,&quot;bootstrap&quot;:true,&quot;path&quot;:&quot;C:\\Program Files\\Mozilla Firefox\\browser\\features\\aushelper@mozilla.org.xpi&quot;,&quot;skinnable&quot;:false,&quot;size&quot;:8488,&quot;sourceURI&quot;:null,&quot;releaseNotesURI&quot;:null,&quot;softDisabled&quot;:false,&quot;foreignInstall&quot;:false,&quot;hasBinaryComponents&quot;:false,&quot;strictCompatibility&quot;:false,&quot;locales&quot;:[],&quot;targetApplications&quot;:[{&quot;id&quot;:&quot;{ec8030f7-c20a-464f-9b0e-13a3a9e97384}&quot;,&quot;minVersion&quot;:&quot;55.0.3&quot;,&quot;maxVersion&quot;:&quot;55.*&quot;}],&quot;targetPlatforms&quot;:[],&quot;multiprocessCompatible&quot;:true,&quot;seen&quot;:true,&quot;dependencies&quot;:[],&quot;hasEmbeddedWebExtension&quot;:false,&quot;mpcOptedOut&quot;:false,&quot;userPermissions&quot;:null,&quot;icons&quot;:{},&quot;iconURL&quot;:null,&quot;icon64URL&quot;:null}
1503858254872	addons.xpi	DEBUG	Updating XPIState for {&quot;id&quot;:&quot;clicktoplay-rollout@mozilla.org&quot;,&quot;syncGUID&quot;:&quot;{fe7f9d43-20b3-4ed2-ac66-fdc0a0cc827e}&quot;,&quot;location&quot;:&quot;app-system-defaults&quot;,&quot;version&quot;:&quot;1.2&quot;,&quot;type&quot;:&quot;extension&quot;,&quot;internalName&quot;:null,&quot;updateURL&quot;:null,&quot;updateKey&quot;:null,&quot;optionsURL&quot;:null,&quot;optionsType&quot;:null,&quot;aboutURL&quot;:null,&quot;defaultLocale&quot;:{&quot;name&quot;:&quot;Click-to-Play staged rollout&quot;,&quot;description&quot;:&quot;Staged rollout for Click-to-Play Flash.&quot;,&quot;creator&quot;:null,&quot;homepageURL&quot;:null},&quot;visible&quot;:true,&quot;active&quot;:true,&quot;userDisabled&quot;:false,&quot;appDisabled&quot;:false,&quot;installDate&quot;:1503583803000,&quot;updateDate&quot;:1503583803000,&quot;applyBackgroundUpdates&quot;:1,&quot;bootstrap&quot;:true,&quot;path&quot;:&quot;C:\\Program Files\\Mozilla Firefox\\browser\\features\\clicktoplay-rollout@mozilla.org.xpi&quot;,&quot;skinnable&quot;:false,&quot;size&quot;:5621,&quot;sourceURI&quot;:null,&quot;releaseNotesURI&quot;:null,&quot;softDisabled&quot;:false,&quot;foreignInstall&quot;:false,&quot;hasBinaryComponents&quot;:false,&quot;strictCompatibility&quot;:false,&quot;locales&quot;:[],&quot;targetApplications&quot;:[{&quot;id&quot;:&quot;{ec8030f7-c20a-464f-9b0e-13a3a9e97384}&quot;,&quot;minVersion&quot;:&quot;55.0.3&quot;,&quot;maxVersion&quot;:&quot;55.*&quot;}],&quot;targetPlatforms&quot;:[],&quot;multiprocessCompatible&quot;:true,&quot;seen&quot;:true,&quot;dependencies&quot;:[],&quot;hasEmbeddedWebExtension&quot;:false,&quot;mpcOptedOut&quot;:false,&quot;userPermissions&quot;:null,&quot;icons&quot;:{},&quot;iconURL&quot;:null,&quot;icon64URL&quot;:null}
1503858254872	addons.xpi	DEBUG	Updating XPIState for {&quot;id&quot;:&quot;e10srollout@mozilla.org&quot;,&quot;syncGUID&quot;:&quot;{200b13a9-b6ff-4924-b4ca-f95be3d23069}&quot;,&quot;location&quot;:&quot;app-system-defaults&quot;,&quot;version&quot;:&quot;2.0&quot;,&quot;type&quot;:&quot;extension&quot;,&quot;internalName&quot;:null,&quot;updateURL&quot;:null,&quot;updateKey&quot;:null,&quot;optionsURL&quot;:null,&quot;optionsType&quot;:null,&quot;aboutURL&quot;:null,&quot;defaultLocale&quot;:{&quot;name&quot;:&quot;Multi-process staged rollout&quot;,&quot;description&quot;:&quot;Staged rollout of Firefox multi-process feature.&quot;,&quot;creator&quot;:null,&quot;homepageURL&quot;:null},&quot;visible&quot;:true,&quot;active&quot;:true,&quot;userDisabled&quot;:false,&quot;appDisabled&quot;:false,&quot;installDate&quot;:1503583803000,&quot;updateDate&quot;:1503583803000,&quot;applyBackgroundUpdates&quot;:1,&quot;bootstrap&quot;:true,&quot;path&quot;:&quot;C:\\Program Files\\Mozilla Firefox\\browser\\features\\e10srollout@mozilla.org.xpi&quot;,&quot;skinnable&quot;:false,&quot;size&quot;:13287,&quot;sourceURI&quot;:null,&quot;releaseNotesURI&quot;:null,&quot;softDisabled&quot;:false,&quot;foreignInstall&quot;:false,&quot;hasBinaryComponents&quot;:false,&quot;strictCompatibility&quot;:false,&quot;locales&quot;:[],&quot;targetApplications&quot;:[{&quot;id&quot;:&quot;{ec8030f7-c20a-464f-9b0e-13a3a9e97384}&quot;,&quot;minVersion&quot;:&quot;55.0.3&quot;,&quot;maxVersion&quot;:&quot;55.*&quot;}],&quot;targetPlatforms&quot;:[],&quot;multiprocessCompatible&quot;:true,&quot;seen&quot;:true,&quot;dependencies&quot;:[],&quot;hasEmbeddedWebExtension&quot;:false,&quot;mpcOptedOut&quot;:false,&quot;userPermissions&quot;:null,&quot;icons&quot;:{},&quot;iconURL&quot;:null,&quot;icon64URL&quot;:null}
1503858254873	addons.xpi	DEBUG	Updating XPIState for {&quot;id&quot;:&quot;firefox@getpocket.com&quot;,&quot;syncGUID&quot;:&quot;{584cbb33-70a8-4c67-a8e4-4184739ae719}&quot;,&quot;location&quot;:&quot;app-system-defaults&quot;,&quot;version&quot;:&quot;1.0.5&quot;,&quot;type&quot;:&quot;extension&quot;,&quot;internalName&quot;:null,&quot;updateURL&quot;:null,&quot;updateKey&quot;:null,&quot;optionsURL&quot;:null,&quot;optionsType&quot;:null,&quot;aboutURL&quot;:null,&quot;defaultLocale&quot;:{&quot;name&quot;:&quot;Pocket&quot;,&quot;description&quot;:&quot;When you find something you want to view later, put it in Pocket.&quot;,&quot;creator&quot;:null,&quot;homepageURL&quot;:null},&quot;visible&quot;:true,&quot;active&quot;:true,&quot;userDisabled&quot;:false,&quot;appDisabled&quot;:false,&quot;installDate&quot;:1503583803000,&quot;updateDate&quot;:1503583803000,&quot;applyBackgroundUpdates&quot;:1,&quot;bootstrap&quot;:true,&quot;path&quot;:&quot;C:\\Program Files\\Mozilla Firefox\\browser\\features\\firefox@getpocket.com.xpi&quot;,&quot;skinnable&quot;:false,&quot;size&quot;:862993,&quot;sourceURI&quot;:null,&quot;releaseNotesURI&quot;:null,&quot;softDisabled&quot;:false,&quot;foreignInstall&quot;:false,&quot;hasBinaryComponents&quot;:false,&quot;strictCompatibility&quot;:false,&quot;locales&quot;:[],&quot;targetApplications&quot;:[{&quot;id&quot;:&quot;{ec8030f7-c20a-464f-9b0e-13a3a9e97384}&quot;,&quot;minVersion&quot;:&quot;55.0.3&quot;,&quot;maxVersion&quot;:&quot;55.*&quot;}],&quot;targetPlatforms&quot;:[],&quot;multiprocessCompatible&quot;:true,&quot;seen&quot;:true,&quot;dependencies&quot;:[],&quot;hasEmbeddedWebExtension&quot;:false,&quot;mpcOptedOut&quot;:false,&quot;userPermissions&quot;:null,&quot;icons&quot;:{},&quot;iconURL&quot;:null,&quot;icon64URL&quot;:null}
1503858254873	addons.xpi	DEBUG	Updating XPIState for {&quot;id&quot;:&quot;followonsearch@mozilla.com&quot;,&quot;syncGUID&quot;:&quot;{7ec7e3fa-2d70-43b7-993e-f0f3097a8545}&quot;,&quot;location&quot;:&quot;app-system-defaults&quot;,&quot;version&quot;:&quot;0.9.1&quot;,&quot;type&quot;:&quot;extension&quot;,&quot;internalName&quot;:null,&quot;updateURL&quot;:null,&quot;updateKey&quot;:null,&quot;optionsURL&quot;:null,&quot;optionsType&quot;:null,&quot;aboutURL&quot;:null,&quot;defaultLocale&quot;:{&quot;name&quot;:&quot;Follow-on Search Telemetry&quot;,&quot;description&quot;:null,&quot;creator&quot;:null,&quot;homepageURL&quot;:null},&quot;visible&quot;:true,&quot;active&quot;:true,&quot;userDisabled&quot;:false,&quot;appDisabled&quot;:false,&quot;installDate&quot;:1503583803000,&quot;updateDate&quot;:1503583803000,&quot;applyBackgroundUpdates&quot;:1,&quot;bootstrap&quot;:true,&quot;path&quot;:&quot;C:\\Program Files\\Mozilla Firefox\\browser\\features\\followonsearch@mozilla.com.xpi&quot;,&quot;skinnable&quot;:false,&quot;size&quot;:16730,&quot;sourceURI&quot;:null,&quot;releaseNotesURI&quot;:null,&quot;softDisabled&quot;:false,&quot;foreignInstall&quot;:false,&quot;hasBinaryComponents&quot;:false,&quot;strictCompatibility&quot;:false,&quot;locales&quot;:[],&quot;targetApplications&quot;:[{&quot;id&quot;:&quot;{ec8030f7-c20a-464f-9b0e-13a3a9e97384}&quot;,&quot;minVersion&quot;:&quot;52.0&quot;,&quot;maxVersion&quot;:&quot;59.*&quot;}],&quot;targetPlatforms&quot;:[],&quot;multiprocessCompatible&quot;:true,&quot;seen&quot;:true,&quot;dependencies&quot;:[],&quot;hasEmbeddedWebExtension&quot;:false,&quot;mpcOptedOut&quot;:false,&quot;userPermissions&quot;:null,&quot;icons&quot;:{},&quot;iconURL&quot;:null,&quot;icon64URL&quot;:null}
1503858254903	addons.xpi	DEBUG	Updating XPIState for {&quot;id&quot;:&quot;screenshots@mozilla.org&quot;,&quot;syncGUID&quot;:&quot;{985958ca-8270-4d09-b8c6-deb41495fd50}&quot;,&quot;location&quot;:&quot;app-system-defaults&quot;,&quot;version&quot;:&quot;10.12.0&quot;,&quot;type&quot;:&quot;extension&quot;,&quot;internalName&quot;:null,&quot;updateURL&quot;:null,&quot;updateKey&quot;:null,&quot;optionsURL&quot;:null,&quot;optionsType&quot;:null,&quot;aboutURL&quot;:null,&quot;defaultLocale&quot;:{&quot;name&quot;:&quot;Firefox Screenshots&quot;,&quot;description&quot;:null,&quot;creator&quot;:null,&quot;homepageURL&quot;:&quot;https://pageshot.net/&quot;},&quot;visible&quot;:true,&quot;active&quot;:true,&quot;userDisabled&quot;:false,&quot;appDisabled&quot;:false,&quot;installDate&quot;:1503583804000,&quot;updateDate&quot;:1503583804000,&quot;applyBackgroundUpdates&quot;:1,&quot;bootstrap&quot;:true,&quot;path&quot;:&quot;C:\\Program Files\\Mozilla Firefox\\browser\\features\\screenshots@mozilla.org.xpi&quot;,&quot;skinnable&quot;:false,&quot;size&quot;:714554,&quot;sourceURI&quot;:null,&quot;releaseNotesURI&quot;:null,&quot;softDisabled&quot;:false,&quot;foreignInstall&quot;:false,&quot;hasBinaryComponents&quot;:false,&quot;strictCompatibility&quot;:false,&quot;locales&quot;:[],&quot;targetApplications&quot;:[{&quot;id&quot;:&quot;{ec8030f7-c20a-464f-9b0e-13a3a9e97384}&quot;,&quot;minVersion&quot;:&quot;51.0a1&quot;,&quot;maxVersion&quot;:&quot;*&quot;}],&quot;targetPlatforms&quot;:[],&quot;multiprocessCompatible&quot;:true,&quot;seen&quot;:true,&quot;dependencies&quot;:[],&quot;hasEmbeddedWebExtension&quot;:false,&quot;mpcOptedOut&quot;:false,&quot;userPermissions&quot;:null,&quot;icons&quot;:{},&quot;iconURL&quot;:null,&quot;icon64URL&quot;:null}
1503858254904	addons.xpi	DEBUG	Updating XPIState for {&quot;id&quot;:&quot;shield-recipe-client@mozilla.org&quot;,&quot;syncGUID&quot;:&quot;{23d40649-e1bf-464e-bfb3-4f4c6c77996d}&quot;,&quot;location&quot;:&quot;app-system-defaults&quot;,&quot;version&quot;:&quot;55.1&quot;,&quot;type&quot;:&quot;extension&quot;,&quot;internalName&quot;:null,&quot;updateURL&quot;:null,&quot;updateKey&quot;:null,&quot;optionsURL&quot;:null,&quot;optionsType&quot;:null,&quot;aboutURL&quot;:null,&quot;defaultLocale&quot;:{&quot;name&quot;:&quot;Shield Recipe Client&quot;,&quot;description&quot;:&quot;Client to download and run recipes for SHIELD, Heartbeat, etc.&quot;,&quot;creator&quot;:null,&quot;homepageURL&quot;:null},&quot;visible&quot;:true,&quot;active&quot;:true,&quot;userDisabled&quot;:false,&quot;appDisabled&quot;:false,&quot;installDate&quot;:1503583803000,&quot;updateDate&quot;:1503583803000,&quot;applyBackgroundUpdates&quot;:1,&quot;bootstrap&quot;:true,&quot;path&quot;:&quot;C:\\Program Files\\Mozilla Firefox\\browser\\features\\shield-recipe-client@mozilla.org.xpi&quot;,&quot;skinnable&quot;:false,&quot;size&quot;:140305,&quot;sourceURI&quot;:null,&quot;releaseNotesURI&quot;:null,&quot;softDisabled&quot;:false,&quot;foreignInstall&quot;:false,&quot;hasBinaryComponents&quot;:false,&quot;strictCompatibility&quot;:false,&quot;locales&quot;:[],&quot;targetApplications&quot;:[{&quot;id&quot;:&quot;{ec8030f7-c20a-464f-9b0e-13a3a9e97384}&quot;,&quot;minVersion&quot;:&quot;55.0.3&quot;,&quot;maxVersion&quot;:&quot;55.*&quot;}],&quot;targetPlatforms&quot;:[],&quot;multiprocessCompatible&quot;:true,&quot;seen&quot;:true,&quot;dependencies&quot;:[],&quot;hasEmbeddedWebExtension&quot;:false,&quot;mpcOptedOut&quot;:false,&quot;userPermissions&quot;:null,&quot;icons&quot;:{},&quot;iconURL&quot;:null,&quot;icon64URL&quot;:null}
1503858254904	addons.xpi	DEBUG	Updating XPIState for {&quot;id&quot;:&quot;webcompat@mozilla.org&quot;,&quot;syncGUID&quot;:&quot;{a6d01b58-aab7-4789-9de7-11244af24116}&quot;,&quot;location&quot;:&quot;app-system-defaults&quot;,&quot;version&quot;:&quot;1.1&quot;,&quot;type&quot;:&quot;extension&quot;,&quot;internalName&quot;:null,&quot;updateURL&quot;:null,&quot;updateKey&quot;:null,&quot;optionsURL&quot;:null,&quot;optionsType&quot;:null,&quot;aboutURL&quot;:null,&quot;defaultLocale&quot;:{&quot;name&quot;:&quot;Web Compat&quot;,&quot;description&quot;:&quot;Urgent post-release fixes for web compatibility.&quot;,&quot;creator&quot;:null,&quot;homepageURL&quot;:null},&quot;visible&quot;:true,&quot;active&quot;:true,&quot;userDisabled&quot;:false,&quot;appDisabled&quot;:false,&quot;installDate&quot;:1503583803000,&quot;updateDate&quot;:1503583803000,&quot;applyBackgroundUpdates&quot;:1,&quot;bootstrap&quot;:true,&quot;path&quot;:&quot;C:\\Program Files\\Mozilla Firefox\\browser\\features\\webcompat@mozilla.org.xpi&quot;,&quot;skinnable&quot;:false,&quot;size&quot;:8992,&quot;sourceURI&quot;:null,&quot;releaseNotesURI&quot;:null,&quot;softDisabled&quot;:false,&quot;foreignInstall&quot;:false,&quot;hasBinaryComponents&quot;:false,&quot;strictCompatibility&quot;:false,&quot;locales&quot;:[],&quot;targetApplications&quot;:[{&quot;id&quot;:&quot;{ec8030f7-c20a-464f-9b0e-13a3a9e97384}&quot;,&quot;minVersion&quot;:&quot;55.0.3&quot;,&quot;maxVersion&quot;:&quot;55.*&quot;}],&quot;targetPlatforms&quot;:[],&quot;multiprocessCompatible&quot;:true,&quot;seen&quot;:true,&quot;dependencies&quot;:[],&quot;hasEmbeddedWebExtension&quot;:false,&quot;mpcOptedOut&quot;:false,&quot;userPermissions&quot;:null,&quot;icons&quot;:{},&quot;iconURL&quot;:null,&quot;icon64URL&quot;:null}
1503858254904	addons.xpi	DEBUG	Updating XPIState for {&quot;id&quot;:&quot;{972ce4c6-7e08-4474-a285-3208198ce6fd}&quot;,&quot;syncGUID&quot;:&quot;{1c462417-b0b5-4c7d-aa7a-3836a1adc6e5}&quot;,&quot;location&quot;:&quot;app-global&quot;,&quot;version&quot;:&quot;55.0.3&quot;,&quot;type&quot;:&quot;theme&quot;,&quot;internalName&quot;:&quot;classic/1.0&quot;,&quot;updateURL&quot;:null,&quot;updateKey&quot;:null,&quot;optionsURL&quot;:null,&quot;optionsType&quot;:null,&quot;optionsBrowserStyle&quot;:null,&quot;aboutURL&quot;:null,&quot;defaultLocale&quot;:{&quot;name&quot;:&quot;Default&quot;,&quot;description&quot;:&quot;The default theme.&quot;,&quot;creator&quot;:&quot;Mozilla&quot;,&quot;homepageURL&quot;:null,&quot;contributors&quot;:[&quot;Mozilla Contributors&quot;]},&quot;visible&quot;:true,&quot;active&quot;:true,&quot;userDisabled&quot;:false,&quot;appDisabled&quot;:false,&quot;installDate&quot;:1503583803000,&quot;updateDate&quot;:1503583803000,&quot;applyBackgroundUpdates&quot;:1,&quot;path&quot;:&quot;C:\\Program Files\\Mozilla Firefox\\browser\\extensions\\{972ce4c6-7e08-4474-a285-3208198ce6fd}.xpi&quot;,&quot;skinnable&quot;:true,&quot;size&quot;:7559,&quot;sourceURI&quot;:null,&quot;releaseNotesURI&quot;:null,&quot;softDisabled&quot;:false,&quot;foreignInstall&quot;:false,&quot;hasBinaryComponents&quot;:false,&quot;strictCompatibility&quot;:true,&quot;locales&quot;:[],&quot;targetApplications&quot;:[{&quot;id&quot;:&quot;{ec8030f7-c20a-464f-9b0e-13a3a9e97384}&quot;,&quot;minVersion&quot;:&quot;55.0.3&quot;,&quot;maxVersion&quot;:&quot;55.0.3&quot;}],&quot;targetPlatforms&quot;:[],&quot;seen&quot;:true,&quot;dependencies&quot;:[],&quot;hasEmbeddedWebExtension&quot;:false,&quot;userPermissions&quot;:null,&quot;icons&quot;:{},&quot;iconURL&quot;:&quot;chrome://browser/content/default-theme-icon.svg&quot;,&quot;icon64URL&quot;:null}
1503858254947	DeferredSave.extensions.json	DEBUG	Save changes
1503858254948	addons.xpi	DEBUG	Updating database with changes to installed add-ons
1503858254948	addons.xpi-utils	DEBUG	Updating add-on states
1503858254953	addons.xpi	DEBUG	Registering manifest for C:\Program Files\Mozilla Firefox\browser\features\aushelper@mozilla.org.xpi
1503858254954	addons.xpi	DEBUG	Calling bootstrap method startup on aushelper@mozilla.org version 2.0
1503858254956	addons.xpi	DEBUG	Registering manifest for C:\Program Files\Mozilla Firefox\browser\features\clicktoplay-rollout@mozilla.org.xpi
1503858254956	addons.xpi	DEBUG	Calling bootstrap method startup on clicktoplay-rollout@mozilla.org version 1.2
1503858255014	addons.xpi	DEBUG	Registering manifest for C:\Program Files\Mozilla Firefox\browser\features\e10srollout@mozilla.org.xpi
1503858255014	addons.xpi	DEBUG	Calling bootstrap method startup on e10srollout@mozilla.org version 2.0
1503858255015	addons.xpi	DEBUG	Registering manifest for C:\Program Files\Mozilla Firefox\browser\features\firefox@getpocket.com.xpi
1503858255016	addons.xpi	DEBUG	Calling bootstrap method startup on firefox@getpocket.com version 1.0.5
1503858255056	addons.xpi	DEBUG	Registering manifest for C:\Program Files\Mozilla Firefox\browser\features\followonsearch@mozilla.com.xpi
1503858255057	addons.xpi	DEBUG	Calling bootstrap method startup on followonsearch@mozilla.com version 0.9.1
1503858255058	addons.xpi	DEBUG	Registering manifest for C:\Program Files\Mozilla Firefox\browser\features\screenshots@mozilla.org.xpi
1503858255060	addons.xpi	DEBUG	Calling bootstrap method startup on screenshots@mozilla.org version 10.12.0
1503858255060	addons.xpi	DEBUG	Registering manifest for C:\Program Files\Mozilla Firefox\browser\features\shield-recipe-client@mozilla.org.xpi
1503858255061	addons.xpi	DEBUG	Calling bootstrap method startup on shield-recipe-client@mozilla.org version 55.1
1503858255073	addons.xpi	DEBUG	Registering manifest for C:\Program Files\Mozilla Firefox\browser\features\webcompat@mozilla.org.xpi
1503858255073	addons.xpi	DEBUG	Calling bootstrap method startup on webcompat@mozilla.org version 1.1
1503858255082	addons.manager	DEBUG	Registering shutdown blocker for XPIProvider
1503858255082	addons.manager	DEBUG	Provider finished startup: XPIProvider
1503858255083	addons.manager	DEBUG	Starting provider: LightweightThemeManager
1503858255083	addons.manager	DEBUG	Registering shutdown blocker for LightweightThemeManager
1503858255083	addons.manager	DEBUG	Provider finished startup: LightweightThemeManager
1503858255085	addons.manager	DEBUG	Starting provider: GMPProvider
1503858255092	addons.manager	DEBUG	Registering shutdown blocker for GMPProvider
1503858255092	addons.manager	DEBUG	Provider finished startup: GMPProvider
1503858255092	addons.manager	DEBUG	Starting provider: PluginProvider
1503858255092	addons.manager	DEBUG	Registering shutdown blocker for PluginProvider
1503858255093	addons.manager	DEBUG	Provider finished startup: PluginProvider
1503858255094	addons.manager	DEBUG	Completed startup sequence
1503858255229	Marionette	INFO	Enabled via --marionette
1503858255481	addons.manager	DEBUG	Starting provider: PreviousExperimentProvider
1503858255481	addons.manager	DEBUG	Registering shutdown blocker for PreviousExperimentProvider
1503858255481	addons.manager	DEBUG	Provider finished startup: PreviousExperimentProvider
1503858255483	DeferredSave.extensions.json	DEBUG	Starting write
1503858255700	DeferredSave.extensions.json	DEBUG	Write succeeded
1503858255700	addons.xpi-utils	DEBUG	XPI Database saved, setting schema version preference to 21
1503858256761	addons.manager	DEBUG	Starting provider: &lt;unnamed-provider&gt;
1503858256761	addons.manager	DEBUG	Registering shutdown blocker for &lt;unnamed-provider&gt;
1503858256762	addons.manager	DEBUG	Provider finished startup: &lt;unnamed-provider&gt;
1503858256766	addons.xpi	INFO	Mapping aushelper@mozilla.org to C:\Program Files\Mozilla Firefox\browser\features\aushelper@mozilla.org.xpi
1503858256766	addons.xpi	INFO	Mapping clicktoplay-rollout@mozilla.org to C:\Program Files\Mozilla Firefox\browser\features\clicktoplay-rollout@mozilla.org.xpi
1503858256766	addons.xpi	INFO	Mapping e10srollout@mozilla.org to C:\Program Files\Mozilla Firefox\browser\features\e10srollout@mozilla.org.xpi
1503858256767	addons.xpi	INFO	Mapping firefox@getpocket.com to C:\Program Files\Mozilla Firefox\browser\features\firefox@getpocket.com.xpi
1503858256767	addons.xpi	INFO	Mapping followonsearch@mozilla.com to C:\Program Files\Mozilla Firefox\browser\features\followonsearch@mozilla.com.xpi
1503858256767	addons.xpi	INFO	Mapping screenshots@mozilla.org to C:\Program Files\Mozilla Firefox\browser\features\screenshots@mozilla.org.xpi
1503858256767	addons.xpi	INFO	Mapping shield-recipe-client@mozilla.org to C:\Program Files\Mozilla Firefox\browser\features\shield-recipe-client@mozilla.org.xpi
1503858256767	addons.xpi	INFO	Mapping webcompat@mozilla.org to C:\Program Files\Mozilla Firefox\browser\features\webcompat@mozilla.org.xpi
1503858256768	addons.xpi	DEBUG	Existing add-on aushelper@mozilla.org in app-system-defaults
1503858256768	addons.xpi	DEBUG	Existing add-on clicktoplay-rollout@mozilla.org in app-system-defaults
1503858256769	addons.xpi	DEBUG	Existing add-on e10srollout@mozilla.org in app-system-defaults
1503858256769	addons.xpi	DEBUG	Existing add-on firefox@getpocket.com in app-system-defaults
1503858256769	addons.xpi	DEBUG	Existing add-on followonsearch@mozilla.com in app-system-defaults
1503858256769	addons.xpi	DEBUG	Existing add-on screenshots@mozilla.org in app-system-defaults
1503858256770	addons.xpi	DEBUG	Existing add-on shield-recipe-client@mozilla.org in app-system-defaults
1503858256770	addons.xpi	DEBUG	Existing add-on webcompat@mozilla.org in app-system-defaults
1503858256770	addons.xpi	INFO	Mapping {972ce4c6-7e08-4474-a285-3208198ce6fd} to C:\Program Files\Mozilla Firefox\browser\extensions\{972ce4c6-7e08-4474-a285-3208198ce6fd}.xpi
1503858256771	addons.xpi	DEBUG	Existing add-on {972ce4c6-7e08-4474-a285-3208198ce6fd} in app-global
1503858256771	addons.xpi	DEBUG	getInstallState changed: false, state: {}
Unable to read VR Path Registry from C:\Users\Raja\AppData\Local\openvr\openvrpaths.vrpath
[GPU 4868] WARNING: pipe error: 109: file c:/builds/moz2_slave/m-rel-w64-00000000000000000000/build/src/ipc/chromium/src/chrome/common/ipc_channel_win.cc, line 346
1503858256843	addons.productaddons	INFO	sending request to: https://aus5.mozilla.org/update/3/GMP/55.0.3/20170824053622/WINNT_x86_64-msvc-x64/en-US/release/Windows_NT%2010.0.0.0%20(x64)/default/default/update.xml
1503858257012	Marionette	INFO	Listening on port 52687
1503858257019	Marionette	INFO	Listening on port 52687
1503858257484	Marionette	DEBUG	loaded listener.js
Aug 27, 2017 2:24:17 PM org.openqa.selenium.remote.ProtocolHandshake createSession
INFO: Detected dialect: W3C
Aug 27, 2017 2:24:17 PM org.openqa.selenium.firefox.FirefoxDriver warnAboutDeprecatedConstructor
WARNING: The FirefoxDriver constructor taking FirefoxProfile has been deprecated. Please use the FirefoxDriver(FirefoxOptions) constructor, configuring the FirefoxOptions like this: new FirefoxOptions().setProfile(profile)
1503858257550	Marionette	DEBUG	Received DOM event &quot;beforeunload&quot; for &quot;about:blank&quot;
1503858257648	addons.productaddons	INFO	Completed downloading document
1503858258188	Marionette	DEBUG	Received DOM event &quot;pagehide&quot; for &quot;about:blank&quot;
1503858258188	Marionette	DEBUG	Received DOM event &quot;unload&quot; for &quot;about:blank&quot;
1503858258583	addons.productaddons	INFO	downloadXHR File download. status=200
1503858258586	addons.productaddons	INFO	Downloaded file will be saved to C:\Users\Raja\AppData\Local\Temp\tmpaddon
1503858260472	Marionette	DEBUG	Received DOM event &quot;pageshow&quot; for &quot;http://toolsqa.com/automation-practice-form/&quot;
1503858260555	Marionette	DEBUG	Received DOM event &quot;DOMContentLoaded&quot; for &quot;http://toolsqa.com/automation-practice-form/&quot;
1503858260557	Marionette	DEBUG	Received DOM event &quot;pageshow&quot; for &quot;http://toolsqa.com/automation-practice-form/&quot;
1503858260559	Marionette	DEBUG	Received DOM event &quot;DOMContentLoaded&quot; for &quot;http://toolsqa.com/automation-practice-form/&quot;
1503858260561	Marionette	DEBUG	Received DOM event &quot;pageshow&quot; for &quot;http://toolsqa.com/automation-practice-form/&quot;
1503858260561	Marionette	DEBUG	Received DOM event &quot;DOMContentLoaded&quot; for &quot;http://toolsqa.com/automation-practice-form/&quot;
1503858260564	Marionette	DEBUG	Received DOM event &quot;pageshow&quot; for &quot;http://toolsqa.com/automation-practice-form/&quot;
1503858260574	Marionette	DEBUG	Received DOM event &quot;DOMContentLoaded&quot; for &quot;http://toolsqa.com/automation-practice-form/&quot;
1503858260576	Marionette	DEBUG	Received DOM event &quot;pageshow&quot; for &quot;http://toolsqa.com/automation-practice-form/&quot;
1503858260577	Marionette	DEBUG	Received DOM event &quot;DOMContentLoaded&quot; for &quot;http://toolsqa.com/automation-practice-form/&quot;
1503858260579	Marionette	DEBUG	Received DOM event &quot;pageshow&quot; for &quot;http://toolsqa.com/automation-practice-form/&quot;
Unable to read VR Path Registry from C:\Users\Raja\AppData\Local\openvr\openvrpaths.vrpath
JavaScript error: http://20tvni1sjxyh352kld2lslvc.wpengine.netdna-cdn.com/wp-content/themes/dt-the7/js/above-the-fold.min.js?ver=3.8.1, line 1: TypeError: jQuery.browser is undefined
JavaScript error: http://20tvni1sjxyh352kld2lslvc.wpengine.netdna-cdn.com/wp-content/themes/dt-the7/js/main.min.js?ver=3.8.1, line 7: TypeError: t.browser is undefined
1503858260640	Marionette	DEBUG	Received DOM event &quot;DOMContentLoaded&quot; for &quot;http://toolsqa.com/automation-practice-form/&quot;
1503858260915	Marionette	DEBUG	Received DOM event &quot;DOMContentLoaded&quot; for &quot;http://toolsqa.com/automation-practice-form/&quot;
1503858260916	Marionette	DEBUG	Received DOM event &quot;pageshow&quot; for &quot;http://toolsqa.com/automation-practice-form/&quot;
1503858260921	Marionette	DEBUG	Received DOM event &quot;DOMContentLoaded&quot; for &quot;http://toolsqa.com/automation-practice-form/&quot;
1503858260923	Marionette	DEBUG	Received DOM event &quot;DOMContentLoaded&quot; for &quot;https://googleads.g.doubleclick.net/pagead/html/r20170823/r20170110/zrt_lookup.html#&quot;
1503858260925	Marionette	DEBUG	Received DOM event &quot;pageshow&quot; for &quot;https://googleads.g.doubleclick.net/pagead/html/r20170823/r20170110/zrt_lookup.html#&quot;
1503858260987	Marionette	DEBUG	Received DOM event &quot;DOMContentLoaded&quot; for &quot;http://toolsqa.com/automation-practice-form/&quot;
1503858260989	Marionette	DEBUG	Received DOM event &quot;pageshow&quot; for &quot;http://toolsqa.com/automation-practice-form/&quot;
1503858260994	Marionette	DEBUG	Received DOM event &quot;DOMContentLoaded&quot; for &quot;http://toolsqa.com/automation-practice-form/&quot;
1503858261057	Marionette	DEBUG	Received DOM event &quot;DOMContentLoaded&quot; for &quot;http://toolsqa.com/automation-practice-form/&quot;
1503858261060	Marionette	DEBUG	Received DOM event &quot;pageshow&quot; for &quot;http://toolsqa.com/automation-practice-form/&quot;
1503858261065	Marionette	DEBUG	Received DOM event &quot;DOMContentLoaded&quot; for &quot;http://toolsqa.com/automation-practice-form/&quot;
1503858261098	addons.productaddons	INFO	downloadXHR File download. status=200
1503858261102	addons.productaddons	INFO	Downloaded file will be saved to C:\Users\Raja\AppData\Local\Temp\tmpaddon
1503858261143	Marionette	DEBUG	Received DOM event &quot;DOMContentLoaded&quot; for &quot;http://toolsqa.com/automation-practice-form/&quot;
1503858261151	Marionette	DEBUG	Received DOM event &quot;pageshow&quot; for &quot;http://toolsqa.com/automation-practice-form/&quot;
1503858261178	Marionette	DEBUG	Received DOM event &quot;DOMContentLoaded&quot; for &quot;http://toolsqa.com/automation-practice-form/&quot;
1503858261185	Marionette	DEBUG	Received DOM event &quot;DOMContentLoaded&quot; for &quot;http://toolsqa.com/automation-practice-form/&quot;
1503858261188	Marionette	DEBUG	Received DOM event &quot;pageshow&quot; for &quot;http://toolsqa.com/automation-practice-form/&quot;
1503858261271	Marionette	DEBUG	Received DOM event &quot;DOMContentLoaded&quot; for &quot;http://toolsqa.com/automation-practice-form/&quot;
1503858261275	Marionette	DEBUG	Received DOM event &quot;pageshow&quot; for &quot;http://toolsqa.com/automation-practice-form/&quot;
1503858261286	Marionette	DEBUG	Received DOM event &quot;DOMContentLoaded&quot; for &quot;http://toolsqa.com/automation-practice-form/&quot;
1503858261345	Marionette	DEBUG	Received DOM event &quot;pageshow&quot; for &quot;https://googleads.g.doubleclick.net/pagead/ads?client=ca-pub-1047755889750576&amp;format=300x250&amp;output=html&amp;h=250&amp;slotname=6452641845&amp;adk=4270930089&amp;adf=2688836749&amp;w=300&amp;lmt=1503858261&amp;avail_w=283&amp;flash=0&amp;url=http%3A%2F%2Ftoolsqa.com%2Fautomation-practice-form%2F&amp;wgl=1&amp;dt=1503858260479&amp;bpp=5&amp;bdt=2293&amp;fdt=514&amp;idt=539&amp;shv=r20170823&amp;cbv=r20170110&amp;saldr=aa&amp;prev_fmts=300x250%2C300x250&amp;correlator=5088792161612&amp;frm=20&amp;ga_vid=790692590.1503858259&amp;ga_sid=1503858261&amp;ga_hid=1442603827&amp;ga_fc=0&amp;pv=1&amp;icsg=2&amp;nhd=1&amp;dssz=2&amp;mdo=0&amp;mso=0&amp;u_tz=-240&amp;u_his=1&amp;u_java=0&amp;u_h=768&amp;u_w=1366&amp;u_ah=728&amp;u_aw=1366&amp;u_cd=24&amp;u_nplug=0&amp;u_nmime=0&amp;adx=1001&amp;ady=1389&amp;biw=1349&amp;bih=659&amp;abxe=1&amp;eid=10583695%2C575144605%2C21060714&amp;oid=3&amp;rx=0&amp;eae=0&amp;fc=528&amp;brdim=%2C%2C-8%2C-8%2C1366%2C0%2C1382%2C744%2C1366%2C659&amp;vis=1&amp;rsz=%7C%7CoeEbr%7C&amp;abl=CS&amp;ppjl=u&amp;pfx=0&amp;fu=16&amp;bc=1&amp;ifi=3&amp;xpc=FWU2Tii3q4&amp;p=http%3A//toolsqa.com&amp;dtd=567&quot;
1503858261441	Marionette	DEBUG	Received DOM event &quot;pageshow&quot; for &quot;https://googleads.g.doubleclick.net/pagead/ads?client=ca-pub-1047755889750576&amp;format=300x250&amp;output=html&amp;h=250&amp;slotname=7929375040&amp;adk=2405121282&amp;adf=1327851442&amp;w=300&amp;lmt=1503858261&amp;avail_w=283&amp;flash=0&amp;url=http%3A%2F%2Ftoolsqa.com%2Fautomation-practice-form%2F&amp;wgl=1&amp;dt=1503858260484&amp;bpp=1&amp;bdt=2298&amp;fdt=581&amp;idt=606&amp;shv=r20170823&amp;cbv=r20170110&amp;saldr=aa&amp;prev_fmts=300x250%2C300x250%2C300x250&amp;correlator=5088792161612&amp;frm=20&amp;ga_vid=790692590.1503858259&amp;ga_sid=1503858261&amp;ga_hid=1442603827&amp;ga_fc=0&amp;pv=1&amp;icsg=2&amp;nhd=1&amp;dssz=2&amp;mdo=0&amp;mso=0&amp;u_tz=-240&amp;u_his=1&amp;u_java=0&amp;u_h=768&amp;u_w=1366&amp;u_ah=728&amp;u_aw=1366&amp;u_cd=24&amp;u_nplug=0&amp;u_nmime=0&amp;adx=1001&amp;ady=1715&amp;biw=1349&amp;bih=659&amp;abxe=1&amp;eid=10583695%2C575144605%2C21060714&amp;oid=3&amp;rx=0&amp;eae=0&amp;fc=528&amp;brdim=%2C%2C-8%2C-8%2C1366%2C0%2C1382%2C744%2C1366%2C659&amp;vis=1&amp;rsz=%7C%7CoeEbr%7C&amp;abl=CS&amp;ppjl=u&amp;pfx=0&amp;fu=16&amp;bc=1&amp;ifi=4&amp;xpc=mozEXZHIlY&amp;p=http%3A//toolsqa.com&amp;dtd=640&quot;
1503858261455	Marionette	DEBUG	Received DOM event &quot;DOMContentLoaded&quot; for &quot;http://toolsqa.com/automation-practice-form/&quot;
1503858261458	Marionette	DEBUG	Received DOM event &quot;pageshow&quot; for &quot;http://toolsqa.com/automation-practice-form/&quot;
1503858261462	Marionette	DEBUG	Received DOM event &quot;DOMContentLoaded&quot; for &quot;http://toolsqa.com/automation-practice-form/&quot;
1503858261463	Marionette	DEBUG	Received DOM event &quot;DOMContentLoaded&quot; for &quot;https://googleads.g.doubleclick.net/pagead/ads?client=ca-pub-1047755889750576&amp;format=300x250&amp;output=html&amp;h=250&amp;slotname=6452641845&amp;adk=4270930089&amp;adf=2688836749&amp;w=300&amp;lmt=1503858261&amp;avail_w=283&amp;flash=0&amp;url=http%3A%2F%2Ftoolsqa.com%2Fautomation-practice-form%2F&amp;wgl=1&amp;dt=1503858260479&amp;bpp=5&amp;bdt=2293&amp;fdt=514&amp;idt=539&amp;shv=r20170823&amp;cbv=r20170110&amp;saldr=aa&amp;prev_fmts=300x250%2C300x250&amp;correlator=5088792161612&amp;frm=20&amp;ga_vid=790692590.1503858259&amp;ga_sid=1503858261&amp;ga_hid=1442603827&amp;ga_fc=0&amp;pv=1&amp;icsg=2&amp;nhd=1&amp;dssz=2&amp;mdo=0&amp;mso=0&amp;u_tz=-240&amp;u_his=1&amp;u_java=0&amp;u_h=768&amp;u_w=1366&amp;u_ah=728&amp;u_aw=1366&amp;u_cd=24&amp;u_nplug=0&amp;u_nmime=0&amp;adx=1001&amp;ady=1389&amp;biw=1349&amp;bih=659&amp;abxe=1&amp;eid=10583695%2C575144605%2C21060714&amp;oid=3&amp;rx=0&amp;eae=0&amp;fc=528&amp;brdim=%2C%2C-8%2C-8%2C1366%2C0%2C1382%2C744%2C1366%2C659&amp;vis=1&amp;rsz=%7C%7CoeEbr%7C&amp;abl=CS&amp;ppjl=u&amp;pfx=0&amp;fu=16&amp;bc=1&amp;ifi=3&amp;xpc=FWU2Tii3q4&amp;p=http%3A//toolsqa.com&amp;dtd=567&quot;
1503858261471	Marionette	DEBUG	Received DOM event &quot;DOMContentLoaded&quot; for &quot;https://googleads.g.doubleclick.net/pagead/ads?client=ca-pub-1047755889750576&amp;format=300x250&amp;output=html&amp;h=250&amp;slotname=7929375040&amp;adk=2405121282&amp;adf=1327851442&amp;w=300&amp;lmt=1503858261&amp;avail_w=283&amp;flash=0&amp;url=http%3A%2F%2Ftoolsqa.com%2Fautomation-practice-form%2F&amp;wgl=1&amp;dt=1503858260484&amp;bpp=1&amp;bdt=2298&amp;fdt=581&amp;idt=606&amp;shv=r20170823&amp;cbv=r20170110&amp;saldr=aa&amp;prev_fmts=300x250%2C300x250%2C300x250&amp;correlator=5088792161612&amp;frm=20&amp;ga_vid=790692590.1503858259&amp;ga_sid=1503858261&amp;ga_hid=1442603827&amp;ga_fc=0&amp;pv=1&amp;icsg=2&amp;nhd=1&amp;dssz=2&amp;mdo=0&amp;mso=0&amp;u_tz=-240&amp;u_his=1&amp;u_java=0&amp;u_h=768&amp;u_w=1366&amp;u_ah=728&amp;u_aw=1366&amp;u_cd=24&amp;u_nplug=0&amp;u_nmime=0&amp;adx=1001&amp;ady=1715&amp;biw=1349&amp;bih=659&amp;abxe=1&amp;eid=10583695%2C575144605%2C21060714&amp;oid=3&amp;rx=0&amp;eae=0&amp;fc=528&amp;brdim=%2C%2C-8%2C-8%2C1366%2C0%2C1382%2C744%2C1366%2C659&amp;vis=1&amp;rsz=%7C%7CoeEbr%7C&amp;abl=CS&amp;ppjl=u&amp;pfx=0&amp;fu=16&amp;bc=1&amp;ifi=4&amp;xpc=mozEXZHIlY&amp;p=http%3A//toolsqa.com&amp;dtd=640&quot;
1503858261609	Marionette	DEBUG	Received DOM event &quot;pageshow&quot; for &quot;https://googleads.g.doubleclick.net/pagead/ads?client=ca-pub-1047755889750576&amp;format=300x250&amp;output=html&amp;h=250&amp;slotname=3359574648&amp;adk=4238206852&amp;adf=1271012461&amp;w=300&amp;lmt=1503858261&amp;avail_w=283&amp;flash=0&amp;url=http%3A%2F%2Ftoolsqa.com%2Fautomation-practice-form%2F&amp;wgl=1&amp;dt=1503858260485&amp;bpp=2&amp;bdt=2299&amp;fdt=688&amp;idt=726&amp;shv=r20170823&amp;cbv=r20170110&amp;saldr=aa&amp;prev_fmts=300x250%2C300x250%2C300x250%2C300x250&amp;correlator=5088792161612&amp;frm=20&amp;ga_vid=790692590.1503858259&amp;ga_sid=1503858261&amp;ga_hid=1442603827&amp;ga_fc=0&amp;pv=1&amp;icsg=2&amp;nhd=1&amp;dssz=2&amp;mdo=0&amp;mso=0&amp;u_tz=-240&amp;u_his=1&amp;u_java=0&amp;u_h=768&amp;u_w=1366&amp;u_ah=728&amp;u_aw=1366&amp;u_cd=24&amp;u_nplug=0&amp;u_nmime=0&amp;adx=1001&amp;ady=2040&amp;biw=1349&amp;bih=659&amp;abxe=1&amp;eid=10583695%2C575144605%2C21060714&amp;oid=3&amp;rx=0&amp;eae=0&amp;fc=528&amp;brdim=%2C%2C-8%2C-8%2C1366%2C0%2C1382%2C744%2C1366%2C659&amp;vis=1&amp;rsz=%7C%7CoeEbr%7C&amp;abl=CS&amp;ppjl=u&amp;pfx=0&amp;fu=16&amp;bc=1&amp;ifi=5&amp;xpc=9dESSEE4TO&amp;p=http%3A//toolsqa.com&amp;dtd=760&quot;
1503858261625	Marionette	DEBUG	Received DOM event &quot;DOMContentLoaded&quot; for &quot;https://googleads.g.doubleclick.net/pagead/ads?client=ca-pub-1047755889750576&amp;format=300x250&amp;output=html&amp;h=250&amp;slotname=3359574648&amp;adk=4238206852&amp;adf=1271012461&amp;w=300&amp;lmt=1503858261&amp;avail_w=283&amp;flash=0&amp;url=http%3A%2F%2Ftoolsqa.com%2Fautomation-practice-form%2F&amp;wgl=1&amp;dt=1503858260485&amp;bpp=2&amp;bdt=2299&amp;fdt=688&amp;idt=726&amp;shv=r20170823&amp;cbv=r20170110&amp;saldr=aa&amp;prev_fmts=300x250%2C300x250%2C300x250%2C300x250&amp;correlator=5088792161612&amp;frm=20&amp;ga_vid=790692590.1503858259&amp;ga_sid=1503858261&amp;ga_hid=1442603827&amp;ga_fc=0&amp;pv=1&amp;icsg=2&amp;nhd=1&amp;dssz=2&amp;mdo=0&amp;mso=0&amp;u_tz=-240&amp;u_his=1&amp;u_java=0&amp;u_h=768&amp;u_w=1366&amp;u_ah=728&amp;u_aw=1366&amp;u_cd=24&amp;u_nplug=0&amp;u_nmime=0&amp;adx=1001&amp;ady=2040&amp;biw=1349&amp;bih=659&amp;abxe=1&amp;eid=10583695%2C575144605%2C21060714&amp;oid=3&amp;rx=0&amp;eae=0&amp;fc=528&amp;brdim=%2C%2C-8%2C-8%2C1366%2C0%2C1382%2C744%2C1366%2C659&amp;vis=1&amp;rsz=%7C%7CoeEbr%7C&amp;abl=CS&amp;ppjl=u&amp;pfx=0&amp;fu=16&amp;bc=1&amp;ifi=5&amp;xpc=9dESSEE4TO&amp;p=http%3A//toolsqa.com&amp;dtd=760&quot;
1503858261822	Marionette	DEBUG	Received DOM event &quot;pageshow&quot; for &quot;https://googleads.g.doubleclick.net/pagead/ads?client=ca-pub-1047755889750576&amp;format=300x250&amp;output=html&amp;h=250&amp;slotname=4836307844&amp;adk=1352056463&amp;adf=948696973&amp;w=300&amp;lmt=1503858261&amp;avail_w=283&amp;flash=0&amp;url=http%3A%2F%2Ftoolsqa.com%2Fautomation-practice-form%2F&amp;wgl=1&amp;dt=1503858260487&amp;bpp=2&amp;bdt=2301&amp;fdt=799&amp;idt=886&amp;shv=r20170823&amp;cbv=r20170110&amp;saldr=aa&amp;prev_fmts=300x250%2C300x250%2C300x250%2C300x250%2C300x250&amp;correlator=5088792161612&amp;frm=20&amp;ga_vid=790692590.1503858259&amp;ga_sid=1503858261&amp;ga_hid=1442603827&amp;ga_fc=0&amp;pv=1&amp;icsg=2&amp;nhd=1&amp;dssz=2&amp;mdo=0&amp;mso=0&amp;u_tz=-240&amp;u_his=1&amp;u_java=0&amp;u_h=768&amp;u_w=1366&amp;u_ah=728&amp;u_aw=1366&amp;u_cd=24&amp;u_nplug=0&amp;u_nmime=0&amp;adx=1001&amp;ady=2366&amp;biw=1349&amp;bih=659&amp;abxe=1&amp;eid=10583695%2C575144605%2C21060714&amp;oid=3&amp;rx=0&amp;eae=0&amp;fc=528&amp;brdim=%2C%2C-8%2C-8%2C1366%2C0%2C1382%2C744%2C1366%2C659&amp;vis=1&amp;rsz=%7C%7CoeEbr%7C&amp;abl=CS&amp;ppjl=u&amp;pfx=0&amp;fu=16&amp;bc=1&amp;ifi=6&amp;xpc=VOQSLhQslY&amp;p=http%3A//toolsqa.com&amp;dtd=922&quot;
1503858261891	Marionette	DEBUG	Received DOM event &quot;DOMContentLoaded&quot; for &quot;https://googleads.g.doubleclick.net/pagead/ads?client=ca-pub-1047755889750576&amp;format=300x250&amp;output=html&amp;h=250&amp;slotname=4836307844&amp;adk=1352056463&amp;adf=948696973&amp;w=300&amp;lmt=1503858261&amp;avail_w=283&amp;flash=0&amp;url=http%3A%2F%2Ftoolsqa.com%2Fautomation-practice-form%2F&amp;wgl=1&amp;dt=1503858260487&amp;bpp=2&amp;bdt=2301&amp;fdt=799&amp;idt=886&amp;shv=r20170823&amp;cbv=r20170110&amp;saldr=aa&amp;prev_fmts=300x250%2C300x250%2C300x250%2C300x250%2C300x250&amp;correlator=5088792161612&amp;frm=20&amp;ga_vid=790692590.1503858259&amp;ga_sid=1503858261&amp;ga_hid=1442603827&amp;ga_fc=0&amp;pv=1&amp;icsg=2&amp;nhd=1&amp;dssz=2&amp;mdo=0&amp;mso=0&amp;u_tz=-240&amp;u_his=1&amp;u_java=0&amp;u_h=768&amp;u_w=1366&amp;u_ah=728&amp;u_aw=1366&amp;u_cd=24&amp;u_nplug=0&amp;u_nmime=0&amp;adx=1001&amp;ady=2366&amp;biw=1349&amp;bih=659&amp;abxe=1&amp;eid=10583695%2C575144605%2C21060714&amp;oid=3&amp;rx=0&amp;eae=0&amp;fc=528&amp;brdim=%2C%2C-8%2C-8%2C1366%2C0%2C1382%2C744%2C1366%2C659&amp;vis=1&amp;rsz=%7C%7CoeEbr%7C&amp;abl=CS&amp;ppjl=u&amp;pfx=0&amp;fu=16&amp;bc=1&amp;ifi=6&amp;xpc=VOQSLhQslY&amp;p=http%3A//toolsqa.com&amp;dtd=922&quot;
1503858261892	Marionette	DEBUG	Received DOM event &quot;DOMContentLoaded&quot; for &quot;https://googleads.g.doubleclick.net/xbbe/pixel?d=CNa0PRCpmXEYnbf6IDAB&amp;v=APEucNX0K-xD3m4t2_NYRyE1qUsSd3mU8EVPLaWdmS4z8zS4tiDrXxSlOAuG7YALS8RJMUf0qruD&quot;
1503858261894	Marionette	DEBUG	Received DOM event &quot;DOMContentLoaded&quot; for &quot;https://googleads.g.doubleclick.net/xbbe/pixel?d=CNa0PRCpmXEYnbf6IDAB&amp;v=APEucNUc83rKTaGpW5s79qAU3K8Z9ZCGimbRKBRti1GqVuZLsquqr7LNlYU2RwljXuPKwkABlSs5&quot;
1503858262195	Marionette	DEBUG	Received DOM event &quot;DOMContentLoaded&quot; for &quot;https://googleads.g.doubleclick.net/pagead/ads?client=ca-pub-1047755889750576&amp;format=300x250&amp;output=html&amp;h=250&amp;slotname=3359574648&amp;adk=4238206852&amp;adf=1271012461&amp;w=300&amp;lmt=1503858261&amp;avail_w=283&amp;flash=0&amp;url=http%3A%2F%2Ftoolsqa.com%2Fautomation-practice-form%2F&amp;wgl=1&amp;dt=1503858260485&amp;bpp=2&amp;bdt=2299&amp;fdt=688&amp;idt=726&amp;shv=r20170823&amp;cbv=r20170110&amp;saldr=aa&amp;prev_fmts=300x250%2C300x250%2C300x250%2C300x250&amp;correlator=5088792161612&amp;frm=20&amp;ga_vid=790692590.1503858259&amp;ga_sid=1503858261&amp;ga_hid=1442603827&amp;ga_fc=0&amp;pv=1&amp;icsg=2&amp;nhd=1&amp;dssz=2&amp;mdo=0&amp;mso=0&amp;u_tz=-240&amp;u_his=1&amp;u_java=0&amp;u_h=768&amp;u_w=1366&amp;u_ah=728&amp;u_aw=1366&amp;u_cd=24&amp;u_nplug=0&amp;u_nmime=0&amp;adx=1001&amp;ady=2040&amp;biw=1349&amp;bih=659&amp;abxe=1&amp;eid=10583695%2C575144605%2C21060714&amp;oid=3&amp;rx=0&amp;eae=0&amp;fc=528&amp;brdim=%2C%2C-8%2C-8%2C1366%2C0%2C1382%2C744%2C1366%2C659&amp;vis=1&amp;rsz=%7C%7CoeEbr%7C&amp;abl=CS&amp;ppjl=u&amp;pfx=0&amp;fu=16&amp;bc=1&amp;ifi=5&amp;xpc=9dESSEE4TO&amp;p=http%3A//toolsqa.com&amp;dtd=760&quot;
1503858262209	Marionette	DEBUG	Received DOM event &quot;DOMContentLoaded&quot; for &quot;https://googleads.g.doubleclick.net/pagead/ads?client=ca-pub-1047755889750576&amp;format=300x250&amp;output=html&amp;h=250&amp;slotname=3499175441&amp;adk=3891715213&amp;adf=1531762661&amp;w=300&amp;lmt=1503858260&amp;avail_w=283&amp;flash=0&amp;url=http%3A%2F%2Ftoolsqa.com%2Fautomation-practice-form%2F&amp;wgl=1&amp;dt=1503858260474&amp;bpp=5&amp;bdt=2289&amp;fdt=447&amp;idt=475&amp;shv=r20170823&amp;cbv=r20170110&amp;saldr=aa&amp;prev_fmts=300x250&amp;correlator=5088792161612&amp;frm=20&amp;ga_vid=790692590.1503858259&amp;ga_sid=1503858261&amp;ga_hid=1442603827&amp;ga_fc=0&amp;pv=1&amp;icsg=2&amp;nhd=1&amp;dssz=2&amp;mdo=0&amp;mso=0&amp;u_tz=-240&amp;u_his=1&amp;u_java=0&amp;u_h=768&amp;u_w=1366&amp;u_ah=728&amp;u_aw=1366&amp;u_cd=24&amp;u_nplug=0&amp;u_nmime=0&amp;adx=1001&amp;ady=760&amp;biw=1349&amp;bih=659&amp;abxe=1&amp;eid=10583695%2C575144605%2C21060714&amp;oid=3&amp;rx=0&amp;eae=0&amp;fc=528&amp;brdim=%2C%2C-8%2C-8%2C1366%2C0%2C1382%2C744%2C1366%2C659&amp;vis=1&amp;rsz=%7C%7CoeEbr%7C&amp;abl=CS&amp;ppjl=u&amp;pfx=0&amp;fu=16&amp;bc=1&amp;ifi=2&amp;xpc=FGxBdBstMy&amp;p=http%3A//toolsqa.com&amp;dtd=499&quot;
1503858262300	Marionette	DEBUG	Received DOM event &quot;DOMContentLoaded&quot; for &quot;https://googleads.g.doubleclick.net/pagead/ads?client=ca-pub-1047755889750576&amp;format=300x250&amp;output=html&amp;h=250&amp;slotname=9545709042&amp;adk=1524733629&amp;adf=46871643&amp;w=300&amp;lmt=1503858260&amp;avail_w=283&amp;flash=0&amp;url=http%3A%2F%2Ftoolsqa.com%2Fautomation-practice-form%2F&amp;wgl=1&amp;dt=1503858260453&amp;bpp=6&amp;bdt=2268&amp;fdt=21&amp;idt=413&amp;shv=r20170823&amp;cbv=r20170110&amp;saldr=aa&amp;correlator=5088792161612&amp;frm=20&amp;ga_vid=790692590.1503858259&amp;ga_sid=1503858261&amp;ga_hid=1442603827&amp;ga_fc=0&amp;pv=2&amp;icsg=2&amp;nhd=1&amp;dssz=2&amp;mdo=0&amp;mso=0&amp;u_tz=-240&amp;u_his=1&amp;u_java=0&amp;u_h=768&amp;u_w=1366&amp;u_ah=728&amp;u_aw=1366&amp;u_cd=24&amp;u_nplug=0&amp;u_nmime=0&amp;adx=1001&amp;ady=434&amp;biw=1349&amp;bih=659&amp;abxe=1&amp;eid=10583695%2C575144605%2C21060714&amp;oid=3&amp;rx=0&amp;eae=0&amp;fc=528&amp;brdim=%2C%2C-8%2C-8%2C1366%2C0%2C1382%2C744%2C1366%2C659&amp;vis=1&amp;rsz=%7C%7CoeE%7C&amp;abl=CS&amp;ppjl=u&amp;pfx=0&amp;fu=16&amp;bc=1&amp;ifi=1&amp;xpc=MorAmdmXSu&amp;p=http%3A//toolsqa.com&amp;dtd=441&quot;
1503858262306	Marionette	DEBUG	Received DOM event &quot;DOMContentLoaded&quot; for &quot;https://googleads.g.doubleclick.net/pagead/ads?client=ca-pub-1047755889750576&amp;format=300x250&amp;output=html&amp;h=250&amp;slotname=7929375040&amp;adk=2405121282&amp;adf=1327851442&amp;w=300&amp;lmt=1503858261&amp;avail_w=283&amp;flash=0&amp;url=http%3A%2F%2Ftoolsqa.com%2Fautomation-practice-form%2F&amp;wgl=1&amp;dt=1503858260484&amp;bpp=1&amp;bdt=2298&amp;fdt=581&amp;idt=606&amp;shv=r20170823&amp;cbv=r20170110&amp;saldr=aa&amp;prev_fmts=300x250%2C300x250%2C300x250&amp;correlator=5088792161612&amp;frm=20&amp;ga_vid=790692590.1503858259&amp;ga_sid=1503858261&amp;ga_hid=1442603827&amp;ga_fc=0&amp;pv=1&amp;icsg=2&amp;nhd=1&amp;dssz=2&amp;mdo=0&amp;mso=0&amp;u_tz=-240&amp;u_his=1&amp;u_java=0&amp;u_h=768&amp;u_w=1366&amp;u_ah=728&amp;u_aw=1366&amp;u_cd=24&amp;u_nplug=0&amp;u_nmime=0&amp;adx=1001&amp;ady=1715&amp;biw=1349&amp;bih=659&amp;abxe=1&amp;eid=10583695%2C575144605%2C21060714&amp;oid=3&amp;rx=0&amp;eae=0&amp;fc=528&amp;brdim=%2C%2C-8%2C-8%2C1366%2C0%2C1382%2C744%2C1366%2C659&amp;vis=1&amp;rsz=%7C%7CoeEbr%7C&amp;abl=CS&amp;ppjl=u&amp;pfx=0&amp;fu=16&amp;bc=1&amp;ifi=4&amp;xpc=mozEXZHIlY&amp;p=http%3A//toolsqa.com&amp;dtd=640&quot;
1503858262314	Marionette	DEBUG	Received DOM event &quot;DOMContentLoaded&quot; for &quot;https://googleads.g.doubleclick.net/pagead/ads?client=ca-pub-1047755889750576&amp;format=300x250&amp;output=html&amp;h=250&amp;slotname=6452641845&amp;adk=4270930089&amp;adf=2688836749&amp;w=300&amp;lmt=1503858261&amp;avail_w=283&amp;flash=0&amp;url=http%3A%2F%2Ftoolsqa.com%2Fautomation-practice-form%2F&amp;wgl=1&amp;dt=1503858260479&amp;bpp=5&amp;bdt=2293&amp;fdt=514&amp;idt=539&amp;shv=r20170823&amp;cbv=r20170110&amp;saldr=aa&amp;prev_fmts=300x250%2C300x250&amp;correlator=5088792161612&amp;frm=20&amp;ga_vid=790692590.1503858259&amp;ga_sid=1503858261&amp;ga_hid=1442603827&amp;ga_fc=0&amp;pv=1&amp;icsg=2&amp;nhd=1&amp;dssz=2&amp;mdo=0&amp;mso=0&amp;u_tz=-240&amp;u_his=1&amp;u_java=0&amp;u_h=768&amp;u_w=1366&amp;u_ah=728&amp;u_aw=1366&amp;u_cd=24&amp;u_nplug=0&amp;u_nmime=0&amp;adx=1001&amp;ady=1389&amp;biw=1349&amp;bih=659&amp;abxe=1&amp;eid=10583695%2C575144605%2C21060714&amp;oid=3&amp;rx=0&amp;eae=0&amp;fc=528&amp;brdim=%2C%2C-8%2C-8%2C1366%2C0%2C1382%2C744%2C1366%2C659&amp;vis=1&amp;rsz=%7C%7CoeEbr%7C&amp;abl=CS&amp;ppjl=u&amp;pfx=0&amp;fu=16&amp;bc=1&amp;ifi=3&amp;xpc=FWU2Tii3q4&amp;p=http%3A//toolsqa.com&amp;dtd=567&quot;
1503858262407	Marionette	DEBUG	Received DOM event &quot;DOMContentLoaded&quot; for &quot;https://tpc.googlesyndication.com/sodar/9im3l02I.html&quot;
1503858262420	Marionette	DEBUG	Received DOM event &quot;pageshow&quot; for &quot;https://tpc.googlesyndication.com/sodar/9im3l02I.html&quot;
1503858262420	Marionette	DEBUG	Received DOM event &quot;DOMContentLoaded&quot; for &quot;https://tpc.googlesyndication.com/sodar/9im3l02I.html&quot;
1503858262423	Marionette	DEBUG	Received DOM event &quot;pageshow&quot; for &quot;https://tpc.googlesyndication.com/sodar/9im3l02I.html&quot;
1503858262425	Marionette	DEBUG	Received DOM event &quot;DOMContentLoaded&quot; for &quot;https://tpc.googlesyndication.com/sodar/9im3l02I.html&quot;
1503858262431	Marionette	DEBUG	Received DOM event &quot;pageshow&quot; for &quot;https://tpc.googlesyndication.com/sodar/9im3l02I.html&quot;
1503858262827	Marionette	DEBUG	Received DOM event &quot;DOMContentLoaded&quot; for &quot;https://googleads.g.doubleclick.net/xbbe/pixel?d=CNa0PRCpmXEYnbf6IDAB&amp;v=APEucNWJMQ_rnbwlb8aYJVwtrYJgX0bh4YPdaE5mBsO41RRwnrNnZMxTtURvCLIsXri9svM99rvf&quot;
1503858262860	Marionette	DEBUG	Received DOM event &quot;DOMContentLoaded&quot; for &quot;https://googleads.g.doubleclick.net/pagead/drt/s?v=r20120211&quot;
1503858262866	Marionette	DEBUG	Received DOM event &quot;pageshow&quot; for &quot;https://googleads.g.doubleclick.net/pagead/drt/s?v=r20120211&quot;
1503858262875	Marionette	DEBUG	Received DOM event &quot;pageshow&quot; for &quot;https://googleads.g.doubleclick.net/pagead/ads?client=ca-pub-1047755889750576&amp;format=300x250&amp;output=html&amp;h=250&amp;slotname=9545709042&amp;adk=1524733629&amp;adf=46871643&amp;w=300&amp;lmt=1503858260&amp;avail_w=283&amp;flash=0&amp;url=http%3A%2F%2Ftoolsqa.com%2Fautomation-practice-form%2F&amp;wgl=1&amp;dt=1503858260453&amp;bpp=6&amp;bdt=2268&amp;fdt=21&amp;idt=413&amp;shv=r20170823&amp;cbv=r20170110&amp;saldr=aa&amp;correlator=5088792161612&amp;frm=20&amp;ga_vid=790692590.1503858259&amp;ga_sid=1503858261&amp;ga_hid=1442603827&amp;ga_fc=0&amp;pv=2&amp;icsg=2&amp;nhd=1&amp;dssz=2&amp;mdo=0&amp;mso=0&amp;u_tz=-240&amp;u_his=1&amp;u_java=0&amp;u_h=768&amp;u_w=1366&amp;u_ah=728&amp;u_aw=1366&amp;u_cd=24&amp;u_nplug=0&amp;u_nmime=0&amp;adx=1001&amp;ady=434&amp;biw=1349&amp;bih=659&amp;abxe=1&amp;eid=10583695%2C575144605%2C21060714&amp;oid=3&amp;rx=0&amp;eae=0&amp;fc=528&amp;brdim=%2C%2C-8%2C-8%2C1366%2C0%2C1382%2C744%2C1366%2C659&amp;vis=1&amp;rsz=%7C%7CoeE%7C&amp;abl=CS&amp;ppjl=u&amp;pfx=0&amp;fu=16&amp;bc=1&amp;ifi=1&amp;xpc=MorAmdmXSu&amp;p=http%3A//toolsqa.com&amp;dtd=441&quot;
1503858262888	Marionette	DEBUG	Received DOM event &quot;pageshow&quot; for &quot;https://googleads.g.doubleclick.net/pagead/ads?client=ca-pub-1047755889750576&amp;format=300x250&amp;output=html&amp;h=250&amp;slotname=9545709042&amp;adk=1524733629&amp;adf=46871643&amp;w=300&amp;lmt=1503858260&amp;avail_w=283&amp;flash=0&amp;url=http%3A%2F%2Ftoolsqa.com%2Fautomation-practice-form%2F&amp;wgl=1&amp;dt=1503858260453&amp;bpp=6&amp;bdt=2268&amp;fdt=21&amp;idt=413&amp;shv=r20170823&amp;cbv=r20170110&amp;saldr=aa&amp;correlator=5088792161612&amp;frm=20&amp;ga_vid=790692590.1503858259&amp;ga_sid=1503858261&amp;ga_hid=1442603827&amp;ga_fc=0&amp;pv=2&amp;icsg=2&amp;nhd=1&amp;dssz=2&amp;mdo=0&amp;mso=0&amp;u_tz=-240&amp;u_his=1&amp;u_java=0&amp;u_h=768&amp;u_w=1366&amp;u_ah=728&amp;u_aw=1366&amp;u_cd=24&amp;u_nplug=0&amp;u_nmime=0&amp;adx=1001&amp;ady=434&amp;biw=1349&amp;bih=659&amp;abxe=1&amp;eid=10583695%2C575144605%2C21060714&amp;oid=3&amp;rx=0&amp;eae=0&amp;fc=528&amp;brdim=%2C%2C-8%2C-8%2C1366%2C0%2C1382%2C744%2C1366%2C659&amp;vis=1&amp;rsz=%7C%7CoeE%7C&amp;abl=CS&amp;ppjl=u&amp;pfx=0&amp;fu=16&amp;bc=1&amp;ifi=1&amp;xpc=MorAmdmXSu&amp;p=http%3A//toolsqa.com&amp;dtd=441&quot;
1503858262907	Marionette	DEBUG	Received DOM event &quot;pageshow&quot; for &quot;http://toolsqa.com/automation-practice-form/&quot;
1503858262908	Marionette	DEBUG	Received DOM event &quot;DOMContentLoaded&quot; for &quot;https://pagead2.googlesyndication.com/pagead/s/cookie_push.html#aHR0cHM6Ly9waXhlbC5ldmVyZXN0dGVjaC5uZXQvMS9tP3VybD1odHRwcyUzQSUyRiUyRmNtLmcuZG91YmxlY2xpY2submV0JTJGcGl4ZWwlM0Znb29nbGVfbmlkJTNEZXZlcmVzdCUyNmdvb2dsZV9obSUzRF9fRUZHU1VSRkVSX1VTQjY0X18lMjZnb29nbGVfcHVzaCUzREFITkYxM0kwMEV6Mmx2dGZET0dQNGRQS0Z4V1IyNTYzTXBjM3JiSm9COUdnVXcmZ29vZ2xlX2dpZD1DQUVTRUxRdGl4YmlXYlFLRzJMajNVdl9ncjQmZ29vZ2xlX2N2ZXI9MQ==,aHR0cHM6Ly9jbS5nLmRvdWJsZWNsaWNrLm5ldC9waXhlbC9hdHRyP2Q9QUhORjEzSmp5LXhWd2dhd255M2tsZm9vXzRKYzRDSk8tbUNR&quot;
1503858263001	Marionette	DEBUG	Received DOM event &quot;DOMContentLoaded&quot; for &quot;https://googleads.g.doubleclick.net/pagead/drt/s?v=r20120211&quot;
1503858263005	Marionette	DEBUG	Received DOM event &quot;pageshow&quot; for &quot;https://googleads.g.doubleclick.net/pagead/drt/s?v=r20120211&quot;
1503858263014	Marionette	DEBUG	Received DOM event &quot;pageshow&quot; for &quot;https://googleads.g.doubleclick.net/pagead/ads?client=ca-pub-1047755889750576&amp;format=300x250&amp;output=html&amp;h=250&amp;slotname=3499175441&amp;adk=3891715213&amp;adf=1531762661&amp;w=300&amp;lmt=1503858260&amp;avail_w=283&amp;flash=0&amp;url=http%3A%2F%2Ftoolsqa.com%2Fautomation-practice-form%2F&amp;wgl=1&amp;dt=1503858260474&amp;bpp=5&amp;bdt=2289&amp;fdt=447&amp;idt=475&amp;shv=r20170823&amp;cbv=r20170110&amp;saldr=aa&amp;prev_fmts=300x250&amp;correlator=5088792161612&amp;frm=20&amp;ga_vid=790692590.1503858259&amp;ga_sid=1503858261&amp;ga_hid=1442603827&amp;ga_fc=0&amp;pv=1&amp;icsg=2&amp;nhd=1&amp;dssz=2&amp;mdo=0&amp;mso=0&amp;u_tz=-240&amp;u_his=1&amp;u_java=0&amp;u_h=768&amp;u_w=1366&amp;u_ah=728&amp;u_aw=1366&amp;u_cd=24&amp;u_nplug=0&amp;u_nmime=0&amp;adx=1001&amp;ady=760&amp;biw=1349&amp;bih=659&amp;abxe=1&amp;eid=10583695%2C575144605%2C21060714&amp;oid=3&amp;rx=0&amp;eae=0&amp;fc=528&amp;brdim=%2C%2C-8%2C-8%2C1366%2C0%2C1382%2C744%2C1366%2C659&amp;vis=1&amp;rsz=%7C%7CoeEbr%7C&amp;abl=CS&amp;ppjl=u&amp;pfx=0&amp;fu=16&amp;bc=1&amp;ifi=2&amp;xpc=FGxBdBstMy&amp;p=http%3A//toolsqa.com&amp;dtd=499&quot;
1503858263029	Marionette	DEBUG	Received DOM event &quot;pageshow&quot; for &quot;https://googleads.g.doubleclick.net/pagead/ads?client=ca-pub-1047755889750576&amp;format=300x250&amp;output=html&amp;h=250&amp;slotname=3499175441&amp;adk=3891715213&amp;adf=1531762661&amp;w=300&amp;lmt=1503858260&amp;avail_w=283&amp;flash=0&amp;url=http%3A%2F%2Ftoolsqa.com%2Fautomation-practice-form%2F&amp;wgl=1&amp;dt=1503858260474&amp;bpp=5&amp;bdt=2289&amp;fdt=447&amp;idt=475&amp;shv=r20170823&amp;cbv=r20170110&amp;saldr=aa&amp;prev_fmts=300x250&amp;correlator=5088792161612&amp;frm=20&amp;ga_vid=790692590.1503858259&amp;ga_sid=1503858261&amp;ga_hid=1442603827&amp;ga_fc=0&amp;pv=1&amp;icsg=2&amp;nhd=1&amp;dssz=2&amp;mdo=0&amp;mso=0&amp;u_tz=-240&amp;u_his=1&amp;u_java=0&amp;u_h=768&amp;u_w=1366&amp;u_ah=728&amp;u_aw=1366&amp;u_cd=24&amp;u_nplug=0&amp;u_nmime=0&amp;adx=1001&amp;ady=760&amp;biw=1349&amp;bih=659&amp;abxe=1&amp;eid=10583695%2C575144605%2C21060714&amp;oid=3&amp;rx=0&amp;eae=0&amp;fc=528&amp;brdim=%2C%2C-8%2C-8%2C1366%2C0%2C1382%2C744%2C1366%2C659&amp;vis=1&amp;rsz=%7C%7CoeEbr%7C&amp;abl=CS&amp;ppjl=u&amp;pfx=0&amp;fu=16&amp;bc=1&amp;ifi=2&amp;xpc=FGxBdBstMy&amp;p=http%3A//toolsqa.com&amp;dtd=499&quot;
1503858263034	Marionette	DEBUG	Received DOM event &quot;pageshow&quot; for &quot;http://toolsqa.com/automation-practice-form/&quot;
1503858263037	Marionette	DEBUG	Received DOM event &quot;DOMContentLoaded&quot; for &quot;https://googleads.g.doubleclick.net/pagead/ads?client=ca-pub-1047755889750576&amp;format=300x250&amp;output=html&amp;h=250&amp;slotname=9545709042&amp;adk=1524733629&amp;adf=46871643&amp;w=300&amp;lmt=1503858260&amp;avail_w=283&amp;flash=0&amp;url=http%3A%2F%2Ftoolsqa.com%2Fautomation-practice-form%2F&amp;wgl=1&amp;dt=1503858260453&amp;bpp=6&amp;bdt=2268&amp;fdt=21&amp;idt=413&amp;shv=r20170823&amp;cbv=r20170110&amp;saldr=aa&amp;correlator=5088792161612&amp;frm=20&amp;ga_vid=790692590.1503858259&amp;ga_sid=1503858261&amp;ga_hid=1442603827&amp;ga_fc=0&amp;pv=2&amp;icsg=2&amp;nhd=1&amp;dssz=2&amp;mdo=0&amp;mso=0&amp;u_tz=-240&amp;u_his=1&amp;u_java=0&amp;u_h=768&amp;u_w=1366&amp;u_ah=728&amp;u_aw=1366&amp;u_cd=24&amp;u_nplug=0&amp;u_nmime=0&amp;adx=1001&amp;ady=434&amp;biw=1349&amp;bih=659&amp;abxe=1&amp;eid=10583695%2C575144605%2C21060714&amp;oid=3&amp;rx=0&amp;eae=0&amp;fc=528&amp;brdim=%2C%2C-8%2C-8%2C1366%2C0%2C1382%2C744%2C1366%2C659&amp;vis=1&amp;rsz=%7C%7CoeE%7C&amp;abl=CS&amp;ppjl=u&amp;pfx=0&amp;fu=16&amp;bc=1&amp;ifi=1&amp;xpc=MorAmdmXSu&amp;p=http%3A//toolsqa.com&amp;dtd=441&quot;
1503858263040	Marionette	DEBUG	Received DOM event &quot;pageshow&quot; for &quot;https://googleads.g.doubleclick.net/pagead/ads?client=ca-pub-1047755889750576&amp;format=300x250&amp;output=html&amp;h=250&amp;slotname=9545709042&amp;adk=1524733629&amp;adf=46871643&amp;w=300&amp;lmt=1503858260&amp;avail_w=283&amp;flash=0&amp;url=http%3A%2F%2Ftoolsqa.com%2Fautomation-practice-form%2F&amp;wgl=1&amp;dt=1503858260453&amp;bpp=6&amp;bdt=2268&amp;fdt=21&amp;idt=413&amp;shv=r20170823&amp;cbv=r20170110&amp;saldr=aa&amp;correlator=5088792161612&amp;frm=20&amp;ga_vid=790692590.1503858259&amp;ga_sid=1503858261&amp;ga_hid=1442603827&amp;ga_fc=0&amp;pv=2&amp;icsg=2&amp;nhd=1&amp;dssz=2&amp;mdo=0&amp;mso=0&amp;u_tz=-240&amp;u_his=1&amp;u_java=0&amp;u_h=768&amp;u_w=1366&amp;u_ah=728&amp;u_aw=1366&amp;u_cd=24&amp;u_nplug=0&amp;u_nmime=0&amp;adx=1001&amp;ady=434&amp;biw=1349&amp;bih=659&amp;abxe=1&amp;eid=10583695%2C575144605%2C21060714&amp;oid=3&amp;rx=0&amp;eae=0&amp;fc=528&amp;brdim=%2C%2C-8%2C-8%2C1366%2C0%2C1382%2C744%2C1366%2C659&amp;vis=1&amp;rsz=%7C%7CoeE%7C&amp;abl=CS&amp;ppjl=u&amp;pfx=0&amp;fu=16&amp;bc=1&amp;ifi=1&amp;xpc=MorAmdmXSu&amp;p=http%3A//toolsqa.com&amp;dtd=441&quot;
1503858263073	Marionette	DEBUG	Received DOM event &quot;DOMContentLoaded&quot; for &quot;https://googleads.g.doubleclick.net/pagead/ads?client=ca-pub-1047755889750576&amp;format=300x250&amp;output=html&amp;h=250&amp;slotname=3499175441&amp;adk=3891715213&amp;adf=1531762661&amp;w=300&amp;lmt=1503858260&amp;avail_w=283&amp;flash=0&amp;url=http%3A%2F%2Ftoolsqa.com%2Fautomation-practice-form%2F&amp;wgl=1&amp;dt=1503858260474&amp;bpp=5&amp;bdt=2289&amp;fdt=447&amp;idt=475&amp;shv=r20170823&amp;cbv=r20170110&amp;saldr=aa&amp;prev_fmts=300x250&amp;correlator=5088792161612&amp;frm=20&amp;ga_vid=790692590.1503858259&amp;ga_sid=1503858261&amp;ga_hid=1442603827&amp;ga_fc=0&amp;pv=1&amp;icsg=2&amp;nhd=1&amp;dssz=2&amp;mdo=0&amp;mso=0&amp;u_tz=-240&amp;u_his=1&amp;u_java=0&amp;u_h=768&amp;u_w=1366&amp;u_ah=728&amp;u_aw=1366&amp;u_cd=24&amp;u_nplug=0&amp;u_nmime=0&amp;adx=1001&amp;ady=760&amp;biw=1349&amp;bih=659&amp;abxe=1&amp;eid=10583695%2C575144605%2C21060714&amp;oid=3&amp;rx=0&amp;eae=0&amp;fc=528&amp;brdim=%2C%2C-8%2C-8%2C1366%2C0%2C1382%2C744%2C1366%2C659&amp;vis=1&amp;rsz=%7C%7CoeEbr%7C&amp;abl=CS&amp;ppjl=u&amp;pfx=0&amp;fu=16&amp;bc=1&amp;ifi=2&amp;xpc=FGxBdBstMy&amp;p=http%3A//toolsqa.com&amp;dtd=499&quot;
1503858263075	Marionette	DEBUG	Received DOM event &quot;pageshow&quot; for &quot;https://googleads.g.doubleclick.net/pagead/ads?client=ca-pub-1047755889750576&amp;format=300x250&amp;output=html&amp;h=250&amp;slotname=3499175441&amp;adk=3891715213&amp;adf=1531762661&amp;w=300&amp;lmt=1503858260&amp;avail_w=283&amp;flash=0&amp;url=http%3A%2F%2Ftoolsqa.com%2Fautomation-practice-form%2F&amp;wgl=1&amp;dt=1503858260474&amp;bpp=5&amp;bdt=2289&amp;fdt=447&amp;idt=475&amp;shv=r20170823&amp;cbv=r20170110&amp;saldr=aa&amp;prev_fmts=300x250&amp;correlator=5088792161612&amp;frm=20&amp;ga_vid=790692590.1503858259&amp;ga_sid=1503858261&amp;ga_hid=1442603827&amp;ga_fc=0&amp;pv=1&amp;icsg=2&amp;nhd=1&amp;dssz=2&amp;mdo=0&amp;mso=0&amp;u_tz=-240&amp;u_his=1&amp;u_java=0&amp;u_h=768&amp;u_w=1366&amp;u_ah=728&amp;u_aw=1366&amp;u_cd=24&amp;u_nplug=0&amp;u_nmime=0&amp;adx=1001&amp;ady=760&amp;biw=1349&amp;bih=659&amp;abxe=1&amp;eid=10583695%2C575144605%2C21060714&amp;oid=3&amp;rx=0&amp;eae=0&amp;fc=528&amp;brdim=%2C%2C-8%2C-8%2C1366%2C0%2C1382%2C744%2C1366%2C659&amp;vis=1&amp;rsz=%7C%7CoeEbr%7C&amp;abl=CS&amp;ppjl=u&amp;pfx=0&amp;fu=16&amp;bc=1&amp;ifi=2&amp;xpc=FGxBdBstMy&amp;p=http%3A//toolsqa.com&amp;dtd=499&quot;
1503858263096	Marionette	DEBUG	Received DOM event &quot;DOMContentLoaded&quot; for &quot;https://googleads.g.doubleclick.net/pagead/ads?client=ca-pub-1047755889750576&amp;format=300x250&amp;output=html&amp;h=250&amp;slotname=4836307844&amp;adk=1352056463&amp;adf=948696973&amp;w=300&amp;lmt=1503858261&amp;avail_w=283&amp;flash=0&amp;url=http%3A%2F%2Ftoolsqa.com%2Fautomation-practice-form%2F&amp;wgl=1&amp;dt=1503858260487&amp;bpp=2&amp;bdt=2301&amp;fdt=799&amp;idt=886&amp;shv=r20170823&amp;cbv=r20170110&amp;saldr=aa&amp;prev_fmts=300x250%2C300x250%2C300x250%2C300x250%2C300x250&amp;correlator=5088792161612&amp;frm=20&amp;ga_vid=790692590.1503858259&amp;ga_sid=1503858261&amp;ga_hid=1442603827&amp;ga_fc=0&amp;pv=1&amp;icsg=2&amp;nhd=1&amp;dssz=2&amp;mdo=0&amp;mso=0&amp;u_tz=-240&amp;u_his=1&amp;u_java=0&amp;u_h=768&amp;u_w=1366&amp;u_ah=728&amp;u_aw=1366&amp;u_cd=24&amp;u_nplug=0&amp;u_nmime=0&amp;adx=1001&amp;ady=2366&amp;biw=1349&amp;bih=659&amp;abxe=1&amp;eid=10583695%2C575144605%2C21060714&amp;oid=3&amp;rx=0&amp;eae=0&amp;fc=528&amp;brdim=%2C%2C-8%2C-8%2C1366%2C0%2C1382%2C744%2C1366%2C659&amp;vis=1&amp;rsz=%7C%7CoeEbr%7C&amp;abl=CS&amp;ppjl=u&amp;pfx=0&amp;fu=16&amp;bc=1&amp;ifi=6&amp;xpc=VOQSLhQslY&amp;p=http%3A//toolsqa.com&amp;dtd=922&quot;
1503858263142	Marionette	DEBUG	Received DOM event &quot;DOMContentLoaded&quot; for &quot;https://tpc.googlesyndication.com/sodar/9im3l02I.html&quot;
1503858263145	Marionette	DEBUG	Received DOM event &quot;pageshow&quot; for &quot;https://tpc.googlesyndication.com/sodar/9im3l02I.html&quot;
1503858263226	Marionette	DEBUG	Received observer notification &quot;outer-window-destroyed&quot; for &quot;2147483747&quot;
1503858263228	Marionette	DEBUG	Received DOM event &quot;DOMContentLoaded&quot; for &quot;https://googleads.g.doubleclick.net/xbbe/pixel?d=CNa0PRCpmXEYnbf6IDAB&amp;v=APEucNUOQumYJO9rbkAibH7uc_FBKQYFqNg1AH0ryFObuAENge1hFAtsgD8-bD5rRdDN7VsV9njR&quot;
1503858263230	Marionette	DEBUG	Received DOM event &quot;DOMContentLoaded&quot; for &quot;https://cm.g.doubleclick.net/push?client=ca-pub-1047755889750576&amp;srn=gdn&quot;
1503858263373	Marionette	DEBUG	Received observer notification &quot;outer-window-destroyed&quot; for &quot;2147483749&quot;
1503858263378	Marionette	DEBUG	Received DOM event &quot;pageshow&quot; for &quot;https://pagead2.googlesyndication.com/pagead/s/cookie_push.html#aHR0cHM6Ly9waXhlbC5ldmVyZXN0dGVjaC5uZXQvMS9tP3VybD1odHRwcyUzQSUyRiUyRmNtLmcuZG91YmxlY2xpY2submV0JTJGcGl4ZWwlM0Znb29nbGVfbmlkJTNEZXZlcmVzdCUyNmdvb2dsZV9obSUzRF9fRUZHU1VSRkVSX1VTQjY0X18lMjZnb29nbGVfcHVzaCUzREFITkYxM0kwMEV6Mmx2dGZET0dQNGRQS0Z4V1IyNTYzTXBjM3JiSm9COUdnVXcmZ29vZ2xlX2dpZD1DQUVTRUxRdGl4YmlXYlFLRzJMajNVdl9ncjQmZ29vZ2xlX2N2ZXI9MQ==,aHR0cHM6Ly9jbS5nLmRvdWJsZWNsaWNrLm5ldC9waXhlbC9hdHRyP2Q9QUhORjEzSmp5LXhWd2dhd255M2tsZm9vXzRKYzRDSk8tbUNR&quot;
1503858263495	Marionette	DEBUG	Received DOM event &quot;DOMContentLoaded&quot; for &quot;https://googleads.g.doubleclick.net/pagead/drt/si&quot;
1503858263498	Marionette	DEBUG	Received DOM event &quot;pageshow&quot; for &quot;https://googleads.g.doubleclick.net/pagead/drt/si&quot;
1503858263595	Marionette	DEBUG	Received DOM event &quot;DOMContentLoaded&quot; for &quot;https://googleads.g.doubleclick.net/pagead/drt/si&quot;
1503858263597	Marionette	DEBUG	Received DOM event &quot;pageshow&quot; for &quot;https://googleads.g.doubleclick.net/pagead/drt/si&quot;
1503858263838	Marionette	DEBUG	Received DOM event &quot;pageshow&quot; for &quot;https://cm.g.doubleclick.net/push?client=ca-pub-1047755889750576&amp;srn=gdn&quot;
1503858263858	Marionette	DEBUG	Received DOM event &quot;pageshow&quot; for &quot;https://googleads.g.doubleclick.net/xbbe/pixel?d=CNa0PRCpmXEYnbf6IDAB&amp;v=APEucNUOQumYJO9rbkAibH7uc_FBKQYFqNg1AH0ryFObuAENge1hFAtsgD8-bD5rRdDN7VsV9njR&quot;
1503858266301	Marionette	DEBUG	Received DOM event &quot;pageshow&quot; for &quot;https://googleads.g.doubleclick.net/xbbe/pixel?d=CNa0PRCpmXEYnbf6IDAB&amp;v=APEucNX0K-xD3m4t2_NYRyE1qUsSd3mU8EVPLaWdmS4z8zS4tiDrXxSlOAuG7YALS8RJMUf0qruD&quot;
1503858266386	Marionette	DEBUG	Received DOM event &quot;pageshow&quot; for &quot;https://googleads.g.doubleclick.net/xbbe/pixel?d=CNa0PRCpmXEYnbf6IDAB&amp;v=APEucNWJMQ_rnbwlb8aYJVwtrYJgX0bh4YPdaE5mBsO41RRwnrNnZMxTtURvCLIsXri9svM99rvf&quot;
1503858266388	Marionette	DEBUG	Received DOM event &quot;pageshow&quot; for &quot;https://googleads.g.doubleclick.net/xbbe/pixel?d=CNa0PRCpmXEYnbf6IDAB&amp;v=APEucNUc83rKTaGpW5s79qAU3K8Z9ZCGimbRKBRti1GqVuZLsquqr7LNlYU2RwljXuPKwkABlSs5&quot;
1503858267676	Marionette	DEBUG	Received DOM event &quot;DOMContentLoaded&quot; for &quot;https://googleads.g.doubleclick.net/pagead/ads?client=ca-pub-1047755889750576&amp;format=300x250&amp;output=html&amp;h=250&amp;slotname=3359574648&amp;adk=4238206852&amp;adf=1271012461&amp;w=300&amp;lmt=1503858261&amp;avail_w=283&amp;flash=0&amp;url=http%3A%2F%2Ftoolsqa.com%2Fautomation-practice-form%2F&amp;wgl=1&amp;dt=1503858260485&amp;bpp=2&amp;bdt=2299&amp;fdt=688&amp;idt=726&amp;shv=r20170823&amp;cbv=r20170110&amp;saldr=aa&amp;prev_fmts=300x250%2C300x250%2C300x250%2C300x250&amp;correlator=5088792161612&amp;frm=20&amp;ga_vid=790692590.1503858259&amp;ga_sid=1503858261&amp;ga_hid=1442603827&amp;ga_fc=0&amp;pv=1&amp;icsg=2&amp;nhd=1&amp;dssz=2&amp;mdo=0&amp;mso=0&amp;u_tz=-240&amp;u_his=1&amp;u_java=0&amp;u_h=768&amp;u_w=1366&amp;u_ah=728&amp;u_aw=1366&amp;u_cd=24&amp;u_nplug=0&amp;u_nmime=0&amp;adx=1001&amp;ady=2040&amp;biw=1349&amp;bih=659&amp;abxe=1&amp;eid=10583695%2C575144605%2C21060714&amp;oid=3&amp;rx=0&amp;eae=0&amp;fc=528&amp;brdim=%2C%2C-8%2C-8%2C1366%2C0%2C1382%2C744%2C1366%2C659&amp;vis=1&amp;rsz=%7C%7CoeEbr%7C&amp;abl=CS&amp;ppjl=u&amp;pfx=0&amp;fu=16&amp;bc=1&amp;ifi=5&amp;xpc=9dESSEE4TO&amp;p=http%3A//toolsqa.com&amp;dtd=760&quot;
1503858267684	Marionette	DEBUG	Received DOM event &quot;pageshow&quot; for &quot;https://googleads.g.doubleclick.net/pagead/ads?client=ca-pub-1047755889750576&amp;format=300x250&amp;output=html&amp;h=250&amp;slotname=3359574648&amp;adk=4238206852&amp;adf=1271012461&amp;w=300&amp;lmt=1503858261&amp;avail_w=283&amp;flash=0&amp;url=http%3A%2F%2Ftoolsqa.com%2Fautomation-practice-form%2F&amp;wgl=1&amp;dt=1503858260485&amp;bpp=2&amp;bdt=2299&amp;fdt=688&amp;idt=726&amp;shv=r20170823&amp;cbv=r20170110&amp;saldr=aa&amp;prev_fmts=300x250%2C300x250%2C300x250%2C300x250&amp;correlator=5088792161612&amp;frm=20&amp;ga_vid=790692590.1503858259&amp;ga_sid=1503858261&amp;ga_hid=1442603827&amp;ga_fc=0&amp;pv=1&amp;icsg=2&amp;nhd=1&amp;dssz=2&amp;mdo=0&amp;mso=0&amp;u_tz=-240&amp;u_his=1&amp;u_java=0&amp;u_h=768&amp;u_w=1366&amp;u_ah=728&amp;u_aw=1366&amp;u_cd=24&amp;u_nplug=0&amp;u_nmime=0&amp;adx=1001&amp;ady=2040&amp;biw=1349&amp;bih=659&amp;abxe=1&amp;eid=10583695%2C575144605%2C21060714&amp;oid=3&amp;rx=0&amp;eae=0&amp;fc=528&amp;brdim=%2C%2C-8%2C-8%2C1366%2C0%2C1382%2C744%2C1366%2C659&amp;vis=1&amp;rsz=%7C%7CoeEbr%7C&amp;abl=CS&amp;ppjl=u&amp;pfx=0&amp;fu=16&amp;bc=1&amp;ifi=5&amp;xpc=9dESSEE4TO&amp;p=http%3A//toolsqa.com&amp;dtd=760&quot;
1503858267687	Marionette	DEBUG	Received DOM event &quot;pageshow&quot; for &quot;https://googleads.g.doubleclick.net/pagead/ads?client=ca-pub-1047755889750576&amp;format=300x250&amp;output=html&amp;h=250&amp;slotname=3359574648&amp;adk=4238206852&amp;adf=1271012461&amp;w=300&amp;lmt=1503858261&amp;avail_w=283&amp;flash=0&amp;url=http%3A%2F%2Ftoolsqa.com%2Fautomation-practice-form%2F&amp;wgl=1&amp;dt=1503858260485&amp;bpp=2&amp;bdt=2299&amp;fdt=688&amp;idt=726&amp;shv=r20170823&amp;cbv=r20170110&amp;saldr=aa&amp;prev_fmts=300x250%2C300x250%2C300x250%2C300x250&amp;correlator=5088792161612&amp;frm=20&amp;ga_vid=790692590.1503858259&amp;ga_sid=1503858261&amp;ga_hid=1442603827&amp;ga_fc=0&amp;pv=1&amp;icsg=2&amp;nhd=1&amp;dssz=2&amp;mdo=0&amp;mso=0&amp;u_tz=-240&amp;u_his=1&amp;u_java=0&amp;u_h=768&amp;u_w=1366&amp;u_ah=728&amp;u_aw=1366&amp;u_cd=24&amp;u_nplug=0&amp;u_nmime=0&amp;adx=1001&amp;ady=2040&amp;biw=1349&amp;bih=659&amp;abxe=1&amp;eid=10583695%2C575144605%2C21060714&amp;oid=3&amp;rx=0&amp;eae=0&amp;fc=528&amp;brdim=%2C%2C-8%2C-8%2C1366%2C0%2C1382%2C744%2C1366%2C659&amp;vis=1&amp;rsz=%7C%7CoeEbr%7C&amp;abl=CS&amp;ppjl=u&amp;pfx=0&amp;fu=16&amp;bc=1&amp;ifi=5&amp;xpc=9dESSEE4TO&amp;p=http%3A//toolsqa.com&amp;dtd=760&quot;
1503858267702	Marionette	DEBUG	Received DOM event &quot;pageshow&quot; for &quot;https://googleads.g.doubleclick.net/pagead/ads?client=ca-pub-1047755889750576&amp;format=300x250&amp;output=html&amp;h=250&amp;slotname=3359574648&amp;adk=4238206852&amp;adf=1271012461&amp;w=300&amp;lmt=1503858261&amp;avail_w=283&amp;flash=0&amp;url=http%3A%2F%2Ftoolsqa.com%2Fautomation-practice-form%2F&amp;wgl=1&amp;dt=1503858260485&amp;bpp=2&amp;bdt=2299&amp;fdt=688&amp;idt=726&amp;shv=r20170823&amp;cbv=r20170110&amp;saldr=aa&amp;prev_fmts=300x250%2C300x250%2C300x250%2C300x250&amp;correlator=5088792161612&amp;frm=20&amp;ga_vid=790692590.1503858259&amp;ga_sid=1503858261&amp;ga_hid=1442603827&amp;ga_fc=0&amp;pv=1&amp;icsg=2&amp;nhd=1&amp;dssz=2&amp;mdo=0&amp;mso=0&amp;u_tz=-240&amp;u_his=1&amp;u_java=0&amp;u_h=768&amp;u_w=1366&amp;u_ah=728&amp;u_aw=1366&amp;u_cd=24&amp;u_nplug=0&amp;u_nmime=0&amp;adx=1001&amp;ady=2040&amp;biw=1349&amp;bih=659&amp;abxe=1&amp;eid=10583695%2C575144605%2C21060714&amp;oid=3&amp;rx=0&amp;eae=0&amp;fc=528&amp;brdim=%2C%2C-8%2C-8%2C1366%2C0%2C1382%2C744%2C1366%2C659&amp;vis=1&amp;rsz=%7C%7CoeEbr%7C&amp;abl=CS&amp;ppjl=u&amp;pfx=0&amp;fu=16&amp;bc=1&amp;ifi=5&amp;xpc=9dESSEE4TO&amp;p=http%3A//toolsqa.com&amp;dtd=760&quot;
1503858267710	Marionette	DEBUG	Received DOM event &quot;pageshow&quot; for &quot;http://toolsqa.com/automation-practice-form/&quot;
1503858267842	Marionette	DEBUG	Received DOM event &quot;DOMContentLoaded&quot; for &quot;https://googleads.g.doubleclick.net/pagead/ads?client=ca-pub-1047755889750576&amp;format=300x250&amp;output=html&amp;h=250&amp;slotname=6452641845&amp;adk=4270930089&amp;adf=2688836749&amp;w=300&amp;lmt=1503858261&amp;avail_w=283&amp;flash=0&amp;url=http%3A%2F%2Ftoolsqa.com%2Fautomation-practice-form%2F&amp;wgl=1&amp;dt=1503858260479&amp;bpp=5&amp;bdt=2293&amp;fdt=514&amp;idt=539&amp;shv=r20170823&amp;cbv=r20170110&amp;saldr=aa&amp;prev_fmts=300x250%2C300x250&amp;correlator=5088792161612&amp;frm=20&amp;ga_vid=790692590.1503858259&amp;ga_sid=1503858261&amp;ga_hid=1442603827&amp;ga_fc=0&amp;pv=1&amp;icsg=2&amp;nhd=1&amp;dssz=2&amp;mdo=0&amp;mso=0&amp;u_tz=-240&amp;u_his=1&amp;u_java=0&amp;u_h=768&amp;u_w=1366&amp;u_ah=728&amp;u_aw=1366&amp;u_cd=24&amp;u_nplug=0&amp;u_nmime=0&amp;adx=1001&amp;ady=1389&amp;biw=1349&amp;bih=659&amp;abxe=1&amp;eid=10583695%2C575144605%2C21060714&amp;oid=3&amp;rx=0&amp;eae=0&amp;fc=528&amp;brdim=%2C%2C-8%2C-8%2C1366%2C0%2C1382%2C744%2C1366%2C659&amp;vis=1&amp;rsz=%7C%7CoeEbr%7C&amp;abl=CS&amp;ppjl=u&amp;pfx=0&amp;fu=16&amp;bc=1&amp;ifi=3&amp;xpc=FWU2Tii3q4&amp;p=http%3A//toolsqa.com&amp;dtd=567&quot;
1503858267845	Marionette	DEBUG	Received DOM event &quot;pageshow&quot; for &quot;https://googleads.g.doubleclick.net/pagead/ads?client=ca-pub-1047755889750576&amp;format=300x250&amp;output=html&amp;h=250&amp;slotname=6452641845&amp;adk=4270930089&amp;adf=2688836749&amp;w=300&amp;lmt=1503858261&amp;avail_w=283&amp;flash=0&amp;url=http%3A%2F%2Ftoolsqa.com%2Fautomation-practice-form%2F&amp;wgl=1&amp;dt=1503858260479&amp;bpp=5&amp;bdt=2293&amp;fdt=514&amp;idt=539&amp;shv=r20170823&amp;cbv=r20170110&amp;saldr=aa&amp;prev_fmts=300x250%2C300x250&amp;correlator=5088792161612&amp;frm=20&amp;ga_vid=790692590.1503858259&amp;ga_sid=1503858261&amp;ga_hid=1442603827&amp;ga_fc=0&amp;pv=1&amp;icsg=2&amp;nhd=1&amp;dssz=2&amp;mdo=0&amp;mso=0&amp;u_tz=-240&amp;u_his=1&amp;u_java=0&amp;u_h=768&amp;u_w=1366&amp;u_ah=728&amp;u_aw=1366&amp;u_cd=24&amp;u_nplug=0&amp;u_nmime=0&amp;adx=1001&amp;ady=1389&amp;biw=1349&amp;bih=659&amp;abxe=1&amp;eid=10583695%2C575144605%2C21060714&amp;oid=3&amp;rx=0&amp;eae=0&amp;fc=528&amp;brdim=%2C%2C-8%2C-8%2C1366%2C0%2C1382%2C744%2C1366%2C659&amp;vis=1&amp;rsz=%7C%7CoeEbr%7C&amp;abl=CS&amp;ppjl=u&amp;pfx=0&amp;fu=16&amp;bc=1&amp;ifi=3&amp;xpc=FWU2Tii3q4&amp;p=http%3A//toolsqa.com&amp;dtd=567&quot;
1503858267852	Marionette	DEBUG	Received DOM event &quot;pageshow&quot; for &quot;https://googleads.g.doubleclick.net/pagead/ads?client=ca-pub-1047755889750576&amp;format=300x250&amp;output=html&amp;h=250&amp;slotname=6452641845&amp;adk=4270930089&amp;adf=2688836749&amp;w=300&amp;lmt=1503858261&amp;avail_w=283&amp;flash=0&amp;url=http%3A%2F%2Ftoolsqa.com%2Fautomation-practice-form%2F&amp;wgl=1&amp;dt=1503858260479&amp;bpp=5&amp;bdt=2293&amp;fdt=514&amp;idt=539&amp;shv=r20170823&amp;cbv=r20170110&amp;saldr=aa&amp;prev_fmts=300x250%2C300x250&amp;correlator=5088792161612&amp;frm=20&amp;ga_vid=790692590.1503858259&amp;ga_sid=1503858261&amp;ga_hid=1442603827&amp;ga_fc=0&amp;pv=1&amp;icsg=2&amp;nhd=1&amp;dssz=2&amp;mdo=0&amp;mso=0&amp;u_tz=-240&amp;u_his=1&amp;u_java=0&amp;u_h=768&amp;u_w=1366&amp;u_ah=728&amp;u_aw=1366&amp;u_cd=24&amp;u_nplug=0&amp;u_nmime=0&amp;adx=1001&amp;ady=1389&amp;biw=1349&amp;bih=659&amp;abxe=1&amp;eid=10583695%2C575144605%2C21060714&amp;oid=3&amp;rx=0&amp;eae=0&amp;fc=528&amp;brdim=%2C%2C-8%2C-8%2C1366%2C0%2C1382%2C744%2C1366%2C659&amp;vis=1&amp;rsz=%7C%7CoeEbr%7C&amp;abl=CS&amp;ppjl=u&amp;pfx=0&amp;fu=16&amp;bc=1&amp;ifi=3&amp;xpc=FWU2Tii3q4&amp;p=http%3A//toolsqa.com&amp;dtd=567&quot;
1503858267869	Marionette	DEBUG	Received DOM event &quot;pageshow&quot; for &quot;https://googleads.g.doubleclick.net/pagead/ads?client=ca-pub-1047755889750576&amp;format=300x250&amp;output=html&amp;h=250&amp;slotname=6452641845&amp;adk=4270930089&amp;adf=2688836749&amp;w=300&amp;lmt=1503858261&amp;avail_w=283&amp;flash=0&amp;url=http%3A%2F%2Ftoolsqa.com%2Fautomation-practice-form%2F&amp;wgl=1&amp;dt=1503858260479&amp;bpp=5&amp;bdt=2293&amp;fdt=514&amp;idt=539&amp;shv=r20170823&amp;cbv=r20170110&amp;saldr=aa&amp;prev_fmts=300x250%2C300x250&amp;correlator=5088792161612&amp;frm=20&amp;ga_vid=790692590.1503858259&amp;ga_sid=1503858261&amp;ga_hid=1442603827&amp;ga_fc=0&amp;pv=1&amp;icsg=2&amp;nhd=1&amp;dssz=2&amp;mdo=0&amp;mso=0&amp;u_tz=-240&amp;u_his=1&amp;u_java=0&amp;u_h=768&amp;u_w=1366&amp;u_ah=728&amp;u_aw=1366&amp;u_cd=24&amp;u_nplug=0&amp;u_nmime=0&amp;adx=1001&amp;ady=1389&amp;biw=1349&amp;bih=659&amp;abxe=1&amp;eid=10583695%2C575144605%2C21060714&amp;oid=3&amp;rx=0&amp;eae=0&amp;fc=528&amp;brdim=%2C%2C-8%2C-8%2C1366%2C0%2C1382%2C744%2C1366%2C659&amp;vis=1&amp;rsz=%7C%7CoeEbr%7C&amp;abl=CS&amp;ppjl=u&amp;pfx=0&amp;fu=16&amp;bc=1&amp;ifi=3&amp;xpc=FWU2Tii3q4&amp;p=http%3A//toolsqa.com&amp;dtd=567&quot;
1503858267879	Marionette	DEBUG	Received DOM event &quot;pageshow&quot; for &quot;http://toolsqa.com/automation-practice-form/&quot;
1503858267882	Marionette	DEBUG	Received DOM event &quot;DOMContentLoaded&quot; for &quot;https://googleads.g.doubleclick.net/pagead/ads?client=ca-pub-1047755889750576&amp;format=300x250&amp;output=html&amp;h=250&amp;slotname=4836307844&amp;adk=1352056463&amp;adf=948696973&amp;w=300&amp;lmt=1503858261&amp;avail_w=283&amp;flash=0&amp;url=http%3A%2F%2Ftoolsqa.com%2Fautomation-practice-form%2F&amp;wgl=1&amp;dt=1503858260487&amp;bpp=2&amp;bdt=2301&amp;fdt=799&amp;idt=886&amp;shv=r20170823&amp;cbv=r20170110&amp;saldr=aa&amp;prev_fmts=300x250%2C300x250%2C300x250%2C300x250%2C300x250&amp;correlator=5088792161612&amp;frm=20&amp;ga_vid=790692590.1503858259&amp;ga_sid=1503858261&amp;ga_hid=1442603827&amp;ga_fc=0&amp;pv=1&amp;icsg=2&amp;nhd=1&amp;dssz=2&amp;mdo=0&amp;mso=0&amp;u_tz=-240&amp;u_his=1&amp;u_java=0&amp;u_h=768&amp;u_w=1366&amp;u_ah=728&amp;u_aw=1366&amp;u_cd=24&amp;u_nplug=0&amp;u_nmime=0&amp;adx=1001&amp;ady=2366&amp;biw=1349&amp;bih=659&amp;abxe=1&amp;eid=10583695%2C575144605%2C21060714&amp;oid=3&amp;rx=0&amp;eae=0&amp;fc=528&amp;brdim=%2C%2C-8%2C-8%2C1366%2C0%2C1382%2C744%2C1366%2C659&amp;vis=1&amp;rsz=%7C%7CoeEbr%7C&amp;abl=CS&amp;ppjl=u&amp;pfx=0&amp;fu=16&amp;bc=1&amp;ifi=6&amp;xpc=VOQSLhQslY&amp;p=http%3A//toolsqa.com&amp;dtd=922&quot;
1503858267887	Marionette	DEBUG	Received DOM event &quot;pageshow&quot; for &quot;https://googleads.g.doubleclick.net/pagead/ads?client=ca-pub-1047755889750576&amp;format=300x250&amp;output=html&amp;h=250&amp;slotname=4836307844&amp;adk=1352056463&amp;adf=948696973&amp;w=300&amp;lmt=1503858261&amp;avail_w=283&amp;flash=0&amp;url=http%3A%2F%2Ftoolsqa.com%2Fautomation-practice-form%2F&amp;wgl=1&amp;dt=1503858260487&amp;bpp=2&amp;bdt=2301&amp;fdt=799&amp;idt=886&amp;shv=r20170823&amp;cbv=r20170110&amp;saldr=aa&amp;prev_fmts=300x250%2C300x250%2C300x250%2C300x250%2C300x250&amp;correlator=5088792161612&amp;frm=20&amp;ga_vid=790692590.1503858259&amp;ga_sid=1503858261&amp;ga_hid=1442603827&amp;ga_fc=0&amp;pv=1&amp;icsg=2&amp;nhd=1&amp;dssz=2&amp;mdo=0&amp;mso=0&amp;u_tz=-240&amp;u_his=1&amp;u_java=0&amp;u_h=768&amp;u_w=1366&amp;u_ah=728&amp;u_aw=1366&amp;u_cd=24&amp;u_nplug=0&amp;u_nmime=0&amp;adx=1001&amp;ady=2366&amp;biw=1349&amp;bih=659&amp;abxe=1&amp;eid=10583695%2C575144605%2C21060714&amp;oid=3&amp;rx=0&amp;eae=0&amp;fc=528&amp;brdim=%2C%2C-8%2C-8%2C1366%2C0%2C1382%2C744%2C1366%2C659&amp;vis=1&amp;rsz=%7C%7CoeEbr%7C&amp;abl=CS&amp;ppjl=u&amp;pfx=0&amp;fu=16&amp;bc=1&amp;ifi=6&amp;xpc=VOQSLhQslY&amp;p=http%3A//toolsqa.com&amp;dtd=922&quot;
1503858267890	Marionette	DEBUG	Received DOM event &quot;pageshow&quot; for &quot;https://googleads.g.doubleclick.net/pagead/ads?client=ca-pub-1047755889750576&amp;format=300x250&amp;output=html&amp;h=250&amp;slotname=4836307844&amp;adk=1352056463&amp;adf=948696973&amp;w=300&amp;lmt=1503858261&amp;avail_w=283&amp;flash=0&amp;url=http%3A%2F%2Ftoolsqa.com%2Fautomation-practice-form%2F&amp;wgl=1&amp;dt=1503858260487&amp;bpp=2&amp;bdt=2301&amp;fdt=799&amp;idt=886&amp;shv=r20170823&amp;cbv=r20170110&amp;saldr=aa&amp;prev_fmts=300x250%2C300x250%2C300x250%2C300x250%2C300x250&amp;correlator=5088792161612&amp;frm=20&amp;ga_vid=790692590.1503858259&amp;ga_sid=1503858261&amp;ga_hid=1442603827&amp;ga_fc=0&amp;pv=1&amp;icsg=2&amp;nhd=1&amp;dssz=2&amp;mdo=0&amp;mso=0&amp;u_tz=-240&amp;u_his=1&amp;u_java=0&amp;u_h=768&amp;u_w=1366&amp;u_ah=728&amp;u_aw=1366&amp;u_cd=24&amp;u_nplug=0&amp;u_nmime=0&amp;adx=1001&amp;ady=2366&amp;biw=1349&amp;bih=659&amp;abxe=1&amp;eid=10583695%2C575144605%2C21060714&amp;oid=3&amp;rx=0&amp;eae=0&amp;fc=528&amp;brdim=%2C%2C-8%2C-8%2C1366%2C0%2C1382%2C744%2C1366%2C659&amp;vis=1&amp;rsz=%7C%7CoeEbr%7C&amp;abl=CS&amp;ppjl=u&amp;pfx=0&amp;fu=16&amp;bc=1&amp;ifi=6&amp;xpc=VOQSLhQslY&amp;p=http%3A//toolsqa.com&amp;dtd=922&quot;
1503858267905	Marionette	DEBUG	Received DOM event &quot;pageshow&quot; for &quot;https://googleads.g.doubleclick.net/pagead/ads?client=ca-pub-1047755889750576&amp;format=300x250&amp;output=html&amp;h=250&amp;slotname=4836307844&amp;adk=1352056463&amp;adf=948696973&amp;w=300&amp;lmt=1503858261&amp;avail_w=283&amp;flash=0&amp;url=http%3A%2F%2Ftoolsqa.com%2Fautomation-practice-form%2F&amp;wgl=1&amp;dt=1503858260487&amp;bpp=2&amp;bdt=2301&amp;fdt=799&amp;idt=886&amp;shv=r20170823&amp;cbv=r20170110&amp;saldr=aa&amp;prev_fmts=300x250%2C300x250%2C300x250%2C300x250%2C300x250&amp;correlator=5088792161612&amp;frm=20&amp;ga_vid=790692590.1503858259&amp;ga_sid=1503858261&amp;ga_hid=1442603827&amp;ga_fc=0&amp;pv=1&amp;icsg=2&amp;nhd=1&amp;dssz=2&amp;mdo=0&amp;mso=0&amp;u_tz=-240&amp;u_his=1&amp;u_java=0&amp;u_h=768&amp;u_w=1366&amp;u_ah=728&amp;u_aw=1366&amp;u_cd=24&amp;u_nplug=0&amp;u_nmime=0&amp;adx=1001&amp;ady=2366&amp;biw=1349&amp;bih=659&amp;abxe=1&amp;eid=10583695%2C575144605%2C21060714&amp;oid=3&amp;rx=0&amp;eae=0&amp;fc=528&amp;brdim=%2C%2C-8%2C-8%2C1366%2C0%2C1382%2C744%2C1366%2C659&amp;vis=1&amp;rsz=%7C%7CoeEbr%7C&amp;abl=CS&amp;ppjl=u&amp;pfx=0&amp;fu=16&amp;bc=1&amp;ifi=6&amp;xpc=VOQSLhQslY&amp;p=http%3A//toolsqa.com&amp;dtd=922&quot;
1503858267912	Marionette	DEBUG	Received DOM event &quot;pageshow&quot; for &quot;http://toolsqa.com/automation-practice-form/&quot;
1503858267923	Marionette	DEBUG	Received DOM event &quot;DOMContentLoaded&quot; for &quot;https://googleads.g.doubleclick.net/pagead/ads?client=ca-pub-1047755889750576&amp;format=300x250&amp;output=html&amp;h=250&amp;slotname=7929375040&amp;adk=2405121282&amp;adf=1327851442&amp;w=300&amp;lmt=1503858261&amp;avail_w=283&amp;flash=0&amp;url=http%3A%2F%2Ftoolsqa.com%2Fautomation-practice-form%2F&amp;wgl=1&amp;dt=1503858260484&amp;bpp=1&amp;bdt=2298&amp;fdt=581&amp;idt=606&amp;shv=r20170823&amp;cbv=r20170110&amp;saldr=aa&amp;prev_fmts=300x250%2C300x250%2C300x250&amp;correlator=5088792161612&amp;frm=20&amp;ga_vid=790692590.1503858259&amp;ga_sid=1503858261&amp;ga_hid=1442603827&amp;ga_fc=0&amp;pv=1&amp;icsg=2&amp;nhd=1&amp;dssz=2&amp;mdo=0&amp;mso=0&amp;u_tz=-240&amp;u_his=1&amp;u_java=0&amp;u_h=768&amp;u_w=1366&amp;u_ah=728&amp;u_aw=1366&amp;u_cd=24&amp;u_nplug=0&amp;u_nmime=0&amp;adx=1001&amp;ady=1715&amp;biw=1349&amp;bih=659&amp;abxe=1&amp;eid=10583695%2C575144605%2C21060714&amp;oid=3&amp;rx=0&amp;eae=0&amp;fc=528&amp;brdim=%2C%2C-8%2C-8%2C1366%2C0%2C1382%2C744%2C1366%2C659&amp;vis=1&amp;rsz=%7C%7CoeEbr%7C&amp;abl=CS&amp;ppjl=u&amp;pfx=0&amp;fu=16&amp;bc=1&amp;ifi=4&amp;xpc=mozEXZHIlY&amp;p=http%3A//toolsqa.com&amp;dtd=640&quot;
1503858267925	Marionette	DEBUG	Received DOM event &quot;pageshow&quot; for &quot;https://googleads.g.doubleclick.net/pagead/ads?client=ca-pub-1047755889750576&amp;format=300x250&amp;output=html&amp;h=250&amp;slotname=7929375040&amp;adk=2405121282&amp;adf=1327851442&amp;w=300&amp;lmt=1503858261&amp;avail_w=283&amp;flash=0&amp;url=http%3A%2F%2Ftoolsqa.com%2Fautomation-practice-form%2F&amp;wgl=1&amp;dt=1503858260484&amp;bpp=1&amp;bdt=2298&amp;fdt=581&amp;idt=606&amp;shv=r20170823&amp;cbv=r20170110&amp;saldr=aa&amp;prev_fmts=300x250%2C300x250%2C300x250&amp;correlator=5088792161612&amp;frm=20&amp;ga_vid=790692590.1503858259&amp;ga_sid=1503858261&amp;ga_hid=1442603827&amp;ga_fc=0&amp;pv=1&amp;icsg=2&amp;nhd=1&amp;dssz=2&amp;mdo=0&amp;mso=0&amp;u_tz=-240&amp;u_his=1&amp;u_java=0&amp;u_h=768&amp;u_w=1366&amp;u_ah=728&amp;u_aw=1366&amp;u_cd=24&amp;u_nplug=0&amp;u_nmime=0&amp;adx=1001&amp;ady=1715&amp;biw=1349&amp;bih=659&amp;abxe=1&amp;eid=10583695%2C575144605%2C21060714&amp;oid=3&amp;rx=0&amp;eae=0&amp;fc=528&amp;brdim=%2C%2C-8%2C-8%2C1366%2C0%2C1382%2C744%2C1366%2C659&amp;vis=1&amp;rsz=%7C%7CoeEbr%7C&amp;abl=CS&amp;ppjl=u&amp;pfx=0&amp;fu=16&amp;bc=1&amp;ifi=4&amp;xpc=mozEXZHIlY&amp;p=http%3A//toolsqa.com&amp;dtd=640&quot;
1503858267928	Marionette	DEBUG	Received DOM event &quot;pageshow&quot; for &quot;https://googleads.g.doubleclick.net/pagead/ads?client=ca-pub-1047755889750576&amp;format=300x250&amp;output=html&amp;h=250&amp;slotname=7929375040&amp;adk=2405121282&amp;adf=1327851442&amp;w=300&amp;lmt=1503858261&amp;avail_w=283&amp;flash=0&amp;url=http%3A%2F%2Ftoolsqa.com%2Fautomation-practice-form%2F&amp;wgl=1&amp;dt=1503858260484&amp;bpp=1&amp;bdt=2298&amp;fdt=581&amp;idt=606&amp;shv=r20170823&amp;cbv=r20170110&amp;saldr=aa&amp;prev_fmts=300x250%2C300x250%2C300x250&amp;correlator=5088792161612&amp;frm=20&amp;ga_vid=790692590.1503858259&amp;ga_sid=1503858261&amp;ga_hid=1442603827&amp;ga_fc=0&amp;pv=1&amp;icsg=2&amp;nhd=1&amp;dssz=2&amp;mdo=0&amp;mso=0&amp;u_tz=-240&amp;u_his=1&amp;u_java=0&amp;u_h=768&amp;u_w=1366&amp;u_ah=728&amp;u_aw=1366&amp;u_cd=24&amp;u_nplug=0&amp;u_nmime=0&amp;adx=1001&amp;ady=1715&amp;biw=1349&amp;bih=659&amp;abxe=1&amp;eid=10583695%2C575144605%2C21060714&amp;oid=3&amp;rx=0&amp;eae=0&amp;fc=528&amp;brdim=%2C%2C-8%2C-8%2C1366%2C0%2C1382%2C744%2C1366%2C659&amp;vis=1&amp;rsz=%7C%7CoeEbr%7C&amp;abl=CS&amp;ppjl=u&amp;pfx=0&amp;fu=16&amp;bc=1&amp;ifi=4&amp;xpc=mozEXZHIlY&amp;p=http%3A//toolsqa.com&amp;dtd=640&quot;
1503858267943	Marionette	DEBUG	Received DOM event &quot;pageshow&quot; for &quot;https://googleads.g.doubleclick.net/pagead/ads?client=ca-pub-1047755889750576&amp;format=300x250&amp;output=html&amp;h=250&amp;slotname=7929375040&amp;adk=2405121282&amp;adf=1327851442&amp;w=300&amp;lmt=1503858261&amp;avail_w=283&amp;flash=0&amp;url=http%3A%2F%2Ftoolsqa.com%2Fautomation-practice-form%2F&amp;wgl=1&amp;dt=1503858260484&amp;bpp=1&amp;bdt=2298&amp;fdt=581&amp;idt=606&amp;shv=r20170823&amp;cbv=r20170110&amp;saldr=aa&amp;prev_fmts=300x250%2C300x250%2C300x250&amp;correlator=5088792161612&amp;frm=20&amp;ga_vid=790692590.1503858259&amp;ga_sid=1503858261&amp;ga_hid=1442603827&amp;ga_fc=0&amp;pv=1&amp;icsg=2&amp;nhd=1&amp;dssz=2&amp;mdo=0&amp;mso=0&amp;u_tz=-240&amp;u_his=1&amp;u_java=0&amp;u_h=768&amp;u_w=1366&amp;u_ah=728&amp;u_aw=1366&amp;u_cd=24&amp;u_nplug=0&amp;u_nmime=0&amp;adx=1001&amp;ady=1715&amp;biw=1349&amp;bih=659&amp;abxe=1&amp;eid=10583695%2C575144605%2C21060714&amp;oid=3&amp;rx=0&amp;eae=0&amp;fc=528&amp;brdim=%2C%2C-8%2C-8%2C1366%2C0%2C1382%2C744%2C1366%2C659&amp;vis=1&amp;rsz=%7C%7CoeEbr%7C&amp;abl=CS&amp;ppjl=u&amp;pfx=0&amp;fu=16&amp;bc=1&amp;ifi=4&amp;xpc=mozEXZHIlY&amp;p=http%3A//toolsqa.com&amp;dtd=640&quot;
1503858267948	Marionette	DEBUG	Received DOM event &quot;pageshow&quot; for &quot;http://toolsqa.com/automation-practice-form/&quot;
JavaScript error: http://20tvni1sjxyh352kld2lslvc.wpengine.netdna-cdn.com/wp-content/plugins/convertplug/modules/info_bar/assets/js/info_bar.min.js?ver=4.5.9, line 1: TypeError: jQuery.browser is undefined
1503858267971	Marionette	DEBUG	Received DOM event &quot;pageshow&quot; for &quot;http://toolsqa.com/automation-practice-form/&quot;
</system-err>
  </testcase>
  <testcase classname="tests.Practice_Automation_ToolsQA_Test" name="automationPractice" time="29.192"/>
</testsuite>