<?xml version="1.0" encoding="UTF-8"?>
<!-- Generated by org.testng.reporters.JUnitReportReporter -->
<testsuite hostname="LAPTOP-KFKBTHVD" name="genericLibrary.EventListener_testNG" tests="1" failures="0" timestamp="30 Dec 2017 22:54:18 GMT" time="8.543" errors="0">
  <testcase name="takeFailStepScreenshot" time="8.543" classname="genericLibrary.EventListener_testNG"/>
</testsuite>
