<?xml version="1.0" encoding="UTF-8"?>
<!-- Generated by org.testng.reporters.JUnitReportReporter -->
<testsuite hostname="LAPTOP-KFKBTHVD" name="testNG_Examples.TestNG_Annotations" tests="2" failures="0" timestamp="10 Mar 2018 17:30:06 GMT" time="0.017" errors="0">
  <testcase name="runTest2" time="0.002" classname="testNG_Examples.TestNG_Annotations"/>
  <testcase name="runTest1" time="0.015" classname="testNG_Examples.TestNG_Annotations"/>
</testsuite>
