<?xml version="1.0" encoding="UTF-8"?>
<!-- Generated by org.testng.reporters.JUnitReportReporter -->
<testsuite hostname="LAPTOP-KFKBTHVD" name="testNG_Examples.ParameterizedTest" tests="1" failures="0" timestamp="17 Mar 2018 18:53:29 GMT" time="0.020" errors="0">
  <testcase name="parameterTest" time="0.020" classname="testNG_Examples.ParameterizedTest"/>
</testsuite>
