<?xml version="1.0" encoding="UTF-8"?>
<!-- Generated by org.testng.reporters.JUnitReportReporter -->
<testsuite hostname="LAPTOP-KFKBTHVD" name="testNG_Examples.IgnoreTest" tests="5" failures="0" timestamp="11 Mar 2018 23:14:49 GMT" time="0.024" errors="0">
  <testcase name="test2" time="0.002" classname="testNG_Examples.IgnoreTest"/>
  <testcase name="test3" time="0.001" classname="testNG_Examples.IgnoreTest"/>
  <testcase name="test1" time="0.002" classname="testNG_Examples.IgnoreTest"/>
  <testcase name="test4" time="0.017" classname="testNG_Examples.IgnoreTest"/>
  <testcase name="test5" time="0.002" classname="testNG_Examples.IgnoreTest"/>
</testsuite>
