<?xml version="1.0" encoding="UTF-8"?>
<!-- Generated by org.testng.reporters.JUnitReportReporter -->
<testsuite hostname="LAPTOP-KFKBTHVD" name="testNG_Examples.Configuration_Annotations" tests="2" failures="0" timestamp="13 Mar 2018 01:06:55 GMT" time="0.015" errors="0">
  <testcase name="runTest1" time="0.012" classname="testNG_Examples.Configuration_Annotations"/>
  <testcase name="runTest2" time="0.003" classname="testNG_Examples.Configuration_Annotations"/>
</testsuite>
