<?xml version="1.0" encoding="UTF-8"?>
<!-- Generated by org.testng.reporters.JUnitReportReporter -->
<testsuite hostname="LAPTOP-KFKBTHVD" name="runnerPackage.TestRunner" tests="1" failures="0" timestamp="25 Dec 2017 23:04:36 GMT" time="17.207" errors="0">
  <testcase name="feature" time="17.207" classname="runnerPackage.TestRunner"/>
</testsuite> <!-- runnerPackage.TestRunner -->
