<?xml version="1.0" encoding="UTF-8"?>
<!-- Generated by org.testng.reporters.JUnitReportReporter -->
<testsuite hostname="LAPTOP-KFKBTHVD" name="tests.AddCustomer_Test" tests="1" failures="0" timestamp="21 May 2017 15:26:52 GMT" time="12.614" errors="1">
  <testcase name="addCustomer" time="12.614" classname="tests.AddCustomer_Test">
    <error type="org.openqa.selenium.WebDriverException" message="Failed to decode response from marionette
Build info: version: &#039;3.0.1&#039;, revision: &#039;1969d75&#039;, time: &#039;2016-10-18 09:49:13 -0700&#039;
System info: host: &#039;LAPTOP-KFKBTHVD&#039;, ip: &#039;192.168.0.23&#039;, os.name: &#039;Windows 10&#039;, os.arch: &#039;amd64&#039;, os.version: &#039;10.0&#039;, java.version: &#039;1.8.0_111&#039;
Driver info: org.openqa.selenium.firefox.FirefoxDriver
Capabilities [{rotatable=false, raisesAccessibilityExceptions=false, marionette=true, firefoxOptions={args=[], profile=UEsDBBQACAgIAFRbtUoAAAAAAAAAAAAAAAAHAAAAdXNlci5qc9VXS2/jNhC+91cUPrVATCeb7mV7cpMsUCBoinWD7I2gqZHFmCJZDunHv+9QsuKHZMneW0+mqeFj5vvmm2FE8Nx5yH8Zzb1d0z+GIodqrMyClUKvhQcGRsw1ZKObn3OhEX79/ae4X5mJQDbO+pCWFCB0KOr/jIxWSg6sb04uQDvwU+eQpWO3OMUly62XcPE6Aysa0TIUK/jHPipc0tpRgE2YSFzdCOe0kiIoayabcYmwkaCPZtszm3F7bmUyVuLugyrFAibOLHajdweLm+rIIpS6HjktlDnaosS19dnxSaUeHbtoIJDVkhUhOOYKhcV2nD47gTjWYBahIP8+ff7cHRkPIqOfDALIANlX5TFMCSapU0iDj6dI2pIg33BZeFsCR+mVC9xHw4Mq05L72+6DgpgjI6aYF/OgLQ4Altm10VZQCIWhgBHnCrt+K8DMiEiJRN3LHV3KBUyH8dJmQg/QElbBWo0MvCcSWYNWHzKx7T6qhbGGolZCOQc/q/5ivy8IiIQdBktp4gEjxS2ni3LpBRbXE9c6MF9Vhc//l7aNg1qZ2iNOm4E3Qie2Xq0eeeLtt2i6o7mGeeYVhY8LKYH4Gg1Bi8R3LsEH7IT6g4oKycctZE93t7O/LKVGivxv3cY0lb2YN2WIwHh3yxQdZF+/PSesxNzG8GWuhVmO2klVO8SF1vwdeYq/S6HrvtvGKeIT2bJ1oQJohYE2+Dcqf47qiedLFdhOLpq0IucS2XsDoAUBQxnen0uYEjM6VpAsONqbr0HLJBHRJ0hHZ/D/SPTcahKiZ/KkTYBEDVPlEIuO2ADMEA759pVMri440aXznnp9ARm9CluilQYaMQxeycCtVwtluLNE7G1/4hpYkwixnfM90B9dtN6ZpclZnJeqEo6/q8lpxdzLCmznNr0ef2jVDsWEIFme0fJ90pKb64rsbdBsnpMdjEVdrbVd8/mWZ5CLqEO3uDZhl+h2ZLuySpDNW3OdjnVtHvVSuskZSjDS++C3rK4vlf2nIduLGpqWBzLVxlToHq0Z8P7p9XnK7pnYE6Md0nexEnWN7i1rp/A3SdzP3bbPHt6rNqL3kDo10vb9MTpAS8SQOrVkPJNEvKSKd7fnRL7elRuqPSvgVDbNgMQf9CYvxOrB68y1lctKdC8CGUF4WewoN8SHktUJxbJYuotA++BQppIajh6+TN5I4mdOSJjMCBujYjlJVs9khZMTFCk/L8qGI9pZirNXWXfhaMnnqW7ed7ewdQ6MG+EgMoY40FvtbM+I4q5XHW5SDxoErPqzfYNA4hmrKtP28yByiaDdlzjIQFtX9KqX/dM81O3mZdA28pBbGXG4D06e70o7r3Q6IxjMgqe9fqDxnmrqkqhvJ/HTMERhpJ5VM1mAXD7WYv9H/eX6voGJLFMpZmKgina+TH/0RartYpEmd++B3rp5IAqVxylEJDtzpRP/jVoUQZ/pFA6WNidele0NQKIG5+n703ntOqfvvMlj6vlDXXBG6Unj4STA+4YzvYAoL+kdM9Bx7tVP5xhd3Xvte8H/AFBLBwjp04ybgAQAAFgQAABQSwECFAAUAAgICABUW7VK6dOMm4AEAABYEAAABwAAAAAAAAAAAAAAAAAAAAAAdXNlci5qc1BLBQYAAAAAAQABADUAAAC1BAAAAAA=}, appBuildId=20161208153507, version=, platform=XP, proxy={}, command_id=1, specificationLevel=0, acceptSslCerts=false, processId=6224, browserVersion=50.1.0, platformVersion=10.0, XULappId={ec8030f7-c20a-464f-9b0e-13a3a9e97384}, browserName=firefox, takesScreenshot=true, takesElementScreenshot=true, platformName=windows_nt}]
Session ID: 747edfeb-8cf5-4240-a0a0-7762b96fd822
*** Element info: {Using=xpath, value=//a[contains(@href,&#039;addcustomerpage.php&#039;)]}">
      <![CDATA[org.openqa.selenium.WebDriverException: Failed to decode response from marionette
Build info: version: '3.0.1', revision: '1969d75', time: '2016-10-18 09:49:13 -0700'
System info: host: 'LAPTOP-KFKBTHVD', ip: '192.168.0.23', os.name: 'Windows 10', os.arch: 'amd64', os.version: '10.0', java.version: '1.8.0_111'
Driver info: org.openqa.selenium.firefox.FirefoxDriver
Capabilities [{rotatable=false, raisesAccessibilityExceptions=false, marionette=true, firefoxOptions={args=[], profile=UEsDBBQACAgIAFRbtUoAAAAAAAAAAAAAAAAHAAAAdXNlci5qc9VXS2/jNhC+91cUPrVATCeb7mV7cpMsUCBoinWD7I2gqZHFmCJZDunHv+9QsuKHZMneW0+mqeFj5vvmm2FE8Nx5yH8Zzb1d0z+GIodqrMyClUKvhQcGRsw1ZKObn3OhEX79/ae4X5mJQDbO+pCWFCB0KOr/jIxWSg6sb04uQDvwU+eQpWO3OMUly62XcPE6Aysa0TIUK/jHPipc0tpRgE2YSFzdCOe0kiIoayabcYmwkaCPZtszm3F7bmUyVuLugyrFAibOLHajdweLm+rIIpS6HjktlDnaosS19dnxSaUeHbtoIJDVkhUhOOYKhcV2nD47gTjWYBahIP8+ff7cHRkPIqOfDALIANlX5TFMCSapU0iDj6dI2pIg33BZeFsCR+mVC9xHw4Mq05L72+6DgpgjI6aYF/OgLQ4Altm10VZQCIWhgBHnCrt+K8DMiEiJRN3LHV3KBUyH8dJmQg/QElbBWo0MvCcSWYNWHzKx7T6qhbGGolZCOQc/q/5ivy8IiIQdBktp4gEjxS2ni3LpBRbXE9c6MF9Vhc//l7aNg1qZ2iNOm4E3Qie2Xq0eeeLtt2i6o7mGeeYVhY8LKYH4Gg1Bi8R3LsEH7IT6g4oKycctZE93t7O/LKVGivxv3cY0lb2YN2WIwHh3yxQdZF+/PSesxNzG8GWuhVmO2klVO8SF1vwdeYq/S6HrvtvGKeIT2bJ1oQJohYE2+Dcqf47qiedLFdhOLpq0IucS2XsDoAUBQxnen0uYEjM6VpAsONqbr0HLJBHRJ0hHZ/D/SPTcahKiZ/KkTYBEDVPlEIuO2ADMEA759pVMri440aXznnp9ARm9CluilQYaMQxeycCtVwtluLNE7G1/4hpYkwixnfM90B9dtN6ZpclZnJeqEo6/q8lpxdzLCmznNr0ef2jVDsWEIFme0fJ90pKb64rsbdBsnpMdjEVdrbVd8/mWZ5CLqEO3uDZhl+h2ZLuySpDNW3OdjnVtHvVSuskZSjDS++C3rK4vlf2nIduLGpqWBzLVxlToHq0Z8P7p9XnK7pnYE6Md0nexEnWN7i1rp/A3SdzP3bbPHt6rNqL3kDo10vb9MTpAS8SQOrVkPJNEvKSKd7fnRL7elRuqPSvgVDbNgMQf9CYvxOrB68y1lctKdC8CGUF4WewoN8SHktUJxbJYuotA++BQppIajh6+TN5I4mdOSJjMCBujYjlJVs9khZMTFCk/L8qGI9pZirNXWXfhaMnnqW7ed7ewdQ6MG+EgMoY40FvtbM+I4q5XHW5SDxoErPqzfYNA4hmrKtP28yByiaDdlzjIQFtX9KqX/dM81O3mZdA28pBbGXG4D06e70o7r3Q6IxjMgqe9fqDxnmrqkqhvJ/HTMERhpJ5VM1mAXD7WYv9H/eX6voGJLFMpZmKgina+TH/0RartYpEmd++B3rp5IAqVxylEJDtzpRP/jVoUQZ/pFA6WNidele0NQKIG5+n703ntOqfvvMlj6vlDXXBG6Unj4STA+4YzvYAoL+kdM9Bx7tVP5xhd3Xvte8H/AFBLBwjp04ybgAQAAFgQAABQSwECFAAUAAgICABUW7VK6dOMm4AEAABYEAAABwAAAAAAAAAAAAAAAAAAAAAAdXNlci5qc1BLBQYAAAAAAQABADUAAAC1BAAAAAA=}, appBuildId=20161208153507, version=, platform=XP, proxy={}, command_id=1, specificationLevel=0, acceptSslCerts=false, processId=6224, browserVersion=50.1.0, platformVersion=10.0, XULappId={ec8030f7-c20a-464f-9b0e-13a3a9e97384}, browserName=firefox, takesScreenshot=true, takesElementScreenshot=true, platformName=windows_nt}]
Session ID: 747edfeb-8cf5-4240-a0a0-7762b96fd822
*** Element info: {Using=xpath, value=//a[contains(@href,'addcustomerpage.php')]}
	at sun.reflect.NativeConstructorAccessorImpl.newInstance0(Native Method)
	at sun.reflect.NativeConstructorAccessorImpl.newInstance(NativeConstructorAccessorImpl.java:62)
	at sun.reflect.DelegatingConstructorAccessorImpl.newInstance(DelegatingConstructorAccessorImpl.java:45)
	at java.lang.reflect.Constructor.newInstance(Constructor.java:423)
	at org.openqa.selenium.remote.http.W3CHttpResponseCodec.createException(W3CHttpResponseCodec.java:127)
	at org.openqa.selenium.remote.http.W3CHttpResponseCodec.decode(W3CHttpResponseCodec.java:93)
	at org.openqa.selenium.remote.http.W3CHttpResponseCodec.decode(W3CHttpResponseCodec.java:42)
	at org.openqa.selenium.remote.HttpCommandExecutor.execute(HttpCommandExecutor.java:163)
	at org.openqa.selenium.remote.service.DriverCommandExecutor.execute(DriverCommandExecutor.java:82)
	at org.openqa.selenium.remote.RemoteWebDriver.execute(RemoteWebDriver.java:601)
	at org.openqa.selenium.remote.RemoteWebDriver.findElement(RemoteWebDriver.java:368)
	at org.openqa.selenium.remote.RemoteWebDriver.findElementByXPath(RemoteWebDriver.java:473)
	at org.openqa.selenium.By$ByXPath.findElement(By.java:361)
	at org.openqa.selenium.remote.RemoteWebDriver.findElement(RemoteWebDriver.java:360)
	at sun.reflect.NativeMethodAccessorImpl.invoke0(Native Method)
	at sun.reflect.NativeMethodAccessorImpl.invoke(NativeMethodAccessorImpl.java:62)
	at sun.reflect.DelegatingMethodAccessorImpl.invoke(DelegatingMethodAccessorImpl.java:43)
	at java.lang.reflect.Method.invoke(Method.java:498)
	at org.openqa.selenium.support.events.EventFiringWebDriver$2.invoke(EventFiringWebDriver.java:103)
	at com.sun.proxy.$Proxy5.findElement(Unknown Source)
	at org.openqa.selenium.support.events.EventFiringWebDriver.findElement(EventFiringWebDriver.java:187)
	at pages_Repository.AddCustomer_Repo.clickNewCustomerLink(AddCustomer_Repo.java:59)
	at tests.AddCustomer_Test.addCustomer(AddCustomer_Test.java:95)
	at sun.reflect.NativeMethodAccessorImpl.invoke0(Native Method)
	at sun.reflect.NativeMethodAccessorImpl.invoke(NativeMethodAccessorImpl.java:62)
	at sun.reflect.DelegatingMethodAccessorImpl.invoke(DelegatingMethodAccessorImpl.java:43)
	at java.lang.reflect.Method.invoke(Method.java:498)
	at org.testng.internal.MethodInvocationHelper.invokeMethod(MethodInvocationHelper.java:85)
	at org.testng.internal.Invoker.invokeMethod(Invoker.java:639)
	at org.testng.internal.Invoker.invokeTestMethod(Invoker.java:816)
	at org.testng.internal.Invoker.invokeTestMethods(Invoker.java:1124)
	at org.testng.internal.TestMethodWorker.invokeTestMethods(TestMethodWorker.java:125)
	at org.testng.internal.TestMethodWorker.run(TestMethodWorker.java:108)
	at org.testng.TestRunner.privateRun(TestRunner.java:774)
	at org.testng.TestRunner.run(TestRunner.java:624)
	at org.testng.SuiteRunner.runTest(SuiteRunner.java:359)
	at org.testng.SuiteRunner.runSequentially(SuiteRunner.java:354)
	at org.testng.SuiteRunner.privateRun(SuiteRunner.java:312)
	at org.testng.SuiteRunner.run(SuiteRunner.java:261)
	at org.testng.SuiteRunnerWorker.runSuite(SuiteRunnerWorker.java:52)
	at org.testng.SuiteRunnerWorker.run(SuiteRunnerWorker.java:86)
	at org.testng.TestNG.runSuitesSequentially(TestNG.java:1191)
	at org.testng.TestNG.runSuitesLocally(TestNG.java:1116)
	at org.testng.TestNG.run(TestNG.java:1024)
	at org.testng.remote.AbstractRemoteTestNG.run(AbstractRemoteTestNG.java:132)
	at org.testng.remote.RemoteTestNG.initAndRun(RemoteTestNG.java:236)
	at org.testng.remote.RemoteTestNG.main(RemoteTestNG.java:81)
]]>
    </error>
  </testcase> <!-- addCustomer -->
</testsuite> <!-- tests.AddCustomer_Test -->
