<?xml version="1.0" encoding="UTF-8"?>
<!-- Generated by org.testng.reporters.JUnitReportReporter -->
<testsuite hostname="LAPTOP-KFKBTHVD" name="tests.Practice_Automation_ToolsQA_Test" tests="1" failures="0" timestamp="21 May 2017 15:28:24 GMT" time="28.730" errors="0">
  <testcase name="automationPractice" time="28.730" classname="tests.Practice_Automation_ToolsQA_Test"/>
</testsuite> <!-- tests.Practice_Automation_ToolsQA_Test -->
