<?xml version="1.0" encoding="UTF-8"?>
<!-- Generated by org.testng.reporters.JUnitReportReporter -->
<testsuite hostname="LAPTOP-KFKBTHVD" name="stepDefinition.EA_StepDef" tests="12" failures="0" timestamp="25 Dec 2017 17:16:14 GMT" time="7.110" errors="0">
  <testcase name="clickSave" time="0.026" classname="stepDefinition.EA_StepDef"/>
  <testcase name="selectTitile" time="0.166" classname="stepDefinition.EA_StepDef"/>
  <testcase name="setMiddleName" time="0.030" classname="stepDefinition.EA_StepDef"/>
  <testcase name="user_Navigate_to_LogIn_Page" time="0.021" classname="stepDefinition.EA_StepDef"/>
  <testcase name="verifyPage" time="0.012" classname="stepDefinition.EA_StepDef"/>
  <testcase name="selectLanguage" time="0.029" classname="stepDefinition.EA_StepDef"/>
  <testcase name="user_is_on_Home_Page" time="5.554" classname="stepDefinition.EA_StepDef"/>
  <testcase name="setFirstName" time="0.024" classname="stepDefinition.EA_StepDef"/>
  <testcase name="setInitial" time="0.034" classname="stepDefinition.EA_StepDef"/>
  <testcase name="message_displayed_Login_Successfully" time="0.012" classname="stepDefinition.EA_StepDef"/>
  <testcase name="selectSex" time="0.032" classname="stepDefinition.EA_StepDef"/>
  <testcase name="user_enters_UserName_and_Password" time="1.170" classname="stepDefinition.EA_StepDef"/>
</testsuite> <!-- stepDefinition.EA_StepDef -->
