<?xml version="1.0" encoding="UTF-8"?>
<!-- Generated by org.testng.reporters.JUnitReportReporter -->
<testsuite hostname="LAPTOP-KFKBTHVD" name="stepDefinition.EA_StepDef" tests="4" failures="0" timestamp="24 Dec 2017 03:54:08 GMT" time="7.115" errors="0">
  <testcase name="user_enters_UserName_and_Password" time="1.243" classname="stepDefinition.EA_StepDef"/>
  <testcase name="message_displayed_Login_Successfully" time="0.009" classname="stepDefinition.EA_StepDef"/>
  <testcase name="user_Navigate_to_LogIn_Page" time="0.028" classname="stepDefinition.EA_StepDef"/>
  <testcase name="user_is_on_Home_Page" time="5.835" classname="stepDefinition.EA_StepDef"/>
</testsuite> <!-- stepDefinition.EA_StepDef -->
