<?xml version="1.0" encoding="UTF-8"?>
<!-- Generated by org.testng.reporters.JUnitReportReporter -->
<testsuite hostname="LAPTOP-KFKBTHVD" name="runnerPackage.TestRunner" tests="1" failures="0" timestamp="30 Dec 2017 02:31:47 GMT" time="16.601" errors="0">
  <testcase name="feature" time="16.601" classname="runnerPackage.TestRunner"/>
</testsuite>
