<?xml version="1.0" encoding="UTF-8"?>
<!-- Generated by org.testng.reporters.JUnitReportReporter -->
<testsuite hostname="LAPTOP-KFKBTHVD" name="tests.LoginTest" tests="1" failures="0" timestamp="24 Mar 2021 21:03:26 GMT" time="1.870" errors="0">
  <testcase name="performLogin" time="1.870" classname="tests.LoginTest"/>
</testsuite>
