<?xml version="1.0" encoding="UTF-8"?>
<!-- Generated by org.testng.reporters.JUnitReportReporter -->
<testsuite hostname="LAPTOP-KFKBTHVD" name="runnerPackage.TestRunner" tests="2" failures="0" timestamp="25 Dec 2017 21:13:19 GMT" time="2.936" errors="0">
  <testcase name="feature" time="0.011" classname="runnerPackage.TestRunner"/>
  <testcase name="feature" time="2.925" classname="runnerPackage.TestRunner"/>
</testsuite> <!-- runnerPackage.TestRunner -->
