<?xml version="1.0" encoding="UTF-8"?>
<!-- Generated by org.testng.reporters.JUnitReportReporter -->
<testsuite hostname="LAPTOP-KFKBTHVD" name="stepDefinition.EA_StepDef" tests="3" failures="0" timestamp="27 Dec 2017 03:24:35 GMT" time="4.368" errors="0">
  <testcase name="EA_StepDef1" time="2.579" classname="stepDefinition.EA_StepDef"/>
  <testcase name="perform" time="0.377" classname="stepDefinition.EA_StepDef"/>
  <testcase name="Login" time="1.412" classname="stepDefinition.EA_StepDef"/>
</testsuite>
