<?xml version="1.0" encoding="UTF-8"?>
<!-- Generated by org.testng.reporters.JUnitReportReporter -->
<testsuite hostname="LAPTOP-KFKBTHVD" name="runnerPackage.TestRunner" tests="1" failures="0" timestamp="3 Sep 2017 22:13:43 GMT" time="16.753" errors="0">
  <testcase name="run_cukes" time="16.753" classname="runnerPackage.TestRunner"/>
</testsuite> <!-- runnerPackage.TestRunner -->
