<?xml version="1.0" encoding="UTF-8"?>
<!-- Generated by org.testng.reporters.JUnitReportReporter -->
<testsuite hostname="LAPTOP-KFKBTHVD" name="runnerPackage.TestRunner" tests="1" failures="0" timestamp="4 Sep 2017 15:38:42 GMT" time="29.879" errors="0">
  <testcase name="run_cukes" time="29.879" classname="runnerPackage.TestRunner"/>
</testsuite> <!-- runnerPackage.TestRunner -->
