<?xml version='1.0' encoding='UTF-8'?>
<result plugin="junit@1.23">
  <suites>
    <suite>
      <file>C:\WorkSpace\SeleniumProject_MavenCucumberTestNG_EA\target\surefire-reports\TEST-runnerPackage.TestRunner.xml</file>
      <name>runnerPackage.TestRunner</name>
      <duration>16.602</duration>
      <time>16.602</time>
      <enclosingBlocks/>
      <enclosingBlockNames/>
      <cases>
        <case>
          <duration>16.602</duration>
          <className>runnerPackage.TestRunner</className>
          <testName>feature</testName>
          <skipped>false</skipped>
          <failedSince>0</failedSince>
        </case>
      </cases>
    </suite>
  </suites>
  <duration>16.602</duration>
  <keepLongStdio>false</keepLongStdio>
</result>