<?xml version="1.0" encoding="UTF-8"?>
<!-- Generated by org.testng.reporters.JUnitReportReporter -->
<testsuite hostname="LAPTOP-KFKBTHVD" name="grpTesting.AppTest" tests="1" failures="0" timestamp="25 Dec 2017 23:04:36 GMT" time="0.001" errors="0">
  <testcase name="testApp" time="0.001" classname="grpTesting.AppTest"/>
</testsuite> <!-- grpTesting.AppTest -->
