<?xml version="1.0" encoding="UTF-8"?>
<!-- Generated by org.testng.reporters.JUnitReportReporter -->
<testsuite hostname="LAPTOP-KFKBTHVD" name="grpTesting.AppTest" tests="1" failures="0" timestamp="24 Dec 2017 02:36:10 GMT" time="0.000" errors="0">
  <testcase name="testApp" time="0.000" classname="grpTesting.AppTest"/>
</testsuite> <!-- grpTesting.AppTest -->
