<?xml version="1.0" encoding="UTF-8"?>
<!-- Generated by org.testng.reporters.JUnitReportReporter -->
<testsuite hostname="LAPTOP-KFKBTHVD" name="stepDefinition.Practice_Automation_ToolsQA_Repo" tests="12" failures="0" timestamp="19 Mar 2018 01:46:31 GMT" time="10.229" errors="0">
  <testcase name="selectSeleniumCommands" time="0.527" classname="stepDefinition.Practice_Automation_ToolsQA_Repo"/>
  <testcase name="setFirstName" time="0.158" classname="stepDefinition.Practice_Automation_ToolsQA_Repo"/>
  <testcase name="setLastName" time="0.103" classname="stepDefinition.Practice_Automation_ToolsQA_Repo"/>
  <testcase name="selectProfession" time="0.176" classname="stepDefinition.Practice_Automation_ToolsQA_Repo"/>
  <testcase name="selectContinents" time="0.266" classname="stepDefinition.Practice_Automation_ToolsQA_Repo"/>
  <testcase name="LaunchBrowser" time="7.912" classname="stepDefinition.Practice_Automation_ToolsQA_Repo"/>
  <testcase name="upLoadFile" time="0.118" classname="stepDefinition.Practice_Automation_ToolsQA_Repo"/>
  <testcase name="setDate" time="0.171" classname="stepDefinition.Practice_Automation_ToolsQA_Repo"/>
  <testcase name="selectAutomationTool" time="0.200" classname="stepDefinition.Practice_Automation_ToolsQA_Repo"/>
  <testcase name="downLoadFile" time="0.332" classname="stepDefinition.Practice_Automation_ToolsQA_Repo"/>
  <testcase name="selectSex" time="0.156" classname="stepDefinition.Practice_Automation_ToolsQA_Repo"/>
  <testcase name="selectYearsOfExperience" time="0.110" classname="stepDefinition.Practice_Automation_ToolsQA_Repo"/>
</testsuite>
