<?xml version="1.0" encoding="UTF-8"?>
<!-- Generated by org.testng.reporters.JUnitReportReporter -->
<testsuite hostname="LAPTOP-KFKBTHVD" name="stepDefinition.FaceBook" tests="1" failures="0" timestamp="19 Mar 2018 01:46:31 GMT" time="0.926" errors="0">
  <testcase name="FaceBook_Login" time="0.926" classname="stepDefinition.FaceBook"/>
</testsuite>
