<?xml version="1.0" encoding="UTF-8"?>
<!-- Generated by org.testng.reporters.JUnitReportReporter -->
<testsuite hostname="LAPTOP-KFKBTHVD" name="stepDefinition.FaceBook" tests="1" failures="0" timestamp="18 Mar 2018 00:22:59 GMT" time="0.796" errors="0">
  <testcase name="FaceBook_Login" time="0.796" classname="stepDefinition.FaceBook"/>
</testsuite>
