<?xml version="1.0" encoding="UTF-8"?>
<!-- Generated by org.testng.reporters.JUnitReportReporter -->
<testsuite hostname="LAPTOP-KFKBTHVD" name="stepDefinition.EA_StepDef" tests="3" failures="0" timestamp="30 Dec 2017 00:38:38 GMT" time="4.867" errors="0">
  <testcase name="Login" time="1.486" classname="stepDefinition.EA_StepDef"/>
  <testcase name="perform" time="0.416" classname="stepDefinition.EA_StepDef"/>
  <testcase name="EA_StepDef1" time="2.965" classname="stepDefinition.EA_StepDef"/>
</testsuite>
