<?xml version="1.0" encoding="UTF-8"?>
<!-- Generated by org.testng.reporters.JUnitReportReporter -->
<testsuite hostname="LAPTOP-KFKBTHVD" name="grpTesting.AppTest" tests="1" failures="0" timestamp="4 Sep 2017 15:38:42 GMT" time="0.003" errors="0">
  <testcase name="testApp" time="0.003" classname="grpTesting.AppTest"/>
</testsuite> <!-- grpTesting.AppTest -->
