<?xml version="1.0" encoding="UTF-8"?>
<!-- Generated by org.testng.reporters.JUnitReportReporter -->
<testsuite hostname="LAPTOP-KFKBTHVD" name="tests.Practice_Automation_ToolsQA_Test" tests="1" failures="0" timestamp="27 Aug 2017 18:24:58 GMT" time="29.234" errors="0">
  <testcase name="automationPractice" time="29.234" classname="tests.Practice_Automation_ToolsQA_Test"/>
</testsuite> <!-- tests.Practice_Automation_ToolsQA_Test -->
