<?xml version="1.0" encoding="UTF-8"?>
<!-- Generated by org.testng.reporters.JUnitReportReporter -->
<testsuite hostname="LAPTOP-KFKBTHVD" name="stepDefinition.EA_StepDef" tests="3" failures="0" timestamp="25 Dec 2017 23:22:00 GMT" time="5.042" errors="0">
  <testcase name="EA_StepDef1" time="3.207" classname="stepDefinition.EA_StepDef"/>
  <testcase name="Login" time="1.422" classname="stepDefinition.EA_StepDef"/>
  <testcase name="perform" time="0.413" classname="stepDefinition.EA_StepDef"/>
</testsuite> <!-- stepDefinition.EA_StepDef -->
