<?xml version="1.0" encoding="UTF-8"?>
<!-- Generated by org.testng.reporters.JUnitReportReporter -->
<testsuite hostname="LAPTOP-KFKBTHVD" name="stepDefinition.Practice_Automation_ToolsQA_StepDef" tests="2" failures="0" timestamp="4 Sep 2017 00:02:05 GMT" time="12.702" errors="0">
  <testcase name="performOnPage" time="3.753" classname="stepDefinition.Practice_Automation_ToolsQA_StepDef"/>
  <testcase name="automationPractice" time="8.949" classname="stepDefinition.Practice_Automation_ToolsQA_StepDef"/>
</testsuite> <!-- stepDefinition.Practice_Automation_ToolsQA_StepDef -->
