<?xml version="1.0" encoding="UTF-8"?>
<!-- Generated by org.testng.reporters.JUnitReportReporter -->
<testsuite hostname="LAPTOP-KFKBTHVD" name="stepDefinition.Practice_Automation_ToolsQA_StepDef" tests="2" failures="0" timestamp="4 Sep 2017 14:59:05 GMT" time="24.242" errors="0">
  <testcase name="performOnPage" time="14.296" classname="stepDefinition.Practice_Automation_ToolsQA_StepDef"/>
  <testcase name="automationPractice" time="9.946" classname="stepDefinition.Practice_Automation_ToolsQA_StepDef"/>
</testsuite> <!-- stepDefinition.Practice_Automation_ToolsQA_StepDef -->
