<?xml version="1.0" encoding="UTF-8"?>
<!-- Generated by org.testng.reporters.JUnitReportReporter -->
<testsuite hostname="LAPTOP-KFKBTHVD" name="stepDefinition.Practice_Automation_ToolsQA_StepDef" tests="2" failures="0" timestamp="3 Sep 2017 21:25:29 GMT" time="14.233" errors="0">
  <testcase name="automationPractice" time="9.576" classname="stepDefinition.Practice_Automation_ToolsQA_StepDef"/>
  <testcase name="performOnPage" time="4.657" classname="stepDefinition.Practice_Automation_ToolsQA_StepDef"/>
</testsuite> <!-- stepDefinition.Practice_Automation_ToolsQA_StepDef -->
