<?xml version="1.0" encoding="UTF-8"?>
<!-- Generated by org.testng.reporters.JUnitReportReporter -->
<testsuite hostname="LAPTOP-KFKBTHVD" name="com.testng.practice.testng.annotations.TestNgAnnotations_Practice" tests="2" failures="0" timestamp="27 Dec 2016 23:30:39 GMT" time="0.010" errors="0">
  <testcase name="runTest1" time="0.007" classname="com.testng.practice.testng.annotations.TestNgAnnotations_Practice"/>
  <testcase name="runTest2" time="0.003" classname="com.testng.practice.testng.annotations.TestNgAnnotations_Practice"/>
</testsuite> <!-- com.testng.practice.testng.annotations.TestNgAnnotations_Practice -->
