<?xml version="1.0" encoding="UTF-8"?>
<!-- Generated by org.testng.reporters.JUnitReportReporter -->
<testsuite hostname="LAPTOP-KFKBTHVD" name="com.testng.practice.testng.annotations.TestConfiguration" tests="2" failures="0" timestamp="27 Dec 2016 23:48:09 GMT" time="0.006" errors="0">
  <testcase name="runTest1" time="0.005" classname="com.testng.practice.testng.annotations.TestConfiguration"/>
  <testcase name="runTest2" time="0.001" classname="com.testng.practice.testng.annotations.TestConfiguration"/>
</testsuite> <!-- com.testng.practice.testng.annotations.TestConfiguration -->
