<?xml version="1.0" encoding="UTF-8"?>
<!-- Generated by org.testng.reporters.JUnitReportReporter -->
<testsuite hostname="LAPTOP-KFKBTHVD" name="com.testng.practice.testng.annotations.TestDBConnection" tests="4" failures="0" timestamp="27 Dec 2016 23:48:09 GMT" time="0.009" errors="0">
  <testcase name="runOtherTest1" time="0.003" classname="com.testng.practice.testng.annotations.TestDBConnection"/>
  <testcase name="runOtherTest2" time="0.001" classname="com.testng.practice.testng.annotations.TestDBConnection"/>
  <testcase name="runOtherTest2" time="0.003" classname="com.testng.practice.testng.annotations.TestDBConnection"/>
  <testcase name="runOtherTest1" time="0.002" classname="com.testng.practice.testng.annotations.TestDBConnection"/>
</testsuite> <!-- com.testng.practice.testng.annotations.TestDBConnection -->
