<?xml version="1.0" encoding="UTF-8" ?>
<testsuite tests="5" failures="4" name="TestSuite" time="136.486" errors="0" skipped="0">
  <properties>
    <property name="java.runtime.name" value="Java(TM) SE Runtime Environment"/>
    <property name="sun.boot.library.path" value="C:\Program Files\Java\jdk1.8.0_111\jre\bin"/>
    <property name="java.vm.version" value="25.111-b14"/>
    <property name="java.vm.vendor" value="Oracle Corporation"/>
    <property name="maven.multiModuleProjectDirectory" value="C:\WorkSpace\FrameWork_WithListeners_With_Cucumber_1.0"/>
    <property name="java.vendor.url" value="http://java.oracle.com/"/>
    <property name="path.separator" value=";"/>
    <property name="guice.disable.misplaced.annotation.check" value="true"/>
    <property name="java.vm.name" value="Java HotSpot(TM) 64-Bit Server VM"/>
    <property name="file.encoding.pkg" value="sun.io"/>
    <property name="user.script" value=""/>
    <property name="user.country" value="US"/>
    <property name="sun.java.launcher" value="SUN_STANDARD"/>
    <property name="sun.os.patch.level" value=""/>
    <property name="java.vm.specification.name" value="Java Virtual Machine Specification"/>
    <property name="user.dir" value="C:\WorkSpace\FrameWork_WithListeners_With_Cucumber_1.0"/>
    <property name="java.runtime.version" value="1.8.0_111-b14"/>
    <property name="java.awt.graphicsenv" value="sun.awt.Win32GraphicsEnvironment"/>
    <property name="java.endorsed.dirs" value="C:\Program Files\Java\jdk1.8.0_111\jre\lib\endorsed"/>
    <property name="os.arch" value="amd64"/>
    <property name="java.io.tmpdir" value="C:\Users\Raja\AppData\Local\Temp\"/>
    <property name="line.separator" value="
"/>
    <property name="java.vm.specification.vendor" value="Oracle Corporation"/>
    <property name="user.variant" value=""/>
    <property name="os.name" value="Windows 10"/>
    <property name="classworlds.conf" value="C:\WorkSpace\apache-maven-3.3.9\bin\..\bin\m2.conf"/>
    <property name="sun.jnu.encoding" value="Cp1252"/>
    <property name="java.library.path" value="C:\Program Files\Java\jdk1.8.0_111\bin;C:\WINDOWS\Sun\Java\bin;C:\WINDOWS\system32;C:\WINDOWS;C:\ProgramData\Oracle\Java\javapath;C:\WINDOWS\system32;C:\WINDOWS;C:\WINDOWS\System32\Wbem;C:\WINDOWS\System32\WindowsPowerShell\v1.0\;C:\Program Files\Java\jdk1.8.0_111;C:\Program Files\Java\jre1.8.0_111;C:\WorkSpace\Selenium\Log_Info\log4j.properties;C:\WorkSpace\apache-maven-3.3.9\bin;C:\Users\Raja\AppData\Local\Microsoft\WindowsApps;;."/>
    <property name="java.specification.name" value="Java Platform API Specification"/>
    <property name="java.class.version" value="52.0"/>
    <property name="sun.management.compiler" value="HotSpot 64-Bit Tiered Compilers"/>
    <property name="os.version" value="10.0"/>
    <property name="user.home" value="C:\Users\Raja"/>
    <property name="user.timezone" value="America/New_York"/>
    <property name="java.awt.printerjob" value="sun.awt.windows.WPrinterJob"/>
    <property name="java.specification.version" value="1.8"/>
    <property name="file.encoding" value="Cp1252"/>
    <property name="user.name" value="Raja"/>
    <property name="java.class.path" value="C:\WorkSpace\apache-maven-3.3.9\bin\..\boot\plexus-classworlds-2.5.2.jar"/>
    <property name="java.vm.specification.version" value="1.8"/>
    <property name="sun.arch.data.model" value="64"/>
    <property name="java.home" value="C:\Program Files\Java\jdk1.8.0_111\jre"/>
    <property name="sun.java.command" value="org.codehaus.plexus.classworlds.launcher.Launcher compile test"/>
    <property name="java.specification.vendor" value="Oracle Corporation"/>
    <property name="user.language" value="en"/>
    <property name="awt.toolkit" value="sun.awt.windows.WToolkit"/>
    <property name="java.vm.info" value="mixed mode"/>
    <property name="java.version" value="1.8.0_111"/>
    <property name="java.ext.dirs" value="C:\Program Files\Java\jdk1.8.0_111\jre\lib\ext;C:\WINDOWS\Sun\Java\lib\ext"/>
    <property name="sun.boot.class.path" value="C:\Program Files\Java\jdk1.8.0_111\jre\lib\resources.jar;C:\Program Files\Java\jdk1.8.0_111\jre\lib\rt.jar;C:\Program Files\Java\jdk1.8.0_111\jre\lib\sunrsasign.jar;C:\Program Files\Java\jdk1.8.0_111\jre\lib\jsse.jar;C:\Program Files\Java\jdk1.8.0_111\jre\lib\jce.jar;C:\Program Files\Java\jdk1.8.0_111\jre\lib\charsets.jar;C:\Program Files\Java\jdk1.8.0_111\jre\lib\jfr.jar;C:\Program Files\Java\jdk1.8.0_111\jre\classes"/>
    <property name="sun.stderr.encoding" value="cp437"/>
    <property name="java.vendor" value="Oracle Corporation"/>
    <property name="maven.home" value="C:\WorkSpace\apache-maven-3.3.9\bin\.."/>
    <property name="file.separator" value="\"/>
    <property name="java.vendor.url.bug" value="http://bugreport.sun.com/bugreport/"/>
    <property name="sun.cpu.endian" value="little"/>
    <property name="sun.io.unicode.encoding" value="UnicodeLittle"/>
    <property name="sun.stdout.encoding" value="cp437"/>
    <property name="sun.desktop" value="windows"/>
    <property name="sun.cpu.isalist" value="amd64"/>
  </properties>
  <testcase classname="runnerPackage.TestRunner" name="run_cukes" time="114.985"/>
  <testcase classname="tests.AddCustomer_Grid_Test" name="addCustomer" time="1.031">
    <failure message="Could not start a new session. Possible causes are invalid address of the remote server or browser start-up failure.
Build info: version: &apos;3.0.1&apos;, revision: &apos;1969d75&apos;, time: &apos;2016-10-18 09:49:13 -0700&apos;
System info: host: &apos;LAPTOP-KFKBTHVD&apos;, ip: &apos;192.168.0.23&apos;, os.name: &apos;Windows 10&apos;, os.arch: &apos;amd64&apos;, os.version: &apos;10.0&apos;, java.version: &apos;1.8.0_111&apos;
Driver info: driver.version: RemoteWebDriver" type="org.openqa.selenium.remote.UnreachableBrowserException">org.openqa.selenium.remote.UnreachableBrowserException: Could not start a new session. Possible causes are invalid address of the remote server or browser start-up failure.
Build info: version: &apos;3.0.1&apos;, revision: &apos;1969d75&apos;, time: &apos;2016-10-18 09:49:13 -0700&apos;
System info: host: &apos;LAPTOP-KFKBTHVD&apos;, ip: &apos;192.168.0.23&apos;, os.name: &apos;Windows 10&apos;, os.arch: &apos;amd64&apos;, os.version: &apos;10.0&apos;, java.version: &apos;1.8.0_111&apos;
Driver info: driver.version: RemoteWebDriver
	at org.openqa.selenium.remote.RemoteWebDriver.execute(RemoteWebDriver.java:622)
	at org.openqa.selenium.remote.RemoteWebDriver.startSession(RemoteWebDriver.java:241)
	at org.openqa.selenium.remote.RemoteWebDriver.&lt;init&gt;(RemoteWebDriver.java:128)
	at org.openqa.selenium.remote.RemoteWebDriver.&lt;init&gt;(RemoteWebDriver.java:155)
	at tests.AddCustomer_Grid_Test.addCustomer(AddCustomer_Grid_Test.java:70)
Caused by: org.apache.http.conn.HttpHostConnectException: Connect to 192.168.0.23:4445 [/192.168.0.23] failed: Connection refused: connect
	at org.apache.http.impl.conn.DefaultHttpClientConnectionOperator.connect(DefaultHttpClientConnectionOperator.java:158)
	at org.apache.http.impl.conn.PoolingHttpClientConnectionManager.connect(PoolingHttpClientConnectionManager.java:353)
	at org.apache.http.impl.execchain.MainClientExec.establishRoute(MainClientExec.java:380)
	at org.apache.http.impl.execchain.MainClientExec.execute(MainClientExec.java:236)
	at org.apache.http.impl.execchain.ProtocolExec.execute(ProtocolExec.java:184)
	at org.apache.http.impl.execchain.RetryExec.execute(RetryExec.java:88)
	at org.apache.http.impl.execchain.RedirectExec.execute(RedirectExec.java:110)
	at org.apache.http.impl.client.InternalHttpClient.doExecute(InternalHttpClient.java:184)
	at org.apache.http.impl.client.CloseableHttpClient.execute(CloseableHttpClient.java:71)
	at org.apache.http.impl.client.CloseableHttpClient.execute(CloseableHttpClient.java:55)
	at org.openqa.selenium.remote.internal.ApacheHttpClient.fallBackExecute(ApacheHttpClient.java:142)
	at org.openqa.selenium.remote.internal.ApacheHttpClient.execute(ApacheHttpClient.java:88)
	at org.openqa.selenium.remote.ProtocolHandshake.createSession(ProtocolHandshake.java:108)
	at org.openqa.selenium.remote.ProtocolHandshake.createSession(ProtocolHandshake.java:64)
	at org.openqa.selenium.remote.HttpCommandExecutor.execute(HttpCommandExecutor.java:141)
	at org.openqa.selenium.remote.RemoteWebDriver.execute(RemoteWebDriver.java:601)
	... 38 more
Caused by: java.net.ConnectException: Connection refused: connect
	at java.net.DualStackPlainSocketImpl.waitForConnect(Native Method)
	at java.net.DualStackPlainSocketImpl.socketConnect(DualStackPlainSocketImpl.java:85)
	at java.net.AbstractPlainSocketImpl.doConnect(AbstractPlainSocketImpl.java:350)
	at java.net.AbstractPlainSocketImpl.connectToAddress(AbstractPlainSocketImpl.java:206)
	at java.net.AbstractPlainSocketImpl.connect(AbstractPlainSocketImpl.java:188)
	at java.net.PlainSocketImpl.connect(PlainSocketImpl.java:172)
	at java.net.SocksSocketImpl.connect(SocksSocketImpl.java:392)
	at java.net.Socket.connect(Socket.java:589)
	at org.apache.http.conn.socket.PlainConnectionSocketFactory.connectSocket(PlainConnectionSocketFactory.java:74)
	at org.apache.http.impl.conn.DefaultHttpClientConnectionOperator.connect(DefaultHttpClientConnectionOperator.java:141)
	... 53 more
</failure>
    <system-err>May 29, 2017 4:48:33 PM org.openqa.selenium.remote.ProtocolHandshake createSession
INFO: Attempting bi-dialect session, assuming Postel&apos;s Law holds true on the remote end
</system-err>
  </testcase>
  <testcase classname="tests.AddCustomer_Test" name="addCustomer" time="12.569">
    <failure message="Failed to decode response from marionette
Build info: version: &apos;3.0.1&apos;, revision: &apos;1969d75&apos;, time: &apos;2016-10-18 09:49:13 -0700&apos;
System info: host: &apos;LAPTOP-KFKBTHVD&apos;, ip: &apos;192.168.0.23&apos;, os.name: &apos;Windows 10&apos;, os.arch: &apos;amd64&apos;, os.version: &apos;10.0&apos;, java.version: &apos;1.8.0_111&apos;
Driver info: org.openqa.selenium.firefox.FirefoxDriver
Capabilities [{rotatable=false, raisesAccessibilityExceptions=false, marionette=true, firefoxOptions={args=[], profile=UEsDBBQACAgIABGGvUoAAAAAAAAAAAAAAAAHAAAAdXNlci5qc9VXS2/jNhC+91cUPrVATCeb7mV7cpMsUCBoinWD7I2gqZHFmCJZDunHv+9QsuKHZMneW0+mqeFj5vvmm2FE8Nx5yH8Zzb1d0z+GIodqrMyClUKvhQcGRsw1ZKObn3OhEX79/ae4X5mJQDbO+pCWFCB0KOr/jIxWSg6sb04uQDvwU+eQpWO3OMUly62XcPE6Aysa0TIUK/jHPipc0tpRgE2YSFzdCOe0kiIoayabcYmwkaCPZtszm3F7bmUyVuLugyrFAibOLHajdweLm+rIIpS6HjktlDnaosS19dnxSaUeHbtoIJDVkhUhOOYKhcV2nD47gTjWYBahIP8+ff7cHRkPIqOfDALIANlX5TFMCSapU0iDj6dI2pIg33BZeFsCR+mVC9xHw4Mq05L72+6DgpgjI6aYF/OgLQ4Altm10VZQCIWhgBHnCrt+K8DMiEiJRN3LHV3KBUyH8dJmQg/QElbBWo0MvCcSWYNWHzKx7T6qhbGGolZCOQc/q/5ivy8IiIQdBktp4gEjxS2ni3LpBRbXE9c6MF9Vhc//l7aNg1qZ2iNOm4E3Qie2Xq0eeeLtt2i6o7mGeeYVhY8LKYH4Gg1Bi8R3LsEH7IT6g4oKycctZE93t7O/LKVGivxv3cY0lb2YN2WIwHh3yxQdZF+/PSesxNzG8GWuhVmO2klVO8SF1vwdeYq/S6HrvtvGKeIT2bJ1oQJohYE2+Dcqf47qiedLFdhOLpq0IucS2XsDoAUBQxnen0uYEjM6VpAsONqbr0HLJBHRJ0hHZ/D/SPTcahKiZ/KkTYBEDVPlEIuO2ADMEA759pVMri440aXznnp9ARm9CluilQYaMQxeycCtVwtluLNE7G1/4hpYkwixnfM90B9dtN6ZpclZnJeqEo6/q8lpxdzLCmznNr0ef2jVDsWEIFme0fJ90pKb64rsbdBsnpMdjEVdrbVd8/mWZ5CLqEO3uDZhl+h2ZLuySpDNW3OdjnVtHvVSuskZSjDS++C3rK4vlf2nIduLGpqWBzLVxlToHq0Z8P7p9XnK7pnYE6Md0nexEnWN7i1rp/A3SdzP3bbPHt6rNqL3kDo10vb9MTpAS8SQOrVkPJNEvKSKd7fnRL7elRuqPSvgVDbNgMQf9CYvxOrB68y1lctKdC8CGUF4WewoN8SHktUJxbJYuotA++BQppIajh6+TN5I4mdOSJjMCBujYjlJVs9khZMTFCk/L8qGI9pZirNXWXfhaMnnqW7ed7ewdQ6MG+EgMoY40FvtbM+I4q5XHW5SDxoErPqzfYNA4hmrKtP28yByiaDdlzjIQFtX9KqX/dM81O3mZdA28pBbGXG4D06e70o7r3Q6IxjMgqe9fqDxnmrqkqhvJ/HTMERhpJ5VM1mAXD7WYv9H/eX6voGJLFMpZmKgina+TH/0RartYpEmd++B3rp5IAqVxylEJDtzpRP/jVoUQZ/pFA6WNidele0NQKIG5+n703ntOqfvvMlj6vlDXXBG6Unj4STA+4YzvYAoL+kdM9Bx7tVP5xhd3Xvte8H/AFBLBwjp04ybgAQAAFgQAABQSwECFAAUAAgICAARhr1K6dOMm4AEAABYEAAABwAAAAAAAAAAAAAAAAAAAAAAdXNlci5qc1BLBQYAAAAAAQABADUAAAC1BAAAAAA=}, appBuildId=20161208153507, version=, platform=XP, proxy={}, command_id=1, specificationLevel=0, acceptSslCerts=false, processId=10232, browserVersion=50.1.0, platformVersion=10.0, XULappId={ec8030f7-c20a-464f-9b0e-13a3a9e97384}, browserName=firefox, takesScreenshot=true, takesElementScreenshot=true, platformName=windows_nt}]
Session ID: 1e05ae19-b6d2-4f82-840e-501f0f3e7f8f
*** Element info: {Using=xpath, value=//a[contains(@href,&apos;addcustomerpage.php&apos;)]}" type="org.openqa.selenium.WebDriverException">org.openqa.selenium.WebDriverException: Failed to decode response from marionette
Build info: version: &apos;3.0.1&apos;, revision: &apos;1969d75&apos;, time: &apos;2016-10-18 09:49:13 -0700&apos;
System info: host: &apos;LAPTOP-KFKBTHVD&apos;, ip: &apos;192.168.0.23&apos;, os.name: &apos;Windows 10&apos;, os.arch: &apos;amd64&apos;, os.version: &apos;10.0&apos;, java.version: &apos;1.8.0_111&apos;
Driver info: org.openqa.selenium.firefox.FirefoxDriver
Capabilities [{rotatable=false, raisesAccessibilityExceptions=false, marionette=true, firefoxOptions={args=[], profile=UEsDBBQACAgIABGGvUoAAAAAAAAAAAAAAAAHAAAAdXNlci5qc9VXS2/jNhC+91cUPrVATCeb7mV7cpMsUCBoinWD7I2gqZHFmCJZDunHv+9QsuKHZMneW0+mqeFj5vvmm2FE8Nx5yH8Zzb1d0z+GIodqrMyClUKvhQcGRsw1ZKObn3OhEX79/ae4X5mJQDbO+pCWFCB0KOr/jIxWSg6sb04uQDvwU+eQpWO3OMUly62XcPE6Aysa0TIUK/jHPipc0tpRgE2YSFzdCOe0kiIoayabcYmwkaCPZtszm3F7bmUyVuLugyrFAibOLHajdweLm+rIIpS6HjktlDnaosS19dnxSaUeHbtoIJDVkhUhOOYKhcV2nD47gTjWYBahIP8+ff7cHRkPIqOfDALIANlX5TFMCSapU0iDj6dI2pIg33BZeFsCR+mVC9xHw4Mq05L72+6DgpgjI6aYF/OgLQ4Altm10VZQCIWhgBHnCrt+K8DMiEiJRN3LHV3KBUyH8dJmQg/QElbBWo0MvCcSWYNWHzKx7T6qhbGGolZCOQc/q/5ivy8IiIQdBktp4gEjxS2ni3LpBRbXE9c6MF9Vhc//l7aNg1qZ2iNOm4E3Qie2Xq0eeeLtt2i6o7mGeeYVhY8LKYH4Gg1Bi8R3LsEH7IT6g4oKycctZE93t7O/LKVGivxv3cY0lb2YN2WIwHh3yxQdZF+/PSesxNzG8GWuhVmO2klVO8SF1vwdeYq/S6HrvtvGKeIT2bJ1oQJohYE2+Dcqf47qiedLFdhOLpq0IucS2XsDoAUBQxnen0uYEjM6VpAsONqbr0HLJBHRJ0hHZ/D/SPTcahKiZ/KkTYBEDVPlEIuO2ADMEA759pVMri440aXznnp9ARm9CluilQYaMQxeycCtVwtluLNE7G1/4hpYkwixnfM90B9dtN6ZpclZnJeqEo6/q8lpxdzLCmznNr0ef2jVDsWEIFme0fJ90pKb64rsbdBsnpMdjEVdrbVd8/mWZ5CLqEO3uDZhl+h2ZLuySpDNW3OdjnVtHvVSuskZSjDS++C3rK4vlf2nIduLGpqWBzLVxlToHq0Z8P7p9XnK7pnYE6Md0nexEnWN7i1rp/A3SdzP3bbPHt6rNqL3kDo10vb9MTpAS8SQOrVkPJNEvKSKd7fnRL7elRuqPSvgVDbNgMQf9CYvxOrB68y1lctKdC8CGUF4WewoN8SHktUJxbJYuotA++BQppIajh6+TN5I4mdOSJjMCBujYjlJVs9khZMTFCk/L8qGI9pZirNXWXfhaMnnqW7ed7ewdQ6MG+EgMoY40FvtbM+I4q5XHW5SDxoErPqzfYNA4hmrKtP28yByiaDdlzjIQFtX9KqX/dM81O3mZdA28pBbGXG4D06e70o7r3Q6IxjMgqe9fqDxnmrqkqhvJ/HTMERhpJ5VM1mAXD7WYv9H/eX6voGJLFMpZmKgina+TH/0RartYpEmd++B3rp5IAqVxylEJDtzpRP/jVoUQZ/pFA6WNidele0NQKIG5+n703ntOqfvvMlj6vlDXXBG6Unj4STA+4YzvYAoL+kdM9Bx7tVP5xhd3Xvte8H/AFBLBwjp04ybgAQAAFgQAABQSwECFAAUAAgICAARhr1K6dOMm4AEAABYEAAABwAAAAAAAAAAAAAAAAAAAAAAdXNlci5qc1BLBQYAAAAAAQABADUAAAC1BAAAAAA=}, appBuildId=20161208153507, version=, platform=XP, proxy={}, command_id=1, specificationLevel=0, acceptSslCerts=false, processId=10232, browserVersion=50.1.0, platformVersion=10.0, XULappId={ec8030f7-c20a-464f-9b0e-13a3a9e97384}, browserName=firefox, takesScreenshot=true, takesElementScreenshot=true, platformName=windows_nt}]
Session ID: 1e05ae19-b6d2-4f82-840e-501f0f3e7f8f
*** Element info: {Using=xpath, value=//a[contains(@href,&apos;addcustomerpage.php&apos;)]}
	at sun.reflect.NativeConstructorAccessorImpl.newInstance0(Native Method)
	at sun.reflect.NativeConstructorAccessorImpl.newInstance(NativeConstructorAccessorImpl.java:62)
	at sun.reflect.DelegatingConstructorAccessorImpl.newInstance(DelegatingConstructorAccessorImpl.java:45)
	at java.lang.reflect.Constructor.newInstance(Constructor.java:423)
	at org.openqa.selenium.remote.http.W3CHttpResponseCodec.createException(W3CHttpResponseCodec.java:127)
	at org.openqa.selenium.remote.http.W3CHttpResponseCodec.decode(W3CHttpResponseCodec.java:93)
	at org.openqa.selenium.remote.http.W3CHttpResponseCodec.decode(W3CHttpResponseCodec.java:42)
	at org.openqa.selenium.remote.HttpCommandExecutor.execute(HttpCommandExecutor.java:163)
	at org.openqa.selenium.remote.service.DriverCommandExecutor.execute(DriverCommandExecutor.java:82)
	at org.openqa.selenium.remote.RemoteWebDriver.execute(RemoteWebDriver.java:601)
	at org.openqa.selenium.remote.RemoteWebDriver.findElement(RemoteWebDriver.java:368)
	at org.openqa.selenium.remote.RemoteWebDriver.findElementByXPath(RemoteWebDriver.java:473)
	at org.openqa.selenium.By$ByXPath.findElement(By.java:361)
	at org.openqa.selenium.remote.RemoteWebDriver.findElement(RemoteWebDriver.java:360)
	at sun.reflect.NativeMethodAccessorImpl.invoke0(Native Method)
	at sun.reflect.NativeMethodAccessorImpl.invoke(NativeMethodAccessorImpl.java:62)
	at sun.reflect.DelegatingMethodAccessorImpl.invoke(DelegatingMethodAccessorImpl.java:43)
	at java.lang.reflect.Method.invoke(Method.java:498)
	at org.openqa.selenium.support.events.EventFiringWebDriver$2.invoke(EventFiringWebDriver.java:103)
	at com.sun.proxy.$Proxy10.findElement(Unknown Source)
	at org.openqa.selenium.support.events.EventFiringWebDriver.findElement(EventFiringWebDriver.java:187)
	at pages_Repository.AddCustomer_Repo.clickNewCustomerLink(AddCustomer_Repo.java:59)
	at tests.AddCustomer_Test.addCustomer(AddCustomer_Test.java:95)
</failure>
    <system-out>Raja|S|f|5|10/10/1990|Automation Tester|C:/WorkSpace/Selenium/AutoIt_Scripts/closeLogOutDialog.au3|Selenium IDE|North America|Switch Commands,Wait Commands,WebElement Commands|Success
</system-out>
    <system-err>1496090914767	geckodriver	INFO	Listening on 127.0.0.1:15125
May 29, 2017 4:48:35 PM org.openqa.selenium.remote.ProtocolHandshake createSession
INFO: Attempting bi-dialect session, assuming Postel&apos;s Law holds true on the remote end
1496090915266	mozprofile::profile	INFO	Using profile path C:\Users\Raja\AppData\Local\Temp\rust_mozprofile.hSbmnD8Si9Qg
1496090915276	geckodriver::marionette	INFO	Starting browser C:\Program Files\Mozilla Firefox\firefox.exe
1496090915283	geckodriver::marionette	INFO	Connecting to Marionette on localhost:57812
1496090915464	addons.manager	DEBUG	Application has been upgraded
1496090915501	addons.manager	DEBUG	Loaded provider scope for resource://gre/modules/addons/XPIProvider.jsm: [&quot;XPIProvider&quot;]
1496090915503	addons.manager	DEBUG	Loaded provider scope for resource://gre/modules/LightweightThemeManager.jsm: [&quot;LightweightThemeManager&quot;]
1496090915509	addons.manager	DEBUG	Loaded provider scope for resource://gre/modules/addons/GMPProvider.jsm
1496090915511	addons.manager	DEBUG	Loaded provider scope for resource://gre/modules/addons/PluginProvider.jsm
1496090915512	addons.manager	DEBUG	Starting provider: XPIProvider
1496090915512	addons.xpi	DEBUG	startup
1496090915513	addons.xpi	INFO	SystemAddonInstallLocation directory is missing
1496090915514	addons.xpi	INFO	Mapping aushelper@mozilla.org to C:\Program Files\Mozilla Firefox\browser\features\aushelper@mozilla.org.xpi
1496090915515	addons.xpi	INFO	Mapping e10srollout@mozilla.org to C:\Program Files\Mozilla Firefox\browser\features\e10srollout@mozilla.org.xpi
1496090915516	addons.xpi	INFO	Mapping firefox@getpocket.com to C:\Program Files\Mozilla Firefox\browser\features\firefox@getpocket.com.xpi
1496090915516	addons.xpi	INFO	Mapping webcompat@mozilla.org to C:\Program Files\Mozilla Firefox\browser\features\webcompat@mozilla.org.xpi
1496090915518	addons.xpi	INFO	Mapping {972ce4c6-7e08-4474-a285-3208198ce6fd} to C:\Program Files\Mozilla Firefox\browser\extensions\{972ce4c6-7e08-4474-a285-3208198ce6fd}.xpi
1496090915518	addons.xpi	DEBUG	checkForChanges
1496090915519	addons.xpi	DEBUG	Loaded add-on state from prefs: {}
1496090915520	addons.xpi	DEBUG	New add-on aushelper@mozilla.org in app-system-defaults
1496090915521	addons.xpi	DEBUG	getModTime: Recursive scan of aushelper@mozilla.org
1496090915522	addons.xpi	DEBUG	New add-on e10srollout@mozilla.org in app-system-defaults
1496090915522	addons.xpi	DEBUG	getModTime: Recursive scan of e10srollout@mozilla.org
1496090915523	addons.xpi	DEBUG	New add-on firefox@getpocket.com in app-system-defaults
1496090915524	addons.xpi	DEBUG	getModTime: Recursive scan of firefox@getpocket.com
1496090915525	addons.xpi	DEBUG	New add-on webcompat@mozilla.org in app-system-defaults
1496090915525	addons.xpi	DEBUG	getModTime: Recursive scan of webcompat@mozilla.org
1496090915526	addons.xpi	DEBUG	New add-on {972ce4c6-7e08-4474-a285-3208198ce6fd} in app-global
1496090915526	addons.xpi	DEBUG	getModTime: Recursive scan of {972ce4c6-7e08-4474-a285-3208198ce6fd}
1496090915527	addons.xpi	DEBUG	getInstallState changed: true, state: {&quot;app-system-defaults&quot;:{&quot;aushelper@mozilla.org&quot;:{&quot;d&quot;:&quot;C:\\Program Files\\Mozilla Firefox\\browser\\features\\aushelper@mozilla.org.xpi&quot;,&quot;st&quot;:1481246673000},&quot;e10srollout@mozilla.org&quot;:{&quot;d&quot;:&quot;C:\\Program Files\\Mozilla Firefox\\browser\\features\\e10srollout@mozilla.org.xpi&quot;,&quot;st&quot;:1481246673000},&quot;firefox@getpocket.com&quot;:{&quot;d&quot;:&quot;C:\\Program Files\\Mozilla Firefox\\browser\\features\\firefox@getpocket.com.xpi&quot;,&quot;st&quot;:1481246674000},&quot;webcompat@mozilla.org&quot;:{&quot;d&quot;:&quot;C:\\Program Files\\Mozilla Firefox\\browser\\features\\webcompat@mozilla.org.xpi&quot;,&quot;st&quot;:1481246673000}},&quot;app-global&quot;:{&quot;{972ce4c6-7e08-4474-a285-3208198ce6fd}&quot;:{&quot;d&quot;:&quot;C:\\Program Files\\Mozilla Firefox\\browser\\extensions\\{972ce4c6-7e08-4474-a285-3208198ce6fd}.xpi&quot;,&quot;st&quot;:1481246673000}}}
1496090915540	addons.xpi-utils	DEBUG	Opening XPI database C:\Users\Raja\AppData\Local\Temp\rust_mozprofile.hSbmnD8Si9Qg\extensions.json
1496090915542	addons.xpi-utils	DEBUG	New add-on aushelper@mozilla.org installed in app-system-defaults
*** Blocklist::_loadBlocklistFromFile: blocklist is disabled
1496090915552	DeferredSave.extensions.json	DEBUG	Save changes
1496090915552	addons.xpi-utils	DEBUG	New add-on e10srollout@mozilla.org installed in app-system-defaults
1496090915555	DeferredSave.extensions.json	DEBUG	Starting timer
1496090915557	DeferredSave.extensions.json	DEBUG	Save changes
1496090915557	addons.xpi-utils	DEBUG	New add-on firefox@getpocket.com installed in app-system-defaults
1496090915563	DeferredSave.extensions.json	DEBUG	Save changes
1496090915563	addons.xpi-utils	DEBUG	New add-on webcompat@mozilla.org installed in app-system-defaults
1496090915568	DeferredSave.extensions.json	DEBUG	Save changes
1496090915570	addons.xpi-utils	DEBUG	New add-on {972ce4c6-7e08-4474-a285-3208198ce6fd} installed in app-global
1496090915573	DeferredSave.extensions.json	DEBUG	Save changes
1496090915574	addons.manager	DEBUG	Registering startup change &apos;installed&apos; for aushelper@mozilla.org
1496090915579	addons.xpi	DEBUG	Loading bootstrap scope from C:\Program Files\Mozilla Firefox\browser\features\aushelper@mozilla.org.xpi
1496090915585	addons.xpi	DEBUG	Calling bootstrap method install on aushelper@mozilla.org version 1.0
1496090915586	addons.xpi-utils	DEBUG	Make addon app-system-defaults:aushelper@mozilla.org visible
1496090915586	DeferredSave.extensions.json	DEBUG	Save changes
1496090915587	addons.manager	DEBUG	Registering startup change &apos;installed&apos; for e10srollout@mozilla.org
1496090915587	addons.xpi	DEBUG	Loading bootstrap scope from C:\Program Files\Mozilla Firefox\browser\features\e10srollout@mozilla.org.xpi
1496090915597	addons.xpi	DEBUG	Calling bootstrap method install on e10srollout@mozilla.org version 1.5
1496090915598	addons.xpi-utils	DEBUG	Make addon app-system-defaults:e10srollout@mozilla.org visible
1496090915599	DeferredSave.extensions.json	DEBUG	Save changes
1496090915599	addons.manager	DEBUG	Registering startup change &apos;installed&apos; for firefox@getpocket.com
1496090915600	addons.xpi	DEBUG	Loading bootstrap scope from C:\Program Files\Mozilla Firefox\browser\features\firefox@getpocket.com.xpi
1496090915616	addons.xpi	DEBUG	Calling bootstrap method install on firefox@getpocket.com version 1.0.5
1496090915618	addons.xpi-utils	DEBUG	Make addon app-system-defaults:firefox@getpocket.com visible
1496090915618	DeferredSave.extensions.json	DEBUG	Save changes
1496090915618	addons.manager	DEBUG	Registering startup change &apos;installed&apos; for webcompat@mozilla.org
1496090915619	addons.xpi	DEBUG	Loading bootstrap scope from C:\Program Files\Mozilla Firefox\browser\features\webcompat@mozilla.org.xpi
1496090915622	addons.xpi	DEBUG	Calling bootstrap method install on webcompat@mozilla.org version 1.0
1496090915622	addons.xpi-utils	DEBUG	Make addon app-system-defaults:webcompat@mozilla.org visible
1496090915623	DeferredSave.extensions.json	DEBUG	Save changes
1496090915623	addons.xpi-utils	DEBUG	Make addon app-global:{972ce4c6-7e08-4474-a285-3208198ce6fd} visible
1496090915623	DeferredSave.extensions.json	DEBUG	Save changes
1496090915624	addons.xpi	DEBUG	Updating XPIState for {&quot;id&quot;:&quot;aushelper@mozilla.org&quot;,&quot;syncGUID&quot;:&quot;{b3a76209-64c6-4381-8236-127424a90fd7}&quot;,&quot;location&quot;:&quot;app-system-defaults&quot;,&quot;version&quot;:&quot;1.0&quot;,&quot;type&quot;:&quot;extension&quot;,&quot;internalName&quot;:null,&quot;updateURL&quot;:null,&quot;updateKey&quot;:null,&quot;optionsURL&quot;:null,&quot;optionsType&quot;:null,&quot;aboutURL&quot;:null,&quot;icons&quot;:{},&quot;iconURL&quot;:null,&quot;icon64URL&quot;:null,&quot;defaultLocale&quot;:{&quot;name&quot;:&quot;Application Update Service Helper&quot;,&quot;description&quot;:&quot;Sets value(s) in the update url based on custom checks.&quot;,&quot;creator&quot;:null,&quot;homepageURL&quot;:null},&quot;visible&quot;:true,&quot;active&quot;:true,&quot;userDisabled&quot;:false,&quot;appDisabled&quot;:false,&quot;descriptor&quot;:&quot;C:\\Program Files\\Mozilla Firefox\\browser\\features\\aushelper@mozilla.org.xpi&quot;,&quot;installDate&quot;:1481246673000,&quot;updateDate&quot;:1481246673000,&quot;applyBackgroundUpdates&quot;:1,&quot;bootstrap&quot;:true,&quot;skinnable&quot;:false,&quot;size&quot;:5975,&quot;sourceURI&quot;:null,&quot;releaseNotesURI&quot;:null,&quot;softDisabled&quot;:false,&quot;foreignInstall&quot;:false,&quot;hasBinaryComponents&quot;:false,&quot;strictCompatibility&quot;:false,&quot;locales&quot;:[],&quot;targetApplications&quot;:[{&quot;id&quot;:&quot;{ec8030f7-c20a-464f-9b0e-13a3a9e97384}&quot;,&quot;minVersion&quot;:&quot;50.1.0&quot;,&quot;maxVersion&quot;:&quot;50.*&quot;}],&quot;targetPlatforms&quot;:[],&quot;multiprocessCompatible&quot;:true,&quot;seen&quot;:true}
1496090915624	addons.xpi	DEBUG	getModTime: Recursive scan of aushelper@mozilla.org
1496090915625	addons.xpi	DEBUG	Updating XPIState for {&quot;id&quot;:&quot;e10srollout@mozilla.org&quot;,&quot;syncGUID&quot;:&quot;{f3ec1de0-7fde-4902-9f9b-251746db7c47}&quot;,&quot;location&quot;:&quot;app-system-defaults&quot;,&quot;version&quot;:&quot;1.5&quot;,&quot;type&quot;:&quot;extension&quot;,&quot;internalName&quot;:null,&quot;updateURL&quot;:null,&quot;updateKey&quot;:null,&quot;optionsURL&quot;:null,&quot;optionsType&quot;:null,&quot;aboutURL&quot;:null,&quot;icons&quot;:{},&quot;iconURL&quot;:null,&quot;icon64URL&quot;:null,&quot;defaultLocale&quot;:{&quot;name&quot;:&quot;Multi-process staged rollout&quot;,&quot;description&quot;:&quot;Staged rollout of Firefox multi-process feature.&quot;,&quot;creator&quot;:null,&quot;homepageURL&quot;:null},&quot;visible&quot;:true,&quot;active&quot;:true,&quot;userDisabled&quot;:false,&quot;appDisabled&quot;:false,&quot;descriptor&quot;:&quot;C:\\Program Files\\Mozilla Firefox\\browser\\features\\e10srollout@mozilla.org.xpi&quot;,&quot;installDate&quot;:1481246673000,&quot;updateDate&quot;:1481246673000,&quot;applyBackgroundUpdates&quot;:1,&quot;bootstrap&quot;:true,&quot;skinnable&quot;:false,&quot;size&quot;:7210,&quot;sourceURI&quot;:null,&quot;releaseNotesURI&quot;:null,&quot;softDisabled&quot;:false,&quot;foreignInstall&quot;:false,&quot;hasBinaryComponents&quot;:false,&quot;strictCompatibility&quot;:false,&quot;locales&quot;:[],&quot;targetApplications&quot;:[{&quot;id&quot;:&quot;{ec8030f7-c20a-464f-9b0e-13a3a9e97384}&quot;,&quot;minVersion&quot;:&quot;50.1.0&quot;,&quot;maxVersion&quot;:&quot;50.*&quot;}],&quot;targetPlatforms&quot;:[],&quot;multiprocessCompatible&quot;:false,&quot;seen&quot;:true}
1496090915625	addons.xpi	DEBUG	getModTime: Recursive scan of e10srollout@mozilla.org
1496090915630	addons.xpi	DEBUG	Updating XPIState for {&quot;id&quot;:&quot;firefox@getpocket.com&quot;,&quot;syncGUID&quot;:&quot;{b2f39852-c7ab-4dfc-b21d-3178220509c5}&quot;,&quot;location&quot;:&quot;app-system-defaults&quot;,&quot;version&quot;:&quot;1.0.5&quot;,&quot;type&quot;:&quot;extension&quot;,&quot;internalName&quot;:null,&quot;updateURL&quot;:null,&quot;updateKey&quot;:null,&quot;optionsURL&quot;:null,&quot;optionsType&quot;:null,&quot;aboutURL&quot;:null,&quot;icons&quot;:{},&quot;iconURL&quot;:null,&quot;icon64URL&quot;:null,&quot;defaultLocale&quot;:{&quot;name&quot;:&quot;Pocket&quot;,&quot;description&quot;:&quot;When you find something you want to view later, put it in Pocket.&quot;,&quot;creator&quot;:null,&quot;homepageURL&quot;:null},&quot;visible&quot;:true,&quot;active&quot;:true,&quot;userDisabled&quot;:false,&quot;appDisabled&quot;:false,&quot;descriptor&quot;:&quot;C:\\Program Files\\Mozilla Firefox\\browser\\features\\firefox@getpocket.com.xpi&quot;,&quot;installDate&quot;:1481246674000,&quot;updateDate&quot;:1481246674000,&quot;applyBackgroundUpdates&quot;:1,&quot;bootstrap&quot;:true,&quot;skinnable&quot;:false,&quot;size&quot;:917398,&quot;sourceURI&quot;:null,&quot;releaseNotesURI&quot;:null,&quot;softDisabled&quot;:false,&quot;foreignInstall&quot;:false,&quot;hasBinaryComponents&quot;:false,&quot;strictCompatibility&quot;:false,&quot;locales&quot;:[],&quot;targetApplications&quot;:[{&quot;id&quot;:&quot;{ec8030f7-c20a-464f-9b0e-13a3a9e97384}&quot;,&quot;minVersion&quot;:&quot;50.1.0&quot;,&quot;maxVersion&quot;:&quot;50.*&quot;}],&quot;targetPlatforms&quot;:[],&quot;multiprocessCompatible&quot;:false,&quot;seen&quot;:true}
1496090915631	addons.xpi	DEBUG	getModTime: Recursive scan of firefox@getpocket.com
1496090915631	addons.xpi	DEBUG	Updating XPIState for {&quot;id&quot;:&quot;webcompat@mozilla.org&quot;,&quot;syncGUID&quot;:&quot;{87299245-0172-4815-ae9a-a53fec58b79e}&quot;,&quot;location&quot;:&quot;app-system-defaults&quot;,&quot;version&quot;:&quot;1.0&quot;,&quot;type&quot;:&quot;extension&quot;,&quot;internalName&quot;:null,&quot;updateURL&quot;:null,&quot;updateKey&quot;:null,&quot;optionsURL&quot;:null,&quot;optionsType&quot;:null,&quot;aboutURL&quot;:null,&quot;icons&quot;:{},&quot;iconURL&quot;:null,&quot;icon64URL&quot;:null,&quot;defaultLocale&quot;:{&quot;name&quot;:&quot;Web Compat&quot;,&quot;description&quot;:&quot;Urgent post-release fixes for web compatibility.&quot;,&quot;creator&quot;:null,&quot;homepageURL&quot;:null},&quot;visible&quot;:true,&quot;active&quot;:true,&quot;userDisabled&quot;:false,&quot;appDisabled&quot;:false,&quot;descriptor&quot;:&quot;C:\\Program Files\\Mozilla Firefox\\browser\\features\\webcompat@mozilla.org.xpi&quot;,&quot;installDate&quot;:1481246673000,&quot;updateDate&quot;:1481246673000,&quot;applyBackgroundUpdates&quot;:1,&quot;bootstrap&quot;:true,&quot;skinnable&quot;:false,&quot;size&quot;:1502,&quot;sourceURI&quot;:null,&quot;releaseNotesURI&quot;:null,&quot;softDisabled&quot;:false,&quot;foreignInstall&quot;:false,&quot;hasBinaryComponents&quot;:false,&quot;strictCompatibility&quot;:false,&quot;locales&quot;:[],&quot;targetApplications&quot;:[{&quot;id&quot;:&quot;{ec8030f7-c20a-464f-9b0e-13a3a9e97384}&quot;,&quot;minVersion&quot;:&quot;50.1.0&quot;,&quot;maxVersion&quot;:&quot;50.*&quot;}],&quot;targetPlatforms&quot;:[],&quot;multiprocessCompatible&quot;:false,&quot;seen&quot;:true}
1496090915631	addons.xpi	DEBUG	getModTime: Recursive scan of webcompat@mozilla.org
1496090915632	addons.xpi	DEBUG	Updating XPIState for {&quot;id&quot;:&quot;{972ce4c6-7e08-4474-a285-3208198ce6fd}&quot;,&quot;syncGUID&quot;:&quot;{4d2a3f41-d692-4a0f-81f8-3d7d2094702f}&quot;,&quot;location&quot;:&quot;app-global&quot;,&quot;version&quot;:&quot;50.1.0&quot;,&quot;type&quot;:&quot;theme&quot;,&quot;internalName&quot;:&quot;classic/1.0&quot;,&quot;updateURL&quot;:null,&quot;updateKey&quot;:null,&quot;optionsURL&quot;:null,&quot;optionsType&quot;:null,&quot;aboutURL&quot;:null,&quot;icons&quot;:{&quot;32&quot;:&quot;icon.png&quot;,&quot;48&quot;:&quot;icon.png&quot;},&quot;iconURL&quot;:null,&quot;icon64URL&quot;:null,&quot;defaultLocale&quot;:{&quot;name&quot;:&quot;Default&quot;,&quot;description&quot;:&quot;The default theme.&quot;,&quot;creator&quot;:&quot;Mozilla&quot;,&quot;homepageURL&quot;:null,&quot;contributors&quot;:[&quot;Mozilla Contributors&quot;]},&quot;visible&quot;:true,&quot;active&quot;:true,&quot;userDisabled&quot;:false,&quot;appDisabled&quot;:false,&quot;descriptor&quot;:&quot;C:\\Program Files\\Mozilla Firefox\\browser\\extensions\\{972ce4c6-7e08-4474-a285-3208198ce6fd}.xpi&quot;,&quot;installDate&quot;:1481246673000,&quot;updateDate&quot;:1481246673000,&quot;applyBackgroundUpdates&quot;:1,&quot;skinnable&quot;:true,&quot;size&quot;:21152,&quot;sourceURI&quot;:null,&quot;releaseNotesURI&quot;:null,&quot;softDisabled&quot;:false,&quot;foreignInstall&quot;:false,&quot;hasBinaryComponents&quot;:false,&quot;strictCompatibility&quot;:true,&quot;locales&quot;:[],&quot;targetApplications&quot;:[{&quot;id&quot;:&quot;{ec8030f7-c20a-464f-9b0e-13a3a9e97384}&quot;,&quot;minVersion&quot;:&quot;50.1.0&quot;,&quot;maxVersion&quot;:&quot;50.1.0&quot;}],&quot;targetPlatforms&quot;:[],&quot;seen&quot;:true}
1496090915632	addons.xpi	DEBUG	getModTime: Recursive scan of {972ce4c6-7e08-4474-a285-3208198ce6fd}
1496090915634	DeferredSave.extensions.json	DEBUG	Save changes
1496090915635	addons.xpi	DEBUG	Updating database with changes to installed add-ons
1496090915635	addons.xpi-utils	DEBUG	Updating add-on states
1496090915636	addons.xpi-utils	DEBUG	Writing add-ons list
1496090915642	addons.xpi	DEBUG	Registering manifest for C:\Program Files\Mozilla Firefox\browser\features\aushelper@mozilla.org.xpi
1496090915642	addons.xpi	DEBUG	Calling bootstrap method startup on aushelper@mozilla.org version 1.0
1496090915644	addons.xpi	DEBUG	Registering manifest for C:\Program Files\Mozilla Firefox\browser\features\e10srollout@mozilla.org.xpi
1496090915644	addons.xpi	DEBUG	Calling bootstrap method startup on e10srollout@mozilla.org version 1.5
1496090915645	addons.xpi	DEBUG	Registering manifest for C:\Program Files\Mozilla Firefox\browser\features\firefox@getpocket.com.xpi
1496090915646	addons.xpi	DEBUG	Calling bootstrap method startup on firefox@getpocket.com version 1.0.5
1496090915647	addons.xpi	DEBUG	Registering manifest for C:\Program Files\Mozilla Firefox\browser\features\webcompat@mozilla.org.xpi
1496090915648	addons.xpi	DEBUG	Calling bootstrap method startup on webcompat@mozilla.org version 1.0
1496090915662	addons.manager	DEBUG	Registering shutdown blocker for XPIProvider
1496090915664	addons.manager	DEBUG	Provider finished startup: XPIProvider
1496090915664	addons.manager	DEBUG	Starting provider: LightweightThemeManager
1496090915665	addons.manager	DEBUG	Registering shutdown blocker for LightweightThemeManager
1496090915666	addons.manager	DEBUG	Provider finished startup: LightweightThemeManager
1496090915667	addons.manager	DEBUG	Starting provider: GMPProvider
1496090915680	addons.manager	DEBUG	Registering shutdown blocker for GMPProvider
1496090915680	addons.manager	DEBUG	Provider finished startup: GMPProvider
1496090915680	addons.manager	DEBUG	Starting provider: PluginProvider
1496090915680	addons.manager	DEBUG	Registering shutdown blocker for PluginProvider
1496090915681	addons.manager	DEBUG	Provider finished startup: PluginProvider
1496090915681	addons.manager	DEBUG	Completed startup sequence
[GFX1]: Potential driver version mismatch ignored due to missing DLLs 0.0.0.0 and 0.0.0.0
1496090915917	Marionette	INFO	Listening on port 57812
1496090916194	addons.manager	DEBUG	Starting provider: &lt;unnamed-provider&gt;
1496090916194	addons.manager	DEBUG	Registering shutdown blocker for &lt;unnamed-provider&gt;
1496090916194	addons.manager	DEBUG	Provider finished startup: &lt;unnamed-provider&gt;
1496090916224	addons.manager	DEBUG	Starting provider: PreviousExperimentProvider
1496090916224	addons.manager	DEBUG	Registering shutdown blocker for PreviousExperimentProvider
1496090916225	addons.manager	DEBUG	Provider finished startup: PreviousExperimentProvider
1496090916227	DeferredSave.extensions.json	DEBUG	Starting write
1496090916412	DeferredSave.extensions.json	DEBUG	Write succeeded
1496090916412	addons.xpi-utils	DEBUG	XPI Database saved, setting schema version preference to 17
[GFX1]: Potential driver version mismatch ignored due to missing DLLs 0.0.0.0 and 0.0.0.0
May 29, 2017 4:48:37 PM org.openqa.selenium.remote.ProtocolHandshake createSession
INFO: Detected dialect: W3C
JavaScript error: http://demo.guru99.com/v4/index.php, line 1: SyntaxError: missing ) after argument list
1496090927142	addons.xpi	DEBUG	Calling bootstrap method shutdown on aushelper@mozilla.org version 1.0
1496090927143	addons.xpi	DEBUG	Calling bootstrap method shutdown on e10srollout@mozilla.org version 1.5
1496090927144	addons.xpi	DEBUG	Calling bootstrap method shutdown on firefox@getpocket.com version 1.0.5
1496090927146	addons.xpi	DEBUG	Calling bootstrap method shutdown on webcompat@mozilla.org version 1.0
*************************
A coding exception was thrown and uncaught in a Task.

Full message: TypeError: can&apos;t access dead object
Full stack: find_@chrome://marionette/content/element.js:279:7
element.find/&lt;/findElements&lt;@chrome://marionette/content/element.js:250:15
implicitlyWaitFor/&lt;/elementSearch@chrome://marionette/content/element.js:576:15

*************************
*************************
A coding exception was thrown and uncaught in a Task.

Full message: TypeError: can&apos;t access dead object
Full stack: find_@chrome://marionette/content/element.js:279:7
element.find/&lt;/findElements&lt;@chrome://marionette/content/element.js:250:15
implicitlyWaitFor/&lt;/elementSearch@chrome://marionette/content/element.js:576:15

*************************
Marionette threw an error: [Exception... &quot;Component returned failure code: 0x80070057 (NS_ERROR_ILLEGAL_VALUE) [nsIMessageSender.sendAsyncMessage]&quot;  nsresult: &quot;0x80070057 (NS_ERROR_ILLEGAL_VALUE)&quot;  location: &quot;JS frame :: chrome://marionette/content/proxy.js :: sendReply_ :: line 187&quot;  data: no]
sendReply_@chrome://marionette/content/proxy.js:187:5
reply@chrome://marionette/content/proxy.js:176:7
sendToServer@chrome://marionette/content/listener.js:430:3
sendError@chrome://marionette/content/listener.js:464:3
dispatch/&lt;/&lt;@chrome://marionette/content/listener.js:201:40
Handler.prototype.process@resource://gre/modules/Promise.jsm -&gt; resource://gre/modules/Promise-backend.js:940:21
this.PromiseWalker.walkerLoop@resource://gre/modules/Promise.jsm -&gt; resource://gre/modules/Promise-backend.js:816:7
this.PromiseWalker.scheduleWalkerLoop/&lt;@resource://gre/modules/Promise.jsm -&gt; resource://gre/modules/Promise-backend.js:750:11

</system-err>
  </testcase>
  <testcase classname="tests.Google_Search_Test" name="searchGoogle" time="4.216">
    <failure message="Failed to decode response from marionette
Build info: version: &apos;3.0.1&apos;, revision: &apos;1969d75&apos;, time: &apos;2016-10-18 09:49:13 -0700&apos;
System info: host: &apos;LAPTOP-KFKBTHVD&apos;, ip: &apos;192.168.0.23&apos;, os.name: &apos;Windows 10&apos;, os.arch: &apos;amd64&apos;, os.version: &apos;10.0&apos;, java.version: &apos;1.8.0_111&apos;
Driver info: org.openqa.selenium.firefox.FirefoxDriver
Capabilities [{rotatable=false, raisesAccessibilityExceptions=false, marionette=true, firefoxOptions={args=[], prefs={}}, appBuildId=20161208153507, version=, platform=XP, proxy={}, command_id=1, specificationLevel=0, acceptSslCerts=false, processId=7092, browserVersion=50.1.0, platformVersion=10.0, XULappId={ec8030f7-c20a-464f-9b0e-13a3a9e97384}, browserName=firefox, takesScreenshot=true, takesElementScreenshot=true, platformName=windows_nt}]
Session ID: f52fa2bf-564f-4e4d-a943-7d44a3b54c2e" type="org.openqa.selenium.WebDriverException">org.openqa.selenium.WebDriverException: Failed to decode response from marionette
Build info: version: &apos;3.0.1&apos;, revision: &apos;1969d75&apos;, time: &apos;2016-10-18 09:49:13 -0700&apos;
System info: host: &apos;LAPTOP-KFKBTHVD&apos;, ip: &apos;192.168.0.23&apos;, os.name: &apos;Windows 10&apos;, os.arch: &apos;amd64&apos;, os.version: &apos;10.0&apos;, java.version: &apos;1.8.0_111&apos;
Driver info: org.openqa.selenium.firefox.FirefoxDriver
Capabilities [{rotatable=false, raisesAccessibilityExceptions=false, marionette=true, firefoxOptions={args=[], prefs={}}, appBuildId=20161208153507, version=, platform=XP, proxy={}, command_id=1, specificationLevel=0, acceptSslCerts=false, processId=7092, browserVersion=50.1.0, platformVersion=10.0, XULappId={ec8030f7-c20a-464f-9b0e-13a3a9e97384}, browserName=firefox, takesScreenshot=true, takesElementScreenshot=true, platformName=windows_nt}]
Session ID: f52fa2bf-564f-4e4d-a943-7d44a3b54c2e
	at sun.reflect.NativeConstructorAccessorImpl.newInstance0(Native Method)
	at sun.reflect.NativeConstructorAccessorImpl.newInstance(NativeConstructorAccessorImpl.java:62)
	at sun.reflect.DelegatingConstructorAccessorImpl.newInstance(DelegatingConstructorAccessorImpl.java:45)
	at java.lang.reflect.Constructor.newInstance(Constructor.java:423)
	at org.openqa.selenium.remote.http.W3CHttpResponseCodec.createException(W3CHttpResponseCodec.java:127)
	at org.openqa.selenium.remote.http.W3CHttpResponseCodec.decode(W3CHttpResponseCodec.java:93)
	at org.openqa.selenium.remote.http.W3CHttpResponseCodec.decode(W3CHttpResponseCodec.java:42)
	at org.openqa.selenium.remote.HttpCommandExecutor.execute(HttpCommandExecutor.java:163)
	at org.openqa.selenium.remote.service.DriverCommandExecutor.execute(DriverCommandExecutor.java:82)
	at org.openqa.selenium.remote.RemoteWebDriver.execute(RemoteWebDriver.java:601)
	at org.openqa.selenium.remote.RemoteWebDriver.get(RemoteWebDriver.java:322)
	at tests.Google_Search_Test.searchGoogle(Google_Search_Test.java:25)
</failure>
    <system-err>1496090927330	geckodriver	INFO	Listening on 127.0.0.1:37184
May 29, 2017 4:48:47 PM org.openqa.selenium.remote.ProtocolHandshake createSession
INFO: Attempting bi-dialect session, assuming Postel&apos;s Law holds true on the remote end
1496090927802	mozprofile::profile	INFO	Using profile path C:\Users\Raja\AppData\Local\Temp\rust_mozprofile.trXQE7e7VbWf
1496090927809	geckodriver::marionette	INFO	Starting browser C:\Program Files\Mozilla Firefox\firefox.exe
1496090927819	geckodriver::marionette	INFO	Connecting to Marionette on localhost:57858
[GFX1]: Potential driver version mismatch ignored due to missing DLLs 0.0.0.0 and 0.0.0.0
1496090928497	Marionette	INFO	Listening on port 57858
[GFX1]: Potential driver version mismatch ignored due to missing DLLs 0.0.0.0 and 0.0.0.0
May 29, 2017 4:48:49 PM org.openqa.selenium.remote.ProtocolHandshake createSession
INFO: Detected dialect: W3C
</system-err>
  </testcase>
  <testcase classname="tests.Practice_Automation_ToolsQA_Test" name="automationPractice" time="3.685">
    <failure message="Failed to decode response from marionette
Build info: version: &apos;3.0.1&apos;, revision: &apos;1969d75&apos;, time: &apos;2016-10-18 09:49:13 -0700&apos;
System info: host: &apos;LAPTOP-KFKBTHVD&apos;, ip: &apos;192.168.0.23&apos;, os.name: &apos;Windows 10&apos;, os.arch: &apos;amd64&apos;, os.version: &apos;10.0&apos;, java.version: &apos;1.8.0_111&apos;
Driver info: org.openqa.selenium.firefox.FirefoxDriver
Capabilities [{rotatable=false, raisesAccessibilityExceptions=false, marionette=true, firefoxOptions={args=[], profile=UEsDBBQACAgIABqGvUoAAAAAAAAAAAAAAAAHAAAAdXNlci5qc9VXS2/jNhC+91cUPrVATCeb7mV7cpMsUCBoinWD7I2gqZHFmCJZDunHv+9QsuKHZMneW0+mqeFj5vvmm2FE8Nx5yH8Zzb1d0z+GIodqrMyClUKvhQcGRsw1ZKObn3OhEX79/ae4X5mJQDbO+pCWFCB0KOr/jIxWSg6sb04uQDvwU+eQpWO3OMUly62XcPE6Aysa0TIUK/jHPipc0tpRgE2YSFzdCOe0kiIoayabcYmwkaCPZtszm3F7bmUyVuLugyrFAibOLHajdweLm+rIIpS6HjktlDnaosS19dnxSaUeHbtoIJDVkhUhOOYKhcV2nD47gTjWYBahIP8+ff7cHRkPIqOfDALIANlX5TFMCSapU0iDj6dI2pIg33BZeFsCR+mVC9xHw4Mq05L72+6DgpgjI6aYF/OgLQ4Altm10VZQCIWhgBHnCrt+K8DMiEiJRN3LHV3KBUyH8dJmQg/QElbBWo0MvCcSWYNWHzKx7T6qhbGGolZCOQc/q/5ivy8IiIQdBktp4gEjxS2ni3LpBRbXE9c6MF9Vhc//l7aNg1qZ2iNOm4E3Qie2Xq0eeeLtt2i6o7mGeeYVhY8LKYH4Gg1Bi8R3LsEH7IT6g4oKycctZE93t7O/LKVGivxv3cY0lb2YN2WIwHh3yxQdZF+/PSesxNzG8GWuhVmO2klVO8SF1vwdeYq/S6HrvtvGKeIT2bJ1oQJohYE2+Dcqf47qiedLFdhOLpq0IucS2XsDoAUBQxnen0uYEjM6VpAsONqbr0HLJBHRJ0hHZ/D/SPTcahKiZ/KkTYBEDVPlEIuO2ADMEA759pVMri440aXznnp9ARm9CluilQYaMQxeycCtVwtluLNE7G1/4hpYkwixnfM90B9dtN6ZpclZnJeqEo6/q8lpxdzLCmznNr0ef2jVDsWEIFme0fJ90pKb64rsbdBsnpMdjEVdrbVd8/mWZ5CLqEO3uDZhl+h2ZLuySpDNW3OdjnVtHvVSuskZSjDS++C3rK4vlf2nIduLGpqWBzLVxlToHq0Z8P7p9XnK7pnYE6Md0nexEnWN7i1rp/A3SdzP3bbPHt6rNqL3kDo10vb9MTpAS8SQOrVkPJNEvKSKd7fnRL7elRuqPSvgVDbNgMQf9CYvxOrB68y1lctKdC8CGUF4WewoN8SHktUJxbJYuotA++BQppIajh6+TN5I4mdOSJjMCBujYjlJVs9khZMTFCk/L8qGI9pZirNXWXfhaMnnqW7ed7ewdQ6MG+EgMoY40FvtbM+I4q5XHW5SDxoErPqzfYNA4hmrKtP28yByiaDdlzjIQFtX9KqX/dM81O3mZdA28pBbGXG4D06e70o7r3Q6IxjMgqe9fqDxnmrqkqhvJ/HTMERhpJ5VM1mAXD7WYv9H/eX6voGJLFMpZmKgina+TH/0RartYpEmd++B3rp5IAqVxylEJDtzpRP/jVoUQZ/pFA6WNidele0NQKIG5+n703ntOqfvvMlj6vlDXXBG6Unj4STA+4YzvYAoL+kdM9Bx7tVP5xhd3Xvte8H/AFBLBwjp04ybgAQAAFgQAABQSwECFAAUAAgICAAahr1K6dOMm4AEAABYEAAABwAAAAAAAAAAAAAAAAAAAAAAdXNlci5qc1BLBQYAAAAAAQABADUAAAC1BAAAAAA=}, appBuildId=20161208153507, version=, platform=XP, proxy={}, command_id=1, specificationLevel=0, acceptSslCerts=false, processId=6816, browserVersion=50.1.0, platformVersion=10.0, XULappId={ec8030f7-c20a-464f-9b0e-13a3a9e97384}, browserName=firefox, takesScreenshot=true, takesElementScreenshot=true, platformName=windows_nt}]
Session ID: 99a12ec5-1dc1-4778-8121-ebed5af84a91" type="org.openqa.selenium.WebDriverException">org.openqa.selenium.WebDriverException: Failed to decode response from marionette
Build info: version: &apos;3.0.1&apos;, revision: &apos;1969d75&apos;, time: &apos;2016-10-18 09:49:13 -0700&apos;
System info: host: &apos;LAPTOP-KFKBTHVD&apos;, ip: &apos;192.168.0.23&apos;, os.name: &apos;Windows 10&apos;, os.arch: &apos;amd64&apos;, os.version: &apos;10.0&apos;, java.version: &apos;1.8.0_111&apos;
Driver info: org.openqa.selenium.firefox.FirefoxDriver
Capabilities [{rotatable=false, raisesAccessibilityExceptions=false, marionette=true, firefoxOptions={args=[], profile=UEsDBBQACAgIABqGvUoAAAAAAAAAAAAAAAAHAAAAdXNlci5qc9VXS2/jNhC+91cUPrVATCeb7mV7cpMsUCBoinWD7I2gqZHFmCJZDunHv+9QsuKHZMneW0+mqeFj5vvmm2FE8Nx5yH8Zzb1d0z+GIodqrMyClUKvhQcGRsw1ZKObn3OhEX79/ae4X5mJQDbO+pCWFCB0KOr/jIxWSg6sb04uQDvwU+eQpWO3OMUly62XcPE6Aysa0TIUK/jHPipc0tpRgE2YSFzdCOe0kiIoayabcYmwkaCPZtszm3F7bmUyVuLugyrFAibOLHajdweLm+rIIpS6HjktlDnaosS19dnxSaUeHbtoIJDVkhUhOOYKhcV2nD47gTjWYBahIP8+ff7cHRkPIqOfDALIANlX5TFMCSapU0iDj6dI2pIg33BZeFsCR+mVC9xHw4Mq05L72+6DgpgjI6aYF/OgLQ4Altm10VZQCIWhgBHnCrt+K8DMiEiJRN3LHV3KBUyH8dJmQg/QElbBWo0MvCcSWYNWHzKx7T6qhbGGolZCOQc/q/5ivy8IiIQdBktp4gEjxS2ni3LpBRbXE9c6MF9Vhc//l7aNg1qZ2iNOm4E3Qie2Xq0eeeLtt2i6o7mGeeYVhY8LKYH4Gg1Bi8R3LsEH7IT6g4oKycctZE93t7O/LKVGivxv3cY0lb2YN2WIwHh3yxQdZF+/PSesxNzG8GWuhVmO2klVO8SF1vwdeYq/S6HrvtvGKeIT2bJ1oQJohYE2+Dcqf47qiedLFdhOLpq0IucS2XsDoAUBQxnen0uYEjM6VpAsONqbr0HLJBHRJ0hHZ/D/SPTcahKiZ/KkTYBEDVPlEIuO2ADMEA759pVMri440aXznnp9ARm9CluilQYaMQxeycCtVwtluLNE7G1/4hpYkwixnfM90B9dtN6ZpclZnJeqEo6/q8lpxdzLCmznNr0ef2jVDsWEIFme0fJ90pKb64rsbdBsnpMdjEVdrbVd8/mWZ5CLqEO3uDZhl+h2ZLuySpDNW3OdjnVtHvVSuskZSjDS++C3rK4vlf2nIduLGpqWBzLVxlToHq0Z8P7p9XnK7pnYE6Md0nexEnWN7i1rp/A3SdzP3bbPHt6rNqL3kDo10vb9MTpAS8SQOrVkPJNEvKSKd7fnRL7elRuqPSvgVDbNgMQf9CYvxOrB68y1lctKdC8CGUF4WewoN8SHktUJxbJYuotA++BQppIajh6+TN5I4mdOSJjMCBujYjlJVs9khZMTFCk/L8qGI9pZirNXWXfhaMnnqW7ed7ewdQ6MG+EgMoY40FvtbM+I4q5XHW5SDxoErPqzfYNA4hmrKtP28yByiaDdlzjIQFtX9KqX/dM81O3mZdA28pBbGXG4D06e70o7r3Q6IxjMgqe9fqDxnmrqkqhvJ/HTMERhpJ5VM1mAXD7WYv9H/eX6voGJLFMpZmKgina+TH/0RartYpEmd++B3rp5IAqVxylEJDtzpRP/jVoUQZ/pFA6WNidele0NQKIG5+n703ntOqfvvMlj6vlDXXBG6Unj4STA+4YzvYAoL+kdM9Bx7tVP5xhd3Xvte8H/AFBLBwjp04ybgAQAAFgQAABQSwECFAAUAAgICAAahr1K6dOMm4AEAABYEAAABwAAAAAAAAAAAAAAAAAAAAAAdXNlci5qc1BLBQYAAAAAAQABADUAAAC1BAAAAAA=}, appBuildId=20161208153507, version=, platform=XP, proxy={}, command_id=1, specificationLevel=0, acceptSslCerts=false, processId=6816, browserVersion=50.1.0, platformVersion=10.0, XULappId={ec8030f7-c20a-464f-9b0e-13a3a9e97384}, browserName=firefox, takesScreenshot=true, takesElementScreenshot=true, platformName=windows_nt}]
Session ID: 99a12ec5-1dc1-4778-8121-ebed5af84a91
	at sun.reflect.NativeConstructorAccessorImpl.newInstance0(Native Method)
	at sun.reflect.NativeConstructorAccessorImpl.newInstance(NativeConstructorAccessorImpl.java:62)
	at sun.reflect.DelegatingConstructorAccessorImpl.newInstance(DelegatingConstructorAccessorImpl.java:45)
	at java.lang.reflect.Constructor.newInstance(Constructor.java:423)
	at org.openqa.selenium.remote.http.W3CHttpResponseCodec.createException(W3CHttpResponseCodec.java:127)
	at org.openqa.selenium.remote.http.W3CHttpResponseCodec.decode(W3CHttpResponseCodec.java:93)
	at org.openqa.selenium.remote.http.W3CHttpResponseCodec.decode(W3CHttpResponseCodec.java:42)
	at org.openqa.selenium.remote.HttpCommandExecutor.execute(HttpCommandExecutor.java:163)
	at org.openqa.selenium.remote.service.DriverCommandExecutor.execute(DriverCommandExecutor.java:82)
	at org.openqa.selenium.remote.RemoteWebDriver.execute(RemoteWebDriver.java:601)
	at org.openqa.selenium.remote.RemoteWebDriver.get(RemoteWebDriver.java:322)
	at sun.reflect.NativeMethodAccessorImpl.invoke0(Native Method)
	at sun.reflect.NativeMethodAccessorImpl.invoke(NativeMethodAccessorImpl.java:62)
	at sun.reflect.DelegatingMethodAccessorImpl.invoke(DelegatingMethodAccessorImpl.java:43)
	at java.lang.reflect.Method.invoke(Method.java:498)
	at org.openqa.selenium.support.events.EventFiringWebDriver$2.invoke(EventFiringWebDriver.java:103)
	at com.sun.proxy.$Proxy10.get(Unknown Source)
	at org.openqa.selenium.support.events.EventFiringWebDriver.get(EventFiringWebDriver.java:162)
	at tests.Practice_Automation_ToolsQA_Test.automationPractice(Practice_Automation_ToolsQA_Test.java:59)
</failure>
    <system-err>1496090931568	geckodriver	INFO	Listening on 127.0.0.1:17755
May 29, 2017 4:48:52 PM org.openqa.selenium.remote.ProtocolHandshake createSession
INFO: Attempting bi-dialect session, assuming Postel&apos;s Law holds true on the remote end
1496090932055	mozprofile::profile	INFO	Using profile path C:\Users\Raja\AppData\Local\Temp\rust_mozprofile.bmDy346whtl3
1496090932070	geckodriver::marionette	INFO	Starting browser C:\Program Files\Mozilla Firefox\firefox.exe
1496090932079	geckodriver::marionette	INFO	Connecting to Marionette on localhost:57892
1496090932262	addons.manager	DEBUG	Application has been upgraded
1496090932318	addons.manager	DEBUG	Loaded provider scope for resource://gre/modules/addons/XPIProvider.jsm: [&quot;XPIProvider&quot;]
1496090932322	addons.manager	DEBUG	Loaded provider scope for resource://gre/modules/LightweightThemeManager.jsm: [&quot;LightweightThemeManager&quot;]
1496090932331	addons.manager	DEBUG	Loaded provider scope for resource://gre/modules/addons/GMPProvider.jsm
1496090932333	addons.manager	DEBUG	Loaded provider scope for resource://gre/modules/addons/PluginProvider.jsm
1496090932334	addons.manager	DEBUG	Starting provider: XPIProvider
1496090932335	addons.xpi	DEBUG	startup
1496090932336	addons.xpi	INFO	SystemAddonInstallLocation directory is missing
1496090932338	addons.xpi	INFO	Mapping aushelper@mozilla.org to C:\Program Files\Mozilla Firefox\browser\features\aushelper@mozilla.org.xpi
1496090932338	addons.xpi	INFO	Mapping e10srollout@mozilla.org to C:\Program Files\Mozilla Firefox\browser\features\e10srollout@mozilla.org.xpi
1496090932339	addons.xpi	INFO	Mapping firefox@getpocket.com to C:\Program Files\Mozilla Firefox\browser\features\firefox@getpocket.com.xpi
1496090932340	addons.xpi	INFO	Mapping webcompat@mozilla.org to C:\Program Files\Mozilla Firefox\browser\features\webcompat@mozilla.org.xpi
1496090932341	addons.xpi	INFO	Mapping {972ce4c6-7e08-4474-a285-3208198ce6fd} to C:\Program Files\Mozilla Firefox\browser\extensions\{972ce4c6-7e08-4474-a285-3208198ce6fd}.xpi
1496090932343	addons.xpi	DEBUG	checkForChanges
1496090932343	addons.xpi	DEBUG	Loaded add-on state from prefs: {}
1496090932344	addons.xpi	DEBUG	New add-on aushelper@mozilla.org in app-system-defaults
1496090932345	addons.xpi	DEBUG	getModTime: Recursive scan of aushelper@mozilla.org
1496090932346	addons.xpi	DEBUG	New add-on e10srollout@mozilla.org in app-system-defaults
1496090932346	addons.xpi	DEBUG	getModTime: Recursive scan of e10srollout@mozilla.org
1496090932347	addons.xpi	DEBUG	New add-on firefox@getpocket.com in app-system-defaults
1496090932348	addons.xpi	DEBUG	getModTime: Recursive scan of firefox@getpocket.com
1496090932349	addons.xpi	DEBUG	New add-on webcompat@mozilla.org in app-system-defaults
1496090932349	addons.xpi	DEBUG	getModTime: Recursive scan of webcompat@mozilla.org
1496090932350	addons.xpi	DEBUG	New add-on {972ce4c6-7e08-4474-a285-3208198ce6fd} in app-global
1496090932350	addons.xpi	DEBUG	getModTime: Recursive scan of {972ce4c6-7e08-4474-a285-3208198ce6fd}
1496090932351	addons.xpi	DEBUG	getInstallState changed: true, state: {&quot;app-system-defaults&quot;:{&quot;aushelper@mozilla.org&quot;:{&quot;d&quot;:&quot;C:\\Program Files\\Mozilla Firefox\\browser\\features\\aushelper@mozilla.org.xpi&quot;,&quot;st&quot;:1481246673000},&quot;e10srollout@mozilla.org&quot;:{&quot;d&quot;:&quot;C:\\Program Files\\Mozilla Firefox\\browser\\features\\e10srollout@mozilla.org.xpi&quot;,&quot;st&quot;:1481246673000},&quot;firefox@getpocket.com&quot;:{&quot;d&quot;:&quot;C:\\Program Files\\Mozilla Firefox\\browser\\features\\firefox@getpocket.com.xpi&quot;,&quot;st&quot;:1481246674000},&quot;webcompat@mozilla.org&quot;:{&quot;d&quot;:&quot;C:\\Program Files\\Mozilla Firefox\\browser\\features\\webcompat@mozilla.org.xpi&quot;,&quot;st&quot;:1481246673000}},&quot;app-global&quot;:{&quot;{972ce4c6-7e08-4474-a285-3208198ce6fd}&quot;:{&quot;d&quot;:&quot;C:\\Program Files\\Mozilla Firefox\\browser\\extensions\\{972ce4c6-7e08-4474-a285-3208198ce6fd}.xpi&quot;,&quot;st&quot;:1481246673000}}}
1496090932362	addons.xpi-utils	DEBUG	Opening XPI database C:\Users\Raja\AppData\Local\Temp\rust_mozprofile.bmDy346whtl3\extensions.json
1496090932364	addons.xpi-utils	DEBUG	New add-on aushelper@mozilla.org installed in app-system-defaults
*** Blocklist::_loadBlocklistFromFile: blocklist is disabled
1496090932373	DeferredSave.extensions.json	DEBUG	Save changes
1496090932374	addons.xpi-utils	DEBUG	New add-on e10srollout@mozilla.org installed in app-system-defaults
1496090932378	DeferredSave.extensions.json	DEBUG	Starting timer
1496090932380	DeferredSave.extensions.json	DEBUG	Save changes
1496090932380	addons.xpi-utils	DEBUG	New add-on firefox@getpocket.com installed in app-system-defaults
1496090932387	DeferredSave.extensions.json	DEBUG	Save changes
1496090932387	addons.xpi-utils	DEBUG	New add-on webcompat@mozilla.org installed in app-system-defaults
1496090932393	DeferredSave.extensions.json	DEBUG	Save changes
1496090932394	addons.xpi-utils	DEBUG	New add-on {972ce4c6-7e08-4474-a285-3208198ce6fd} installed in app-global
1496090932398	DeferredSave.extensions.json	DEBUG	Save changes
1496090932398	addons.manager	DEBUG	Registering startup change &apos;installed&apos; for aushelper@mozilla.org
1496090932405	addons.xpi	DEBUG	Loading bootstrap scope from C:\Program Files\Mozilla Firefox\browser\features\aushelper@mozilla.org.xpi
1496090932413	addons.xpi	DEBUG	Calling bootstrap method install on aushelper@mozilla.org version 1.0
1496090932413	addons.xpi-utils	DEBUG	Make addon app-system-defaults:aushelper@mozilla.org visible
1496090932414	DeferredSave.extensions.json	DEBUG	Save changes
1496090932415	addons.manager	DEBUG	Registering startup change &apos;installed&apos; for e10srollout@mozilla.org
1496090932415	addons.xpi	DEBUG	Loading bootstrap scope from C:\Program Files\Mozilla Firefox\browser\features\e10srollout@mozilla.org.xpi
1496090932427	addons.xpi	DEBUG	Calling bootstrap method install on e10srollout@mozilla.org version 1.5
1496090932429	addons.xpi-utils	DEBUG	Make addon app-system-defaults:e10srollout@mozilla.org visible
1496090932430	DeferredSave.extensions.json	DEBUG	Save changes
1496090932430	addons.manager	DEBUG	Registering startup change &apos;installed&apos; for firefox@getpocket.com
1496090932431	addons.xpi	DEBUG	Loading bootstrap scope from C:\Program Files\Mozilla Firefox\browser\features\firefox@getpocket.com.xpi
1496090932436	addons.xpi	DEBUG	Calling bootstrap method install on firefox@getpocket.com version 1.0.5
1496090932436	addons.xpi-utils	DEBUG	Make addon app-system-defaults:firefox@getpocket.com visible
1496090932437	DeferredSave.extensions.json	DEBUG	Save changes
1496090932437	addons.manager	DEBUG	Registering startup change &apos;installed&apos; for webcompat@mozilla.org
1496090932438	addons.xpi	DEBUG	Loading bootstrap scope from C:\Program Files\Mozilla Firefox\browser\features\webcompat@mozilla.org.xpi
1496090932441	addons.xpi	DEBUG	Calling bootstrap method install on webcompat@mozilla.org version 1.0
1496090932441	addons.xpi-utils	DEBUG	Make addon app-system-defaults:webcompat@mozilla.org visible
1496090932443	DeferredSave.extensions.json	DEBUG	Save changes
1496090932444	addons.xpi-utils	DEBUG	Make addon app-global:{972ce4c6-7e08-4474-a285-3208198ce6fd} visible
1496090932444	DeferredSave.extensions.json	DEBUG	Save changes
1496090932445	addons.xpi	DEBUG	Updating XPIState for {&quot;id&quot;:&quot;aushelper@mozilla.org&quot;,&quot;syncGUID&quot;:&quot;{496c1c9d-9f03-4d9e-84e7-b4321b530caa}&quot;,&quot;location&quot;:&quot;app-system-defaults&quot;,&quot;version&quot;:&quot;1.0&quot;,&quot;type&quot;:&quot;extension&quot;,&quot;internalName&quot;:null,&quot;updateURL&quot;:null,&quot;updateKey&quot;:null,&quot;optionsURL&quot;:null,&quot;optionsType&quot;:null,&quot;aboutURL&quot;:null,&quot;icons&quot;:{},&quot;iconURL&quot;:null,&quot;icon64URL&quot;:null,&quot;defaultLocale&quot;:{&quot;name&quot;:&quot;Application Update Service Helper&quot;,&quot;description&quot;:&quot;Sets value(s) in the update url based on custom checks.&quot;,&quot;creator&quot;:null,&quot;homepageURL&quot;:null},&quot;visible&quot;:true,&quot;active&quot;:true,&quot;userDisabled&quot;:false,&quot;appDisabled&quot;:false,&quot;descriptor&quot;:&quot;C:\\Program Files\\Mozilla Firefox\\browser\\features\\aushelper@mozilla.org.xpi&quot;,&quot;installDate&quot;:1481246673000,&quot;updateDate&quot;:1481246673000,&quot;applyBackgroundUpdates&quot;:1,&quot;bootstrap&quot;:true,&quot;skinnable&quot;:false,&quot;size&quot;:5975,&quot;sourceURI&quot;:null,&quot;releaseNotesURI&quot;:null,&quot;softDisabled&quot;:false,&quot;foreignInstall&quot;:false,&quot;hasBinaryComponents&quot;:false,&quot;strictCompatibility&quot;:false,&quot;locales&quot;:[],&quot;targetApplications&quot;:[{&quot;id&quot;:&quot;{ec8030f7-c20a-464f-9b0e-13a3a9e97384}&quot;,&quot;minVersion&quot;:&quot;50.1.0&quot;,&quot;maxVersion&quot;:&quot;50.*&quot;}],&quot;targetPlatforms&quot;:[],&quot;multiprocessCompatible&quot;:true,&quot;seen&quot;:true}
1496090932445	addons.xpi	DEBUG	getModTime: Recursive scan of aushelper@mozilla.org
1496090932447	addons.xpi	DEBUG	Updating XPIState for {&quot;id&quot;:&quot;e10srollout@mozilla.org&quot;,&quot;syncGUID&quot;:&quot;{4af930a5-cf5f-40c8-8854-49b92e631278}&quot;,&quot;location&quot;:&quot;app-system-defaults&quot;,&quot;version&quot;:&quot;1.5&quot;,&quot;type&quot;:&quot;extension&quot;,&quot;internalName&quot;:null,&quot;updateURL&quot;:null,&quot;updateKey&quot;:null,&quot;optionsURL&quot;:null,&quot;optionsType&quot;:null,&quot;aboutURL&quot;:null,&quot;icons&quot;:{},&quot;iconURL&quot;:null,&quot;icon64URL&quot;:null,&quot;defaultLocale&quot;:{&quot;name&quot;:&quot;Multi-process staged rollout&quot;,&quot;description&quot;:&quot;Staged rollout of Firefox multi-process feature.&quot;,&quot;creator&quot;:null,&quot;homepageURL&quot;:null},&quot;visible&quot;:true,&quot;active&quot;:true,&quot;userDisabled&quot;:false,&quot;appDisabled&quot;:false,&quot;descriptor&quot;:&quot;C:\\Program Files\\Mozilla Firefox\\browser\\features\\e10srollout@mozilla.org.xpi&quot;,&quot;installDate&quot;:1481246673000,&quot;updateDate&quot;:1481246673000,&quot;applyBackgroundUpdates&quot;:1,&quot;bootstrap&quot;:true,&quot;skinnable&quot;:false,&quot;size&quot;:7210,&quot;sourceURI&quot;:null,&quot;releaseNotesURI&quot;:null,&quot;softDisabled&quot;:false,&quot;foreignInstall&quot;:false,&quot;hasBinaryComponents&quot;:false,&quot;strictCompatibility&quot;:false,&quot;locales&quot;:[],&quot;targetApplications&quot;:[{&quot;id&quot;:&quot;{ec8030f7-c20a-464f-9b0e-13a3a9e97384}&quot;,&quot;minVersion&quot;:&quot;50.1.0&quot;,&quot;maxVersion&quot;:&quot;50.*&quot;}],&quot;targetPlatforms&quot;:[],&quot;multiprocessCompatible&quot;:false,&quot;seen&quot;:true}
1496090932447	addons.xpi	DEBUG	getModTime: Recursive scan of e10srollout@mozilla.org
1496090932449	addons.xpi	DEBUG	Updating XPIState for {&quot;id&quot;:&quot;firefox@getpocket.com&quot;,&quot;syncGUID&quot;:&quot;{74f31e1c-4150-4b5d-af58-0371e4b695f5}&quot;,&quot;location&quot;:&quot;app-system-defaults&quot;,&quot;version&quot;:&quot;1.0.5&quot;,&quot;type&quot;:&quot;extension&quot;,&quot;internalName&quot;:null,&quot;updateURL&quot;:null,&quot;updateKey&quot;:null,&quot;optionsURL&quot;:null,&quot;optionsType&quot;:null,&quot;aboutURL&quot;:null,&quot;icons&quot;:{},&quot;iconURL&quot;:null,&quot;icon64URL&quot;:null,&quot;defaultLocale&quot;:{&quot;name&quot;:&quot;Pocket&quot;,&quot;description&quot;:&quot;When you find something you want to view later, put it in Pocket.&quot;,&quot;creator&quot;:null,&quot;homepageURL&quot;:null},&quot;visible&quot;:true,&quot;active&quot;:true,&quot;userDisabled&quot;:false,&quot;appDisabled&quot;:false,&quot;descriptor&quot;:&quot;C:\\Program Files\\Mozilla Firefox\\browser\\features\\firefox@getpocket.com.xpi&quot;,&quot;installDate&quot;:1481246674000,&quot;updateDate&quot;:1481246674000,&quot;applyBackgroundUpdates&quot;:1,&quot;bootstrap&quot;:true,&quot;skinnable&quot;:false,&quot;size&quot;:917398,&quot;sourceURI&quot;:null,&quot;releaseNotesURI&quot;:null,&quot;softDisabled&quot;:false,&quot;foreignInstall&quot;:false,&quot;hasBinaryComponents&quot;:false,&quot;strictCompatibility&quot;:false,&quot;locales&quot;:[],&quot;targetApplications&quot;:[{&quot;id&quot;:&quot;{ec8030f7-c20a-464f-9b0e-13a3a9e97384}&quot;,&quot;minVersion&quot;:&quot;50.1.0&quot;,&quot;maxVersion&quot;:&quot;50.*&quot;}],&quot;targetPlatforms&quot;:[],&quot;multiprocessCompatible&quot;:false,&quot;seen&quot;:true}
1496090932450	addons.xpi	DEBUG	getModTime: Recursive scan of firefox@getpocket.com
1496090932452	addons.xpi	DEBUG	Updating XPIState for {&quot;id&quot;:&quot;webcompat@mozilla.org&quot;,&quot;syncGUID&quot;:&quot;{8e01d478-ad65-497e-b4e1-e07b2038a2e7}&quot;,&quot;location&quot;:&quot;app-system-defaults&quot;,&quot;version&quot;:&quot;1.0&quot;,&quot;type&quot;:&quot;extension&quot;,&quot;internalName&quot;:null,&quot;updateURL&quot;:null,&quot;updateKey&quot;:null,&quot;optionsURL&quot;:null,&quot;optionsType&quot;:null,&quot;aboutURL&quot;:null,&quot;icons&quot;:{},&quot;iconURL&quot;:null,&quot;icon64URL&quot;:null,&quot;defaultLocale&quot;:{&quot;name&quot;:&quot;Web Compat&quot;,&quot;description&quot;:&quot;Urgent post-release fixes for web compatibility.&quot;,&quot;creator&quot;:null,&quot;homepageURL&quot;:null},&quot;visible&quot;:true,&quot;active&quot;:true,&quot;userDisabled&quot;:false,&quot;appDisabled&quot;:false,&quot;descriptor&quot;:&quot;C:\\Program Files\\Mozilla Firefox\\browser\\features\\webcompat@mozilla.org.xpi&quot;,&quot;installDate&quot;:1481246673000,&quot;updateDate&quot;:1481246673000,&quot;applyBackgroundUpdates&quot;:1,&quot;bootstrap&quot;:true,&quot;skinnable&quot;:false,&quot;size&quot;:1502,&quot;sourceURI&quot;:null,&quot;releaseNotesURI&quot;:null,&quot;softDisabled&quot;:false,&quot;foreignInstall&quot;:false,&quot;hasBinaryComponents&quot;:false,&quot;strictCompatibility&quot;:false,&quot;locales&quot;:[],&quot;targetApplications&quot;:[{&quot;id&quot;:&quot;{ec8030f7-c20a-464f-9b0e-13a3a9e97384}&quot;,&quot;minVersion&quot;:&quot;50.1.0&quot;,&quot;maxVersion&quot;:&quot;50.*&quot;}],&quot;targetPlatforms&quot;:[],&quot;multiprocessCompatible&quot;:false,&quot;seen&quot;:true}
1496090932452	addons.xpi	DEBUG	getModTime: Recursive scan of webcompat@mozilla.org
1496090932453	addons.xpi	DEBUG	Updating XPIState for {&quot;id&quot;:&quot;{972ce4c6-7e08-4474-a285-3208198ce6fd}&quot;,&quot;syncGUID&quot;:&quot;{6dc8d8df-f801-4c99-b417-e53bde734263}&quot;,&quot;location&quot;:&quot;app-global&quot;,&quot;version&quot;:&quot;50.1.0&quot;,&quot;type&quot;:&quot;theme&quot;,&quot;internalName&quot;:&quot;classic/1.0&quot;,&quot;updateURL&quot;:null,&quot;updateKey&quot;:null,&quot;optionsURL&quot;:null,&quot;optionsType&quot;:null,&quot;aboutURL&quot;:null,&quot;icons&quot;:{&quot;32&quot;:&quot;icon.png&quot;,&quot;48&quot;:&quot;icon.png&quot;},&quot;iconURL&quot;:null,&quot;icon64URL&quot;:null,&quot;defaultLocale&quot;:{&quot;name&quot;:&quot;Default&quot;,&quot;description&quot;:&quot;The default theme.&quot;,&quot;creator&quot;:&quot;Mozilla&quot;,&quot;homepageURL&quot;:null,&quot;contributors&quot;:[&quot;Mozilla Contributors&quot;]},&quot;visible&quot;:true,&quot;active&quot;:true,&quot;userDisabled&quot;:false,&quot;appDisabled&quot;:false,&quot;descriptor&quot;:&quot;C:\\Program Files\\Mozilla Firefox\\browser\\extensions\\{972ce4c6-7e08-4474-a285-3208198ce6fd}.xpi&quot;,&quot;installDate&quot;:1481246673000,&quot;updateDate&quot;:1481246673000,&quot;applyBackgroundUpdates&quot;:1,&quot;skinnable&quot;:true,&quot;size&quot;:21152,&quot;sourceURI&quot;:null,&quot;releaseNotesURI&quot;:null,&quot;softDisabled&quot;:false,&quot;foreignInstall&quot;:false,&quot;hasBinaryComponents&quot;:false,&quot;strictCompatibility&quot;:true,&quot;locales&quot;:[],&quot;targetApplications&quot;:[{&quot;id&quot;:&quot;{ec8030f7-c20a-464f-9b0e-13a3a9e97384}&quot;,&quot;minVersion&quot;:&quot;50.1.0&quot;,&quot;maxVersion&quot;:&quot;50.1.0&quot;}],&quot;targetPlatforms&quot;:[],&quot;seen&quot;:true}
1496090932453	addons.xpi	DEBUG	getModTime: Recursive scan of {972ce4c6-7e08-4474-a285-3208198ce6fd}
1496090932457	DeferredSave.extensions.json	DEBUG	Save changes
1496090932457	addons.xpi	DEBUG	Updating database with changes to installed add-ons
1496090932457	addons.xpi-utils	DEBUG	Updating add-on states
1496090932461	addons.xpi-utils	DEBUG	Writing add-ons list
1496090932467	addons.xpi	DEBUG	Registering manifest for C:\Program Files\Mozilla Firefox\browser\features\aushelper@mozilla.org.xpi
1496090932468	addons.xpi	DEBUG	Calling bootstrap method startup on aushelper@mozilla.org version 1.0
1496090932470	addons.xpi	DEBUG	Registering manifest for C:\Program Files\Mozilla Firefox\browser\features\e10srollout@mozilla.org.xpi
1496090932470	addons.xpi	DEBUG	Calling bootstrap method startup on e10srollout@mozilla.org version 1.5
1496090932471	addons.xpi	DEBUG	Registering manifest for C:\Program Files\Mozilla Firefox\browser\features\firefox@getpocket.com.xpi
1496090932472	addons.xpi	DEBUG	Calling bootstrap method startup on firefox@getpocket.com version 1.0.5
1496090932475	addons.xpi	DEBUG	Registering manifest for C:\Program Files\Mozilla Firefox\browser\features\webcompat@mozilla.org.xpi
1496090932478	addons.xpi	DEBUG	Calling bootstrap method startup on webcompat@mozilla.org version 1.0
1496090932481	addons.manager	DEBUG	Registering shutdown blocker for XPIProvider
1496090932481	addons.manager	DEBUG	Provider finished startup: XPIProvider
1496090932481	addons.manager	DEBUG	Starting provider: LightweightThemeManager
1496090932482	addons.manager	DEBUG	Registering shutdown blocker for LightweightThemeManager
1496090932482	addons.manager	DEBUG	Provider finished startup: LightweightThemeManager
1496090932483	addons.manager	DEBUG	Starting provider: GMPProvider
1496090932491	addons.manager	DEBUG	Registering shutdown blocker for GMPProvider
1496090932492	addons.manager	DEBUG	Provider finished startup: GMPProvider
1496090932493	addons.manager	DEBUG	Starting provider: PluginProvider
1496090932494	addons.manager	DEBUG	Registering shutdown blocker for PluginProvider
1496090932494	addons.manager	DEBUG	Provider finished startup: PluginProvider
1496090932495	addons.manager	DEBUG	Completed startup sequence
[GFX1]: Potential driver version mismatch ignored due to missing DLLs 0.0.0.0 and 0.0.0.0
1496090932722	Marionette	INFO	Listening on port 57892
1496090932999	addons.manager	DEBUG	Starting provider: &lt;unnamed-provider&gt;
1496090932999	addons.manager	DEBUG	Registering shutdown blocker for &lt;unnamed-provider&gt;
1496090932999	addons.manager	DEBUG	Provider finished startup: &lt;unnamed-provider&gt;
1496090933027	addons.manager	DEBUG	Starting provider: PreviousExperimentProvider
1496090933027	addons.manager	DEBUG	Registering shutdown blocker for PreviousExperimentProvider
1496090933028	addons.manager	DEBUG	Provider finished startup: PreviousExperimentProvider
1496090933031	DeferredSave.extensions.json	DEBUG	Starting write
1496090933210	DeferredSave.extensions.json	DEBUG	Write succeeded
1496090933211	addons.xpi-utils	DEBUG	XPI Database saved, setting schema version preference to 17
[GFX1]: Potential driver version mismatch ignored due to missing DLLs 0.0.0.0 and 0.0.0.0
May 29, 2017 4:48:54 PM org.openqa.selenium.remote.ProtocolHandshake createSession
INFO: Detected dialect: W3C
1496090935053	addons.xpi	DEBUG	Calling bootstrap method shutdown on aushelper@mozilla.org version 1.0
1496090935054	addons.xpi	DEBUG	Calling bootstrap method shutdown on e10srollout@mozilla.org version 1.5
1496090935056	addons.xpi	DEBUG	Calling bootstrap method shutdown on firefox@getpocket.com version 1.0.5
JavaScript error: http://toolsqa.com/wp-includes/js/wp-emoji-release.min.js?ver=4.5.9, line 4: TypeError: Argument 1 of MutationObserver.observe is not an object.
1496090935059	addons.xpi	DEBUG	Calling bootstrap method shutdown on webcompat@mozilla.org version 1.0
</system-err>
  </testcase>
</testsuite>